MSBuild version 18.0.5+e22287bf1 for .NET Framework

  1>Checking Build System
  Building Custom Rule C:/code/telemetry-platform/build_clean/_deps/protobuf-src/third_party/abseil-cpp/absl/base/CMakeLists.txt
  log_severity.cc
  log_severity.vcxproj -> C:\code\telemetry-platform\build_clean\_deps\protobuf-build\third_party\abseil-cpp\absl\base\Release\absl_log_severity.lib
  Building Custom Rule C:/code/telemetry-platform/build_clean/_deps/protobuf-src/third_party/abseil-cpp/absl/base/CMakeLists.txt
  raw_logging.cc
  raw_logging_internal.vcxproj -> C:\code\telemetry-platform\build_clean\_deps\protobuf-build\third_party\abseil-cpp\absl\base\Release\absl_raw_logging_internal.lib
  Building Custom Rule C:/code/telemetry-platform/build_clean/_deps/protobuf-src/third_party/abseil-cpp/absl/types/CMakeLists.txt
  bad_optional_access.cc
  bad_optional_access.vcxproj -> C:\code\telemetry-platform\build_clean\_deps\protobuf-build\third_party\abseil-cpp\absl\types\Release\absl_bad_optional_access.lib
  Building Custom Rule C:/code/telemetry-platform/build_clean/_deps/protobuf-src/third_party/abseil-cpp/absl/types/CMakeLists.txt
  bad_variant_access.cc
  bad_variant_access.vcxproj -> C:\code\telemetry-platform\build_clean\_deps\protobuf-build\third_party\abseil-cpp\absl\types\Release\absl_bad_variant_access.lib
  Building Custom Rule C:/code/telemetry-platform/build_clean/_deps/protobuf-src/third_party/abseil-cpp/absl/base/CMakeLists.txt
  spinlock_wait.cc
  spinlock_wait.vcxproj -> C:\code\telemetry-platform\build_clean\_deps\protobuf-build\third_party\abseil-cpp\absl\base\Release\absl_spinlock_wait.lib
  Building Custom Rule C:/code/telemetry-platform/build_clean/_deps/protobuf-src/third_party/abseil-cpp/absl/base/CMakeLists.txt
  cycleclock.cc
  spinlock.cc
  sysinfo.cc
  thread_identity.cc
  unscaledcycleclock.cc
  Generating Code...
  base.vcxproj -> C:\code\telemetry-platform\build_clean\_deps\protobuf-build\third_party\abseil-cpp\absl\base\Release\absl_base.lib
  Building Custom Rule C:/code/telemetry-platform/build_clean/_deps/protobuf-src/third_party/abseil-cpp/absl/hash/CMakeLists.txt
  city.cc
  city.vcxproj -> C:\code\telemetry-platform\build_clean\_deps\protobuf-build\third_party\abseil-cpp\absl\hash\Release\absl_city.lib
  Building Custom Rule C:/code/telemetry-platform/build_clean/_deps/protobuf-src/third_party/abseil-cpp/absl/time/CMakeLists.txt
  civil_time_detail.cc
  civil_time.vcxproj -> C:\code\telemetry-platform\build_clean\_deps\protobuf-build\third_party\abseil-cpp\absl\time\Release\absl_civil_time.lib
  Building Custom Rule C:/code/telemetry-platform/build_clean/_deps/protobuf-src/third_party/abseil-cpp/absl/crc/CMakeLists.txt
  cpu_detect.cc
  crc_cpu_detect.vcxproj -> C:\code\telemetry-platform\build_clean\_deps\protobuf-build\third_party\abseil-cpp\absl\crc\Release\absl_crc_cpu_detect.lib
  Building Custom Rule C:/code/telemetry-platform/build_clean/_deps/protobuf-src/third_party/abseil-cpp/absl/crc/CMakeLists.txt
  crc.cc
  crc_x86_arm_combined.cc
  Generating Code...
  crc_internal.vcxproj -> C:\code\telemetry-platform\build_clean\_deps\protobuf-build\third_party\abseil-cpp\absl\crc\Release\absl_crc_internal.lib
  Building Custom Rule C:/code/telemetry-platform/build_clean/_deps/protobuf-src/third_party/abseil-cpp/absl/numeric/CMakeLists.txt
  int128.cc
  int128.vcxproj -> C:\code\telemetry-platform\build_clean\_deps\protobuf-build\third_party\abseil-cpp\absl\numeric\Release\absl_int128.lib
  Building Custom Rule C:/code/telemetry-platform/build_clean/_deps/protobuf-src/third_party/abseil-cpp/absl/base/CMakeLists.txt
  throw_delegate.cc
  throw_delegate.vcxproj -> C:\code\telemetry-platform\build_clean\_deps\protobuf-build\third_party\abseil-cpp\absl\base\Release\absl_throw_delegate.lib
  Building Custom Rule C:/code/telemetry-platform/build_clean/_deps/protobuf-src/third_party/abseil-cpp/absl/strings/CMakeLists.txt
  string_view.cc
  string_view.vcxproj -> C:\code\telemetry-platform\build_clean\_deps\protobuf-build\third_party\abseil-cpp\absl\strings\Release\absl_string_view.lib
  Building Custom Rule C:/code/telemetry-platform/build_clean/_deps/protobuf-src/third_party/abseil-cpp/absl/strings/CMakeLists.txt
  ostringstream.cc
  utf8.cc
  escaping.cc
  Generating Code...
  strings_internal.vcxproj -> C:\code\telemetry-platform\build_clean\_deps\protobuf-build\third_party\abseil-cpp\absl\strings\Release\absl_strings_internal.lib
  Building Custom Rule C:/code/telemetry-platform/build_clean/_deps/protobuf-src/third_party/abseil-cpp/absl/strings/CMakeLists.txt
  ascii.cc
  charconv.cc
  escaping.cc
  charconv_bigint.cc
  charconv_parse.cc
  damerau_levenshtein_distance.cc
  memutil.cc
  stringify_sink.cc
  match.cc
  numbers.cc
  str_cat.cc
  str_replace.cc
  str_split.cc
  substitute.cc
  Generating Code...
  strings.vcxproj -> C:\code\telemetry-platform\build_clean\_deps\protobuf-build\third_party\abseil-cpp\absl\strings\Release\absl_strings.lib
  Building Custom Rule C:/code/telemetry-platform/build_clean/_deps/protobuf-src/third_party/abseil-cpp/absl/strings/CMakeLists.txt
  arg.cc
  bind.cc
  extension.cc
  float_conversion.cc
  output.cc
  parser.cc
  Generating Code...
  str_format_internal.vcxproj -> C:\code\telemetry-platform\build_clean\_deps\protobuf-build\third_party\abseil-cpp\absl\strings\Release\absl_str_format_internal.lib
  Building Custom Rule C:/code/telemetry-platform/build_clean/_deps/protobuf-src/third_party/abseil-cpp/absl/crc/CMakeLists.txt
  crc32c.cc
  crc_memcpy_fallback.cc
  crc_memcpy_x86_64.cc
  crc_non_temporal_memcpy.cc
  Generating Code...
  crc32c.vcxproj -> C:\code\telemetry-platform\build_clean\_deps\protobuf-build\third_party\abseil-cpp\absl\crc\Release\absl_crc32c.lib
  Building Custom Rule C:/code/telemetry-platform/build_clean/_deps/protobuf-src/third_party/abseil-cpp/absl/crc/CMakeLists.txt
  crc_cord_state.cc
  crc_cord_state.vcxproj -> C:\code\telemetry-platform\build_clean\_deps\protobuf-build\third_party\abseil-cpp\absl\crc\Release\absl_crc_cord_state.lib
  Building Custom Rule C:/code/telemetry-platform/build_clean/_deps/protobuf-src/third_party/abseil-cpp/absl/strings/CMakeLists.txt
  cord_internal.cc
  cord_rep_btree.cc
  cord_rep_btree_navigator.cc
  cord_rep_btree_reader.cc
  cord_rep_crc.cc
  cord_rep_consume.cc
  cord_rep_ring.cc
  Generating Code...
  cord_internal.vcxproj -> C:\code\telemetry-platform\build_clean\_deps\protobuf-build\third_party\abseil-cpp\absl\strings\Release\absl_cord_internal.lib
  Building Custom Rule C:/code/telemetry-platform/build_clean/_deps/protobuf-src/third_party/abseil-cpp/absl/profiling/CMakeLists.txt
  exponential_biased.cc
  exponential_biased.vcxproj -> C:\code\telemetry-platform\build_clean\_deps\protobuf-build\third_party\abseil-cpp\absl\profiling\Release\absl_exponential_biased.lib
  Building Custom Rule C:/code/telemetry-platform/build_clean/_deps/protobuf-src/third_party/abseil-cpp/absl/strings/CMakeLists.txt
  cordz_functions.cc
  cordz_functions.vcxproj -> C:\code\telemetry-platform\build_clean\_deps\protobuf-build\third_party\abseil-cpp\absl\strings\Release\absl_cordz_functions.lib
  Building Custom Rule C:/code/telemetry-platform/build_clean/_deps/protobuf-src/third_party/abseil-cpp/absl/debugging/CMakeLists.txt
  address_is_readable.cc
  elf_mem_image.cc
  vdso_support.cc
  Generating Code...
  debugging_internal.vcxproj -> C:\code\telemetry-platform\build_clean\_deps\protobuf-build\third_party\abseil-cpp\absl\debugging\Release\absl_debugging_internal.lib
  Building Custom Rule C:/code/telemetry-platform/build_clean/_deps/protobuf-src/third_party/abseil-cpp/absl/debugging/CMakeLists.txt
  demangle.cc
  demangle_internal.vcxproj -> C:\code\telemetry-platform\build_clean\_deps\protobuf-build\third_party\abseil-cpp\absl\debugging\Release\absl_demangle_internal.lib
  Building Custom Rule C:/code/telemetry-platform/build_clean/_deps/protobuf-src/third_party/abseil-cpp/absl/base/CMakeLists.txt
  low_level_alloc.cc
  malloc_internal.vcxproj -> C:\code\telemetry-platform\build_clean\_deps\protobuf-build\third_party\abseil-cpp\absl\base\Release\absl_malloc_internal.lib
  Building Custom Rule C:/code/telemetry-platform/build_clean/_deps/protobuf-src/third_party/abseil-cpp/absl/synchronization/CMakeLists.txt
  graphcycles.cc
  graphcycles_internal.vcxproj -> C:\code\telemetry-platform\build_clean\_deps\protobuf-build\third_party\abseil-cpp\absl\synchronization\Release\absl_graphcycles_internal.lib
  Building Custom Rule C:/code/telemetry-platform/build_clean/_deps/protobuf-src/third_party/abseil-cpp/absl/time/CMakeLists.txt
  time_zone_fixed.cc
  time_zone_format.cc
  time_zone_if.cc
  time_zone_impl.cc
  time_zone_info.cc
  time_zone_libc.cc
  time_zone_lookup.cc
  time_zone_posix.cc
  zone_info_source.cc
  Generating Code...
  time_zone.vcxproj -> C:\code\telemetry-platform\build_clean\_deps\protobuf-build\third_party\abseil-cpp\absl\time\Release\absl_time_zone.lib
  Building Custom Rule C:/code/telemetry-platform/build_clean/_deps/protobuf-src/third_party/abseil-cpp/absl/time/CMakeLists.txt
  civil_time.cc
  clock.cc
  duration.cc
  format.cc
  time.cc
  Generating Code...
  time.vcxproj -> C:\code\telemetry-platform\build_clean\_deps\protobuf-build\third_party\abseil-cpp\absl\time\Release\absl_time.lib
  Building Custom Rule C:/code/telemetry-platform/build_clean/_deps/protobuf-src/third_party/abseil-cpp/absl/synchronization/CMakeLists.txt
  kernel_timeout.cc
  kernel_timeout_internal.vcxproj -> C:\code\telemetry-platform\build_clean\_deps\protobuf-build\third_party\abseil-cpp\absl\synchronization\Release\absl_kernel_timeout_internal.lib
  Building Custom Rule C:/code/telemetry-platform/build_clean/_deps/protobuf-src/third_party/abseil-cpp/absl/debugging/CMakeLists.txt
  stacktrace.cc
  stacktrace.vcxproj -> C:\code\telemetry-platform\build_clean\_deps\protobuf-build\third_party\abseil-cpp\absl\debugging\Release\absl_stacktrace.lib
  Building Custom Rule C:/code/telemetry-platform/build_clean/_deps/protobuf-src/third_party/abseil-cpp/absl/debugging/CMakeLists.txt
  symbolize.cc
  symbolize.vcxproj -> C:\code\telemetry-platform\build_clean\_deps\protobuf-build\third_party\abseil-cpp\absl\debugging\Release\absl_symbolize.lib
  Building Custom Rule C:/code/telemetry-platform/build_clean/_deps/protobuf-src/third_party/abseil-cpp/absl/synchronization/CMakeLists.txt
  barrier.cc
  blocking_counter.cc
  create_thread_identity.cc
  futex_waiter.cc
  per_thread_sem.cc
  pthread_waiter.cc
  sem_waiter.cc
  stdcpp_waiter.cc
  waiter_base.cc
  win32_waiter.cc
  notification.cc
  mutex.cc
  Generating Code...
  synchronization.vcxproj -> C:\code\telemetry-platform\build_clean\_deps\protobuf-build\third_party\abseil-cpp\absl\synchronization\Release\absl_synchronization.lib
  Building Custom Rule C:/code/telemetry-platform/build_clean/_deps/protobuf-src/third_party/abseil-cpp/absl/strings/CMakeLists.txt
  cordz_handle.cc
  cordz_handle.vcxproj -> C:\code\telemetry-platform\build_clean\_deps\protobuf-build\third_party\abseil-cpp\absl\strings\Release\absl_cordz_handle.lib
  Building Custom Rule C:/code/telemetry-platform/build_clean/_deps/protobuf-src/third_party/abseil-cpp/absl/strings/CMakeLists.txt
  cordz_info.cc
  cordz_info.vcxproj -> C:\code\telemetry-platform\build_clean\_deps\protobuf-build\third_party\abseil-cpp\absl\strings\Release\absl_cordz_info.lib
  Building Custom Rule C:/code/telemetry-platform/build_clean/_deps/protobuf-src/third_party/abseil-cpp/absl/strings/CMakeLists.txt
  cord.cc
  cord_analysis.cc
  cord_buffer.cc
  Generating Code...
  cord.vcxproj -> C:\code\telemetry-platform\build_clean\_deps\protobuf-build\third_party\abseil-cpp\absl\strings\Release\absl_cord.lib
  Building Custom Rule C:/code/telemetry-platform/build_clean/_deps/protobuf-src/third_party/abseil-cpp/absl/debugging/CMakeLists.txt
  examine_stack.cc
  examine_stack.vcxproj -> C:\code\telemetry-platform\build_clean\_deps\protobuf-build\third_party\abseil-cpp\absl\debugging\Release\absl_examine_stack.lib
  Building Custom Rule C:/code/telemetry-platform/build_clean/_deps/protobuf-src/third_party/abseil-cpp/absl/hash/CMakeLists.txt
  low_level_hash.cc
  low_level_hash.vcxproj -> C:\code\telemetry-platform\build_clean\_deps\protobuf-build\third_party\abseil-cpp\absl\hash\Release\absl_low_level_hash.lib
  Building Custom Rule C:/code/telemetry-platform/build_clean/_deps/protobuf-src/third_party/abseil-cpp/absl/hash/CMakeLists.txt
  hash.cc
  hash.vcxproj -> C:\code\telemetry-platform\build_clean\_deps\protobuf-build\third_party\abseil-cpp\absl\hash\Release\absl_hash.lib
  Building Custom Rule C:/code/telemetry-platform/build_clean/_deps/protobuf-src/third_party/abseil-cpp/absl/log/CMakeLists.txt
  log_entry.cc
  log_entry.vcxproj -> C:\code\telemetry-platform\build_clean\_deps\protobuf-build\third_party\abseil-cpp\absl\log\Release\absl_log_entry.lib
  Building Custom Rule C:/code/telemetry-platform/build_clean/_deps/protobuf-src/third_party/abseil-cpp/absl/log/CMakeLists.txt
  globals.cc
  log_globals.vcxproj -> C:\code\telemetry-platform\build_clean\_deps\protobuf-build\third_party\abseil-cpp\absl\log\Release\absl_log_globals.lib
  Building Custom Rule C:/code/telemetry-platform/build_clean/_deps/protobuf-src/third_party/abseil-cpp/absl/log/CMakeLists.txt
  conditions.cc
  log_internal_conditions.vcxproj -> C:\code\telemetry-platform\build_clean\_deps\protobuf-build\third_party\abseil-cpp\absl\log\Release\absl_log_internal_conditions.lib
  Building Custom Rule C:/code/telemetry-platform/build_clean/_deps/protobuf-src/third_party/abseil-cpp/absl/log/CMakeLists.txt
  globals.cc
  log_internal_globals.vcxproj -> C:\code\telemetry-platform\build_clean\_deps\protobuf-build\third_party\abseil-cpp\absl\log\Release\absl_log_internal_globals.lib
  Building Custom Rule C:/code/telemetry-platform/build_clean/_deps/protobuf-src/third_party/abseil-cpp/absl/log/CMakeLists.txt
  log_format.cc
  log_internal_format.vcxproj -> C:\code\telemetry-platform\build_clean\_deps\protobuf-build\third_party\abseil-cpp\absl\log\Release\absl_log_internal_format.lib
  Building Custom Rule C:/code/telemetry-platform/build_clean/_deps/protobuf-src/third_party/abseil-cpp/absl/log/CMakeLists.txt
  log_sink.cc
  log_sink.vcxproj -> C:\code\telemetry-platform\build_clean\_deps\protobuf-build\third_party\abseil-cpp\absl\log\Release\absl_log_sink.lib
  Building Custom Rule C:/code/telemetry-platform/build_clean/_deps/protobuf-src/third_party/abseil-cpp/absl/log/CMakeLists.txt
  log_sink_set.cc
  log_internal_log_sink_set.vcxproj -> C:\code\telemetry-platform\build_clean\_deps\protobuf-build\third_party\abseil-cpp\absl\log\Release\absl_log_internal_log_sink_set.lib
  Building Custom Rule C:/code/telemetry-platform/build_clean/_deps/protobuf-src/third_party/abseil-cpp/absl/log/CMakeLists.txt
  nullguard.cc
  log_internal_nullguard.vcxproj -> C:\code\telemetry-platform\build_clean\_deps\protobuf-build\third_party\abseil-cpp\absl\log\Release\absl_log_internal_nullguard.lib
  Building Custom Rule C:/code/telemetry-platform/build_clean/_deps/protobuf-src/third_party/abseil-cpp/absl/log/CMakeLists.txt
  proto.cc
  log_internal_proto.vcxproj -> C:\code\telemetry-platform\build_clean\_deps\protobuf-build\third_party\abseil-cpp\absl\log\Release\absl_log_internal_proto.lib
  Building Custom Rule C:/code/telemetry-platform/build_clean/_deps/protobuf-src/third_party/abseil-cpp/absl/base/CMakeLists.txt
  strerror.cc
  strerror.vcxproj -> C:\code\telemetry-platform\build_clean\_deps\protobuf-build\third_party\abseil-cpp\absl\base\Release\absl_strerror.lib
  Building Custom Rule C:/code/telemetry-platform/build_clean/_deps/protobuf-src/third_party/abseil-cpp/absl/log/CMakeLists.txt
  log_message.cc
  log_internal_message.vcxproj -> C:\code\telemetry-platform\build_clean\_deps\protobuf-build\third_party\abseil-cpp\absl\log\Release\absl_log_internal_message.lib
  Building Custom Rule C:/code/telemetry-platform/build_clean/_deps/protobuf-src/third_party/abseil-cpp/absl/log/CMakeLists.txt
  die_if_null.cc
  die_if_null.vcxproj -> C:\code\telemetry-platform\build_clean\_deps\protobuf-build\third_party\abseil-cpp\absl\log\Release\absl_die_if_null.lib
  Building Custom Rule C:/code/telemetry-platform/build_clean/_deps/protobuf-src/third_party/abseil-cpp/absl/flags/CMakeLists.txt
  commandlineflag.cc
  flags_commandlineflag_internal.vcxproj -> C:\code\telemetry-platform\build_clean\_deps\protobuf-build\third_party\abseil-cpp\absl\flags\Release\absl_flags_commandlineflag_internal.lib
  Building Custom Rule C:/code/telemetry-platform/build_clean/_deps/protobuf-src/third_party/abseil-cpp/absl/flags/CMakeLists.txt
  commandlineflag.cc
  flags_commandlineflag.vcxproj -> C:\code\telemetry-platform\build_clean\_deps\protobuf-build\third_party\abseil-cpp\absl\flags\Release\absl_flags_commandlineflag.lib
  Building Custom Rule C:/code/telemetry-platform/build_clean/_deps/protobuf-src/third_party/abseil-cpp/absl/flags/CMakeLists.txt
  program_name.cc
  flags_program_name.vcxproj -> C:\code\telemetry-platform\build_clean\_deps\protobuf-build\third_party\abseil-cpp\absl\flags\Release\absl_flags_program_name.lib
  Building Custom Rule C:/code/telemetry-platform/build_clean/_deps/protobuf-src/third_party/abseil-cpp/absl/flags/CMakeLists.txt
  usage_config.cc
  flags_config.vcxproj -> C:\code\telemetry-platform\build_clean\_deps\protobuf-build\third_party\abseil-cpp\absl\flags\Release\absl_flags_config.lib
  Building Custom Rule C:/code/telemetry-platform/build_clean/_deps/protobuf-src/third_party/abseil-cpp/absl/flags/CMakeLists.txt
  marshalling.cc
  flags_marshalling.vcxproj -> C:\code\telemetry-platform\build_clean\_deps\protobuf-build\third_party\abseil-cpp\absl\flags\Release\absl_flags_marshalling.lib
  Building Custom Rule C:/code/telemetry-platform/build_clean/_deps/protobuf-src/third_party/abseil-cpp/absl/flags/CMakeLists.txt
  flag.cc
  flags_internal.vcxproj -> C:\code\telemetry-platform\build_clean\_deps\protobuf-build\third_party\abseil-cpp\absl\flags\Release\absl_flags_internal.lib
  Building Custom Rule C:/code/telemetry-platform/build_clean/_deps/protobuf-src/third_party/abseil-cpp/absl/flags/CMakeLists.txt
  private_handle_accessor.cc
  flags_private_handle_accessor.vcxproj -> C:\code\telemetry-platform\build_clean\_deps\protobuf-build\third_party\abseil-cpp\absl\flags\Release\absl_flags_private_handle_accessor.lib
  Building Custom Rule C:/code/telemetry-platform/build_clean/_deps/protobuf-src/third_party/abseil-cpp/absl/container/CMakeLists.txt
  hashtablez_sampler.cc
  hashtablez_sampler_force_weak_definition.cc
  Generating Code...
  hashtablez_sampler.vcxproj -> C:\code\telemetry-platform\build_clean\_deps\protobuf-build\third_party\abseil-cpp\absl\container\Release\absl_hashtablez_sampler.lib
  Building Custom Rule C:/code/telemetry-platform/build_clean/_deps/protobuf-src/third_party/abseil-cpp/absl/container/CMakeLists.txt
  raw_hash_set.cc
  raw_hash_set.vcxproj -> C:\code\telemetry-platform\build_clean\_deps\protobuf-build\third_party\abseil-cpp\absl\container\Release\absl_raw_hash_set.lib
  Building Custom Rule C:/code/telemetry-platform/build_clean/_deps/protobuf-src/third_party/abseil-cpp/absl/flags/CMakeLists.txt
  reflection.cc
  flags_reflection.vcxproj -> C:\code\telemetry-platform\build_clean\_deps\protobuf-build\third_party\abseil-cpp\absl\flags\Release\absl_flags_reflection.lib
  Building Custom Rule C:/code/telemetry-platform/build_clean/_deps/protobuf-src/third_party/abseil-cpp/absl/flags/CMakeLists.txt
  flag.cc
  flags.vcxproj -> C:\code\telemetry-platform\build_clean\_deps\protobuf-build\third_party\abseil-cpp\absl\flags\Release\absl_flags.lib
  Building Custom Rule C:/code/telemetry-platform/build_clean/_deps/protobuf-src/third_party/abseil-cpp/absl/debugging/CMakeLists.txt
  leak_check.cc
  leak_check.vcxproj -> C:\code\telemetry-platform\build_clean\_deps\protobuf-build\third_party\abseil-cpp\absl\debugging\Release\absl_leak_check.lib
  Building Custom Rule C:/code/telemetry-platform/build_clean/_deps/protobuf-src/third_party/abseil-cpp/absl/log/CMakeLists.txt
  initialize.cc
  log_initialize.vcxproj -> C:\code\telemetry-platform\build_clean\_deps\protobuf-build\third_party\abseil-cpp\absl\log\Release\absl_log_initialize.lib
  Building Custom Rule C:/code/telemetry-platform/build_clean/_deps/protobuf-src/third_party/abseil-cpp/absl/log/CMakeLists.txt
  check_op.cc
  log_internal_check_op.vcxproj -> C:\code\telemetry-platform\build_clean\_deps\protobuf-build\third_party\abseil-cpp\absl\log\Release\absl_log_internal_check_op.lib
  Building Custom Rule C:/code/telemetry-platform/build_clean/_deps/protobuf-src/third_party/abseil-cpp/absl/status/CMakeLists.txt
  status.cc
  status_payload_printer.cc
  Generating Code...
  status.vcxproj -> C:\code\telemetry-platform\build_clean\_deps\protobuf-build\third_party\abseil-cpp\absl\status\Release\absl_status.lib
  Building Custom Rule C:/code/telemetry-platform/build_clean/_deps/protobuf-src/third_party/abseil-cpp/absl/status/CMakeLists.txt
  statusor.cc
  statusor.vcxproj -> C:\code\telemetry-platform\build_clean\_deps\protobuf-build\third_party\abseil-cpp\absl\status\Release\absl_statusor.lib
  Building Custom Rule C:/code/telemetry-platform/build_clean/_deps/protobuf-src/third_party/utf8_range/CMakeLists.txt
  utf8_validity.cc
  utf8_validity.vcxproj -> C:\code\telemetry-platform\build_clean\_deps\protobuf-build\third_party\utf8_range\Release\utf8_validity.lib
  Building Custom Rule C:/code/telemetry-platform/build_clean/_deps/protobuf-src/CMakeLists.txt
  any.pb.cc
  api.pb.cc
  duration.pb.cc
  empty.pb.cc
  field_mask.pb.cc
  source_context.pb.cc
  struct.pb.cc
  timestamp.pb.cc
  type.pb.cc
  wrappers.pb.cc
  any.cc
  any_lite.cc
  arena.cc
  arena_align.cc
  arenastring.cc
  arenaz_sampler.cc
  importer.cc
  cpp_features.pb.cc
  descriptor.cc
  descriptor.pb.cc
  descriptor_database.cc
  dynamic_message.cc
  extension_set.cc
  extension_set_heavy.cc
  feature_resolver.cc
  generated_enum_util.cc
  generated_message_bases.cc
  generated_message_reflection.cc
  generated_message_tctable_full.cc
  generated_message_tctable_gen.cc
  generated_message_tctable_lite.cc
  generated_message_util.cc
  implicit_weak_message.cc
  inlined_string_field.cc
  internal_message_util.cc
  coded_stream.cc
  gzip_stream.cc
  io_win32.cc
  printer.cc
  strtod.cc
C:\code\telemetry-platform\build_clean\_deps\protobuf-src\src\google\protobuf\generated_message_tctable_lite.cc(1401,24): warning C4141: 'inline': used more than once [C:\code\telemetry-platform\build_clean\_deps\protobuf-build\libprotobuf.vcxproj]
  tokenizer.cc
C:\code\telemetry-platform\build_clean\_deps\protobuf-src\src\google\protobuf\generated_message_tctable_lite.cc(1418,24): warning C4141: 'inline': used more than once [C:\code\telemetry-platform\build_clean\_deps\protobuf-build\libprotobuf.vcxproj]
C:\code\telemetry-platform\build_clean\_deps\protobuf-src\src\google\protobuf\generated_message_tctable_lite.cc(2550,24): warning C4141: 'inline': used more than once [C:\code\telemetry-platform\build_clean\_deps\protobuf-build\libprotobuf.vcxproj]
  zero_copy_sink.cc
  zero_copy_stream.cc
  zero_copy_stream_impl.cc
  zero_copy_stream_impl_lite.cc
  lexer.cc
  message_path.cc
  unparser.cc
  untyped_message.cc
  writer.cc
  zero_copy_buffered_stream.cc
  json.cc
  map.cc
  map_field.cc
  message.cc
  message_lite.cc
  parse_context.cc
  port.cc
  raw_ptr.cc
  reflection_mode.cc
  reflection_ops.cc
  repeated_field.cc
  repeated_ptr_field.cc
  service.cc
  common.cc
  text_format.cc
  unknown_field_set.cc
  delimited_message_util.cc
  field_comparator.cc
  field_mask_util.cc
  message_differencer.cc
  time_util.cc
  type_resolver_util.cc
  wire_format.cc
  wire_format_lite.cc
C:\code\telemetry-platform\build_clean\_deps\protobuf-src\src\google\protobuf\text_format.cc(906,11): warning C4805: '==': unsafe mix of type 'bool' and type 'uint64_t' in operation [C:\code\telemetry-platform\build_clean\_deps\protobuf-build\libprotobuf.vcxproj]
  parser.cc
  parser.cc
  libprotobuf.vcxproj -> C:\code\telemetry-platform\build_clean\_deps\protobuf-build\Release\libprotobuf.lib
  Building Custom Rule C:/code/telemetry-platform/build_clean/_deps/redis++-src/CMakeLists.txt
  command.cpp
C:\code\telemetry-platform\build_clean\common\hiredis_wrapper\hiredis\sds.h(59,10): warning C4200: nonstandard extension used: zero-sized array in struct/union [C:\code\telemetry-platform\build_clean\_deps\redis++-build\redis++_static.vcxproj]
  (compiling source file '../redis++-src/src/sw/redis++/command.cpp')
      C:\code\telemetry-platform\build_clean\common\hiredis_wrapper\hiredis\sds.h(59,10):
      This member will be ignored by a defaulted constructor or copy/move assignment operator
  
C:\code\telemetry-platform\build_clean\common\hiredis_wrapper\hiredis\sds.h(65,10): warning C4200: nonstandard extension used: zero-sized array in struct/union [C:\code\telemetry-platform\build_clean\_deps\redis++-build\redis++_static.vcxproj]
  (compiling source file '../redis++-src/src/sw/redis++/command.cpp')
      C:\code\telemetry-platform\build_clean\common\hiredis_wrapper\hiredis\sds.h(65,10):
      This member will be ignored by a defaulted constructor or copy/move assignment operator
  
C:\code\telemetry-platform\build_clean\common\hiredis_wrapper\hiredis\sds.h(71,10): warning C4200: nonstandard extension used: zero-sized array in struct/union [C:\code\telemetry-platform\build_clean\_deps\redis++-build\redis++_static.vcxproj]
  (compiling source file '../redis++-src/src/sw/redis++/command.cpp')
      C:\code\telemetry-platform\build_clean\common\hiredis_wrapper\hiredis\sds.h(71,10):
      This member will be ignored by a defaulted constructor or copy/move assignment operator
  
C:\code\telemetry-platform\build_clean\common\hiredis_wrapper\hiredis\sds.h(77,10): warning C4200: nonstandard extension used: zero-sized array in struct/union [C:\code\telemetry-platform\build_clean\_deps\redis++-build\redis++_static.vcxproj]
  (compiling source file '../redis++-src/src/sw/redis++/command.cpp')
      C:\code\telemetry-platform\build_clean\common\hiredis_wrapper\hiredis\sds.h(77,10):
      This member will be ignored by a defaulted constructor or copy/move assignment operator
  
C:\code\telemetry-platform\build_clean\common\hiredis_wrapper\hiredis\sds.h(83,10): warning C4200: nonstandard extension used: zero-sized array in struct/union [C:\code\telemetry-platform\build_clean\_deps\redis++-build\redis++_static.vcxproj]
  (compiling source file '../redis++-src/src/sw/redis++/command.cpp')
      C:\code\telemetry-platform\build_clean\common\hiredis_wrapper\hiredis\sds.h(83,10):
      This member will be ignored by a defaulted constructor or copy/move assignment operator
  
  command_options.cpp
C:\code\telemetry-platform\build_clean\common\hiredis_wrapper\hiredis\sds.h(59,10): warning C4200: nonstandard extension used: zero-sized array in struct/union [C:\code\telemetry-platform\build_clean\_deps\redis++-build\redis++_static.vcxproj]
  (compiling source file '../redis++-src/src/sw/redis++/command_options.cpp')
      C:\code\telemetry-platform\build_clean\common\hiredis_wrapper\hiredis\sds.h(59,10):
      This member will be ignored by a defaulted constructor or copy/move assignment operator
  
C:\code\telemetry-platform\build_clean\common\hiredis_wrapper\hiredis\sds.h(65,10): warning C4200: nonstandard extension used: zero-sized array in struct/union [C:\code\telemetry-platform\build_clean\_deps\redis++-build\redis++_static.vcxproj]
  (compiling source file '../redis++-src/src/sw/redis++/command_options.cpp')
      C:\code\telemetry-platform\build_clean\common\hiredis_wrapper\hiredis\sds.h(65,10):
      This member will be ignored by a defaulted constructor or copy/move assignment operator
  
C:\code\telemetry-platform\build_clean\common\hiredis_wrapper\hiredis\sds.h(71,10): warning C4200: nonstandard extension used: zero-sized array in struct/union [C:\code\telemetry-platform\build_clean\_deps\redis++-build\redis++_static.vcxproj]
  (compiling source file '../redis++-src/src/sw/redis++/command_options.cpp')
      C:\code\telemetry-platform\build_clean\common\hiredis_wrapper\hiredis\sds.h(71,10):
      This member will be ignored by a defaulted constructor or copy/move assignment operator
  
C:\code\telemetry-platform\build_clean\common\hiredis_wrapper\hiredis\sds.h(77,10): warning C4200: nonstandard extension used: zero-sized array in struct/union [C:\code\telemetry-platform\build_clean\_deps\redis++-build\redis++_static.vcxproj]
  (compiling source file '../redis++-src/src/sw/redis++/command_options.cpp')
      C:\code\telemetry-platform\build_clean\common\hiredis_wrapper\hiredis\sds.h(77,10):
      This member will be ignored by a defaulted constructor or copy/move assignment operator
  
C:\code\telemetry-platform\build_clean\common\hiredis_wrapper\hiredis\sds.h(83,10): warning C4200: nonstandard extension used: zero-sized array in struct/union [C:\code\telemetry-platform\build_clean\_deps\redis++-build\redis++_static.vcxproj]
  (compiling source file '../redis++-src/src/sw/redis++/command_options.cpp')
      C:\code\telemetry-platform\build_clean\common\hiredis_wrapper\hiredis\sds.h(83,10):
      This member will be ignored by a defaulted constructor or copy/move assignment operator
  
  connection.cpp
C:\code\telemetry-platform\build_clean\common\hiredis_wrapper\hiredis\sds.h(59,10): warning C4200: nonstandard extension used: zero-sized array in struct/union [C:\code\telemetry-platform\build_clean\_deps\redis++-build\redis++_static.vcxproj]
  (compiling source file '../redis++-src/src/sw/redis++/connection.cpp')
      C:\code\telemetry-platform\build_clean\common\hiredis_wrapper\hiredis\sds.h(59,10):
      This member will be ignored by a defaulted constructor or copy/move assignment operator
  
C:\code\telemetry-platform\build_clean\common\hiredis_wrapper\hiredis\sds.h(65,10): warning C4200: nonstandard extension used: zero-sized array in struct/union [C:\code\telemetry-platform\build_clean\_deps\redis++-build\redis++_static.vcxproj]
  (compiling source file '../redis++-src/src/sw/redis++/connection.cpp')
      C:\code\telemetry-platform\build_clean\common\hiredis_wrapper\hiredis\sds.h(65,10):
      This member will be ignored by a defaulted constructor or copy/move assignment operator
  
C:\code\telemetry-platform\build_clean\common\hiredis_wrapper\hiredis\sds.h(71,10): warning C4200: nonstandard extension used: zero-sized array in struct/union [C:\code\telemetry-platform\build_clean\_deps\redis++-build\redis++_static.vcxproj]
  (compiling source file '../redis++-src/src/sw/redis++/connection.cpp')
      C:\code\telemetry-platform\build_clean\common\hiredis_wrapper\hiredis\sds.h(71,10):
      This member will be ignored by a defaulted constructor or copy/move assignment operator
  
C:\code\telemetry-platform\build_clean\common\hiredis_wrapper\hiredis\sds.h(77,10): warning C4200: nonstandard extension used: zero-sized array in struct/union [C:\code\telemetry-platform\build_clean\_deps\redis++-build\redis++_static.vcxproj]
  (compiling source file '../redis++-src/src/sw/redis++/connection.cpp')
      C:\code\telemetry-platform\build_clean\common\hiredis_wrapper\hiredis\sds.h(77,10):
      This member will be ignored by a defaulted constructor or copy/move assignment operator
  
C:\code\telemetry-platform\build_clean\common\hiredis_wrapper\hiredis\sds.h(83,10): warning C4200: nonstandard extension used: zero-sized array in struct/union [C:\code\telemetry-platform\build_clean\_deps\redis++-build\redis++_static.vcxproj]
  (compiling source file '../redis++-src/src/sw/redis++/connection.cpp')
      C:\code\telemetry-platform\build_clean\common\hiredis_wrapper\hiredis\sds.h(83,10):
      This member will be ignored by a defaulted constructor or copy/move assignment operator
  
C:\code\telemetry-platform\build_clean\_deps\redis++-src\src\sw\redis++\connection.cpp(153,25): warning C4244: '=': conversion from '_Rep' to 'long', possible loss of data [C:\code\telemetry-platform\build_clean\_deps\redis++-build\redis++_static.vcxproj]
C:\code\telemetry-platform\build_clean\_deps\redis++-src\src\sw\redis++\connection.cpp(153,25): warning C4244:         with [C:\code\telemetry-platform\build_clean\_deps\redis++-build\redis++_static.vcxproj]
C:\code\telemetry-platform\build_clean\_deps\redis++-src\src\sw\redis++\connection.cpp(153,25): warning C4244:         [ [C:\code\telemetry-platform\build_clean\_deps\redis++-build\redis++_static.vcxproj]
C:\code\telemetry-platform\build_clean\_deps\redis++-src\src\sw\redis++\connection.cpp(153,25): warning C4244:             _Rep=__int64 [C:\code\telemetry-platform\build_clean\_deps\redis++-build\redis++_static.vcxproj]
C:\code\telemetry-platform\build_clean\_deps\redis++-src\src\sw\redis++\connection.cpp(153,25): warning C4244:         ] [C:\code\telemetry-platform\build_clean\_deps\redis++-build\redis++_static.vcxproj]
C:\code\telemetry-platform\build_clean\_deps\redis++-src\src\sw\redis++\connection.cpp(154,27): warning C4244: '=': conversion from '_Rep' to 'long', possible loss of data [C:\code\telemetry-platform\build_clean\_deps\redis++-build\redis++_static.vcxproj]
C:\code\telemetry-platform\build_clean\_deps\redis++-src\src\sw\redis++\connection.cpp(154,27): warning C4244:         with [C:\code\telemetry-platform\build_clean\_deps\redis++-build\redis++_static.vcxproj]
C:\code\telemetry-platform\build_clean\_deps\redis++-src\src\sw\redis++\connection.cpp(154,27): warning C4244:         [ [C:\code\telemetry-platform\build_clean\_deps\redis++-build\redis++_static.vcxproj]
C:\code\telemetry-platform\build_clean\_deps\redis++-src\src\sw\redis++\connection.cpp(154,27): warning C4244:             _Rep=__int64 [C:\code\telemetry-platform\build_clean\_deps\redis++-build\redis++_static.vcxproj]
C:\code\telemetry-platform\build_clean\_deps\redis++-src\src\sw\redis++\connection.cpp(154,27): warning C4244:         ] [C:\code\telemetry-platform\build_clean\_deps\redis++-build\redis++_static.vcxproj]
  connection_pool.cpp
C:\code\telemetry-platform\build_clean\common\hiredis_wrapper\hiredis\sds.h(59,10): warning C4200: nonstandard extension used: zero-sized array in struct/union [C:\code\telemetry-platform\build_clean\_deps\redis++-build\redis++_static.vcxproj]
  (compiling source file '../redis++-src/src/sw/redis++/connection_pool.cpp')
      C:\code\telemetry-platform\build_clean\common\hiredis_wrapper\hiredis\sds.h(59,10):
      This member will be ignored by a defaulted constructor or copy/move assignment operator
  
C:\code\telemetry-platform\build_clean\common\hiredis_wrapper\hiredis\sds.h(65,10): warning C4200: nonstandard extension used: zero-sized array in struct/union [C:\code\telemetry-platform\build_clean\_deps\redis++-build\redis++_static.vcxproj]
  (compiling source file '../redis++-src/src/sw/redis++/connection_pool.cpp')
      C:\code\telemetry-platform\build_clean\common\hiredis_wrapper\hiredis\sds.h(65,10):
      This member will be ignored by a defaulted constructor or copy/move assignment operator
  
C:\code\telemetry-platform\build_clean\common\hiredis_wrapper\hiredis\sds.h(71,10): warning C4200: nonstandard extension used: zero-sized array in struct/union [C:\code\telemetry-platform\build_clean\_deps\redis++-build\redis++_static.vcxproj]
  (compiling source file '../redis++-src/src/sw/redis++/connection_pool.cpp')
      C:\code\telemetry-platform\build_clean\common\hiredis_wrapper\hiredis\sds.h(71,10):
      This member will be ignored by a defaulted constructor or copy/move assignment operator
  
C:\code\telemetry-platform\build_clean\common\hiredis_wrapper\hiredis\sds.h(77,10): warning C4200: nonstandard extension used: zero-sized array in struct/union [C:\code\telemetry-platform\build_clean\_deps\redis++-build\redis++_static.vcxproj]
  (compiling source file '../redis++-src/src/sw/redis++/connection_pool.cpp')
      C:\code\telemetry-platform\build_clean\common\hiredis_wrapper\hiredis\sds.h(77,10):
      This member will be ignored by a defaulted constructor or copy/move assignment operator
  
C:\code\telemetry-platform\build_clean\common\hiredis_wrapper\hiredis\sds.h(83,10): warning C4200: nonstandard extension used: zero-sized array in struct/union [C:\code\telemetry-platform\build_clean\_deps\redis++-build\redis++_static.vcxproj]
  (compiling source file '../redis++-src/src/sw/redis++/connection_pool.cpp')
      C:\code\telemetry-platform\build_clean\common\hiredis_wrapper\hiredis\sds.h(83,10):
      This member will be ignored by a defaulted constructor or copy/move assignment operator
  
  crc16.cpp
  errors.cpp
C:\code\telemetry-platform\build_clean\common\hiredis_wrapper\hiredis\sds.h(59,10): warning C4200: nonstandard extension used: zero-sized array in struct/union [C:\code\telemetry-platform\build_clean\_deps\redis++-build\redis++_static.vcxproj]
  (compiling source file '../redis++-src/src/sw/redis++/errors.cpp')
      C:\code\telemetry-platform\build_clean\common\hiredis_wrapper\hiredis\sds.h(59,10):
      This member will be ignored by a defaulted constructor or copy/move assignment operator
  
C:\code\telemetry-platform\build_clean\common\hiredis_wrapper\hiredis\sds.h(65,10): warning C4200: nonstandard extension used: zero-sized array in struct/union [C:\code\telemetry-platform\build_clean\_deps\redis++-build\redis++_static.vcxproj]
  (compiling source file '../redis++-src/src/sw/redis++/errors.cpp')
      C:\code\telemetry-platform\build_clean\common\hiredis_wrapper\hiredis\sds.h(65,10):
      This member will be ignored by a defaulted constructor or copy/move assignment operator
  
C:\code\telemetry-platform\build_clean\common\hiredis_wrapper\hiredis\sds.h(71,10): warning C4200: nonstandard extension used: zero-sized array in struct/union [C:\code\telemetry-platform\build_clean\_deps\redis++-build\redis++_static.vcxproj]
  (compiling source file '../redis++-src/src/sw/redis++/errors.cpp')
      C:\code\telemetry-platform\build_clean\common\hiredis_wrapper\hiredis\sds.h(71,10):
      This member will be ignored by a defaulted constructor or copy/move assignment operator
  
C:\code\telemetry-platform\build_clean\common\hiredis_wrapper\hiredis\sds.h(77,10): warning C4200: nonstandard extension used: zero-sized array in struct/union [C:\code\telemetry-platform\build_clean\_deps\redis++-build\redis++_static.vcxproj]
  (compiling source file '../redis++-src/src/sw/redis++/errors.cpp')
      C:\code\telemetry-platform\build_clean\common\hiredis_wrapper\hiredis\sds.h(77,10):
      This member will be ignored by a defaulted constructor or copy/move assignment operator
  
C:\code\telemetry-platform\build_clean\common\hiredis_wrapper\hiredis\sds.h(83,10): warning C4200: nonstandard extension used: zero-sized array in struct/union [C:\code\telemetry-platform\build_clean\_deps\redis++-build\redis++_static.vcxproj]
  (compiling source file '../redis++-src/src/sw/redis++/errors.cpp')
      C:\code\telemetry-platform\build_clean\common\hiredis_wrapper\hiredis\sds.h(83,10):
      This member will be ignored by a defaulted constructor or copy/move assignment operator
  
  pipeline.cpp
C:\code\telemetry-platform\build_clean\common\hiredis_wrapper\hiredis\sds.h(59,10): warning C4200: nonstandard extension used: zero-sized array in struct/union [C:\code\telemetry-platform\build_clean\_deps\redis++-build\redis++_static.vcxproj]
  (compiling source file '../redis++-src/src/sw/redis++/pipeline.cpp')
      C:\code\telemetry-platform\build_clean\common\hiredis_wrapper\hiredis\sds.h(59,10):
      This member will be ignored by a defaulted constructor or copy/move assignment operator
  
C:\code\telemetry-platform\build_clean\common\hiredis_wrapper\hiredis\sds.h(65,10): warning C4200: nonstandard extension used: zero-sized array in struct/union [C:\code\telemetry-platform\build_clean\_deps\redis++-build\redis++_static.vcxproj]
  (compiling source file '../redis++-src/src/sw/redis++/pipeline.cpp')
      C:\code\telemetry-platform\build_clean\common\hiredis_wrapper\hiredis\sds.h(65,10):
      This member will be ignored by a defaulted constructor or copy/move assignment operator
  
C:\code\telemetry-platform\build_clean\common\hiredis_wrapper\hiredis\sds.h(71,10): warning C4200: nonstandard extension used: zero-sized array in struct/union [C:\code\telemetry-platform\build_clean\_deps\redis++-build\redis++_static.vcxproj]
  (compiling source file '../redis++-src/src/sw/redis++/pipeline.cpp')
      C:\code\telemetry-platform\build_clean\common\hiredis_wrapper\hiredis\sds.h(71,10):
      This member will be ignored by a defaulted constructor or copy/move assignment operator
  
C:\code\telemetry-platform\build_clean\common\hiredis_wrapper\hiredis\sds.h(77,10): warning C4200: nonstandard extension used: zero-sized array in struct/union [C:\code\telemetry-platform\build_clean\_deps\redis++-build\redis++_static.vcxproj]
  (compiling source file '../redis++-src/src/sw/redis++/pipeline.cpp')
      C:\code\telemetry-platform\build_clean\common\hiredis_wrapper\hiredis\sds.h(77,10):
      This member will be ignored by a defaulted constructor or copy/move assignment operator
  
C:\code\telemetry-platform\build_clean\common\hiredis_wrapper\hiredis\sds.h(83,10): warning C4200: nonstandard extension used: zero-sized array in struct/union [C:\code\telemetry-platform\build_clean\_deps\redis++-build\redis++_static.vcxproj]
  (compiling source file '../redis++-src/src/sw/redis++/pipeline.cpp')
      C:\code\telemetry-platform\build_clean\common\hiredis_wrapper\hiredis\sds.h(83,10):
      This member will be ignored by a defaulted constructor or copy/move assignment operator
  
  redis.cpp
C:\code\telemetry-platform\build_clean\common\hiredis_wrapper\hiredis\sds.h(59,10): warning C4200: nonstandard extension used: zero-sized array in struct/union [C:\code\telemetry-platform\build_clean\_deps\redis++-build\redis++_static.vcxproj]
  (compiling source file '../redis++-src/src/sw/redis++/redis.cpp')
      C:\code\telemetry-platform\build_clean\common\hiredis_wrapper\hiredis\sds.h(59,10):
      This member will be ignored by a defaulted constructor or copy/move assignment operator
  
C:\code\telemetry-platform\build_clean\common\hiredis_wrapper\hiredis\sds.h(65,10): warning C4200: nonstandard extension used: zero-sized array in struct/union [C:\code\telemetry-platform\build_clean\_deps\redis++-build\redis++_static.vcxproj]
  (compiling source file '../redis++-src/src/sw/redis++/redis.cpp')
      C:\code\telemetry-platform\build_clean\common\hiredis_wrapper\hiredis\sds.h(65,10):
      This member will be ignored by a defaulted constructor or copy/move assignment operator
  
C:\code\telemetry-platform\build_clean\common\hiredis_wrapper\hiredis\sds.h(71,10): warning C4200: nonstandard extension used: zero-sized array in struct/union [C:\code\telemetry-platform\build_clean\_deps\redis++-build\redis++_static.vcxproj]
  (compiling source file '../redis++-src/src/sw/redis++/redis.cpp')
      C:\code\telemetry-platform\build_clean\common\hiredis_wrapper\hiredis\sds.h(71,10):
      This member will be ignored by a defaulted constructor or copy/move assignment operator
  
C:\code\telemetry-platform\build_clean\common\hiredis_wrapper\hiredis\sds.h(77,10): warning C4200: nonstandard extension used: zero-sized array in struct/union [C:\code\telemetry-platform\build_clean\_deps\redis++-build\redis++_static.vcxproj]
  (compiling source file '../redis++-src/src/sw/redis++/redis.cpp')
      C:\code\telemetry-platform\build_clean\common\hiredis_wrapper\hiredis\sds.h(77,10):
      This member will be ignored by a defaulted constructor or copy/move assignment operator
  
C:\code\telemetry-platform\build_clean\common\hiredis_wrapper\hiredis\sds.h(83,10): warning C4200: nonstandard extension used: zero-sized array in struct/union [C:\code\telemetry-platform\build_clean\_deps\redis++-build\redis++_static.vcxproj]
  (compiling source file '../redis++-src/src/sw/redis++/redis.cpp')
      C:\code\telemetry-platform\build_clean\common\hiredis_wrapper\hiredis\sds.h(83,10):
      This member will be ignored by a defaulted constructor or copy/move assignment operator
  
  redis_cluster.cpp
C:\code\telemetry-platform\build_clean\common\hiredis_wrapper\hiredis\sds.h(59,10): warning C4200: nonstandard extension used: zero-sized array in struct/union [C:\code\telemetry-platform\build_clean\_deps\redis++-build\redis++_static.vcxproj]
  (compiling source file '../redis++-src/src/sw/redis++/redis_cluster.cpp')
      C:\code\telemetry-platform\build_clean\common\hiredis_wrapper\hiredis\sds.h(59,10):
      This member will be ignored by a defaulted constructor or copy/move assignment operator
  
C:\code\telemetry-platform\build_clean\common\hiredis_wrapper\hiredis\sds.h(65,10): warning C4200: nonstandard extension used: zero-sized array in struct/union [C:\code\telemetry-platform\build_clean\_deps\redis++-build\redis++_static.vcxproj]
  (compiling source file '../redis++-src/src/sw/redis++/redis_cluster.cpp')
      C:\code\telemetry-platform\build_clean\common\hiredis_wrapper\hiredis\sds.h(65,10):
      This member will be ignored by a defaulted constructor or copy/move assignment operator
  
C:\code\telemetry-platform\build_clean\common\hiredis_wrapper\hiredis\sds.h(71,10): warning C4200: nonstandard extension used: zero-sized array in struct/union [C:\code\telemetry-platform\build_clean\_deps\redis++-build\redis++_static.vcxproj]
  (compiling source file '../redis++-src/src/sw/redis++/redis_cluster.cpp')
      C:\code\telemetry-platform\build_clean\common\hiredis_wrapper\hiredis\sds.h(71,10):
      This member will be ignored by a defaulted constructor or copy/move assignment operator
  
C:\code\telemetry-platform\build_clean\common\hiredis_wrapper\hiredis\sds.h(77,10): warning C4200: nonstandard extension used: zero-sized array in struct/union [C:\code\telemetry-platform\build_clean\_deps\redis++-build\redis++_static.vcxproj]
  (compiling source file '../redis++-src/src/sw/redis++/redis_cluster.cpp')
      C:\code\telemetry-platform\build_clean\common\hiredis_wrapper\hiredis\sds.h(77,10):
      This member will be ignored by a defaulted constructor or copy/move assignment operator
  
C:\code\telemetry-platform\build_clean\common\hiredis_wrapper\hiredis\sds.h(83,10): warning C4200: nonstandard extension used: zero-sized array in struct/union [C:\code\telemetry-platform\build_clean\_deps\redis++-build\redis++_static.vcxproj]
  (compiling source file '../redis++-src/src/sw/redis++/redis_cluster.cpp')
      C:\code\telemetry-platform\build_clean\common\hiredis_wrapper\hiredis\sds.h(83,10):
      This member will be ignored by a defaulted constructor or copy/move assignment operator
  
  redis_uri.cpp
C:\code\telemetry-platform\build_clean\common\hiredis_wrapper\hiredis\sds.h(59,10): warning C4200: nonstandard extension used: zero-sized array in struct/union [C:\code\telemetry-platform\build_clean\_deps\redis++-build\redis++_static.vcxproj]
  (compiling source file '../redis++-src/src/sw/redis++/redis_uri.cpp')
      C:\code\telemetry-platform\build_clean\common\hiredis_wrapper\hiredis\sds.h(59,10):
      This member will be ignored by a defaulted constructor or copy/move assignment operator
  
C:\code\telemetry-platform\build_clean\common\hiredis_wrapper\hiredis\sds.h(65,10): warning C4200: nonstandard extension used: zero-sized array in struct/union [C:\code\telemetry-platform\build_clean\_deps\redis++-build\redis++_static.vcxproj]
  (compiling source file '../redis++-src/src/sw/redis++/redis_uri.cpp')
      C:\code\telemetry-platform\build_clean\common\hiredis_wrapper\hiredis\sds.h(65,10):
      This member will be ignored by a defaulted constructor or copy/move assignment operator
  
C:\code\telemetry-platform\build_clean\common\hiredis_wrapper\hiredis\sds.h(71,10): warning C4200: nonstandard extension used: zero-sized array in struct/union [C:\code\telemetry-platform\build_clean\_deps\redis++-build\redis++_static.vcxproj]
  (compiling source file '../redis++-src/src/sw/redis++/redis_uri.cpp')
      C:\code\telemetry-platform\build_clean\common\hiredis_wrapper\hiredis\sds.h(71,10):
      This member will be ignored by a defaulted constructor or copy/move assignment operator
  
C:\code\telemetry-platform\build_clean\common\hiredis_wrapper\hiredis\sds.h(77,10): warning C4200: nonstandard extension used: zero-sized array in struct/union [C:\code\telemetry-platform\build_clean\_deps\redis++-build\redis++_static.vcxproj]
  (compiling source file '../redis++-src/src/sw/redis++/redis_uri.cpp')
      C:\code\telemetry-platform\build_clean\common\hiredis_wrapper\hiredis\sds.h(77,10):
      This member will be ignored by a defaulted constructor or copy/move assignment operator
  
C:\code\telemetry-platform\build_clean\common\hiredis_wrapper\hiredis\sds.h(83,10): warning C4200: nonstandard extension used: zero-sized array in struct/union [C:\code\telemetry-platform\build_clean\_deps\redis++-build\redis++_static.vcxproj]
  (compiling source file '../redis++-src/src/sw/redis++/redis_uri.cpp')
      C:\code\telemetry-platform\build_clean\common\hiredis_wrapper\hiredis\sds.h(83,10):
      This member will be ignored by a defaulted constructor or copy/move assignment operator
  
  reply.cpp
C:\code\telemetry-platform\build_clean\common\hiredis_wrapper\hiredis\sds.h(59,10): warning C4200: nonstandard extension used: zero-sized array in struct/union [C:\code\telemetry-platform\build_clean\_deps\redis++-build\redis++_static.vcxproj]
  (compiling source file '../redis++-src/src/sw/redis++/reply.cpp')
      C:\code\telemetry-platform\build_clean\common\hiredis_wrapper\hiredis\sds.h(59,10):
      This member will be ignored by a defaulted constructor or copy/move assignment operator
  
C:\code\telemetry-platform\build_clean\common\hiredis_wrapper\hiredis\sds.h(65,10): warning C4200: nonstandard extension used: zero-sized array in struct/union [C:\code\telemetry-platform\build_clean\_deps\redis++-build\redis++_static.vcxproj]
  (compiling source file '../redis++-src/src/sw/redis++/reply.cpp')
      C:\code\telemetry-platform\build_clean\common\hiredis_wrapper\hiredis\sds.h(65,10):
      This member will be ignored by a defaulted constructor or copy/move assignment operator
  
C:\code\telemetry-platform\build_clean\common\hiredis_wrapper\hiredis\sds.h(71,10): warning C4200: nonstandard extension used: zero-sized array in struct/union [C:\code\telemetry-platform\build_clean\_deps\redis++-build\redis++_static.vcxproj]
  (compiling source file '../redis++-src/src/sw/redis++/reply.cpp')
      C:\code\telemetry-platform\build_clean\common\hiredis_wrapper\hiredis\sds.h(71,10):
      This member will be ignored by a defaulted constructor or copy/move assignment operator
  
C:\code\telemetry-platform\build_clean\common\hiredis_wrapper\hiredis\sds.h(77,10): warning C4200: nonstandard extension used: zero-sized array in struct/union [C:\code\telemetry-platform\build_clean\_deps\redis++-build\redis++_static.vcxproj]
  (compiling source file '../redis++-src/src/sw/redis++/reply.cpp')
      C:\code\telemetry-platform\build_clean\common\hiredis_wrapper\hiredis\sds.h(77,10):
      This member will be ignored by a defaulted constructor or copy/move assignment operator
  
C:\code\telemetry-platform\build_clean\common\hiredis_wrapper\hiredis\sds.h(83,10): warning C4200: nonstandard extension used: zero-sized array in struct/union [C:\code\telemetry-platform\build_clean\_deps\redis++-build\redis++_static.vcxproj]
  (compiling source file '../redis++-src/src/sw/redis++/reply.cpp')
      C:\code\telemetry-platform\build_clean\common\hiredis_wrapper\hiredis\sds.h(83,10):
      This member will be ignored by a defaulted constructor or copy/move assignment operator
  
  sentinel.cpp
C:\code\telemetry-platform\build_clean\common\hiredis_wrapper\hiredis\sds.h(59,10): warning C4200: nonstandard extension used: zero-sized array in struct/union [C:\code\telemetry-platform\build_clean\_deps\redis++-build\redis++_static.vcxproj]
  (compiling source file '../redis++-src/src/sw/redis++/sentinel.cpp')
      C:\code\telemetry-platform\build_clean\common\hiredis_wrapper\hiredis\sds.h(59,10):
      This member will be ignored by a defaulted constructor or copy/move assignment operator
  
C:\code\telemetry-platform\build_clean\common\hiredis_wrapper\hiredis\sds.h(65,10): warning C4200: nonstandard extension used: zero-sized array in struct/union [C:\code\telemetry-platform\build_clean\_deps\redis++-build\redis++_static.vcxproj]
  (compiling source file '../redis++-src/src/sw/redis++/sentinel.cpp')
      C:\code\telemetry-platform\build_clean\common\hiredis_wrapper\hiredis\sds.h(65,10):
      This member will be ignored by a defaulted constructor or copy/move assignment operator
  
C:\code\telemetry-platform\build_clean\common\hiredis_wrapper\hiredis\sds.h(71,10): warning C4200: nonstandard extension used: zero-sized array in struct/union [C:\code\telemetry-platform\build_clean\_deps\redis++-build\redis++_static.vcxproj]
  (compiling source file '../redis++-src/src/sw/redis++/sentinel.cpp')
      C:\code\telemetry-platform\build_clean\common\hiredis_wrapper\hiredis\sds.h(71,10):
      This member will be ignored by a defaulted constructor or copy/move assignment operator
  
C:\code\telemetry-platform\build_clean\common\hiredis_wrapper\hiredis\sds.h(77,10): warning C4200: nonstandard extension used: zero-sized array in struct/union [C:\code\telemetry-platform\build_clean\_deps\redis++-build\redis++_static.vcxproj]
  (compiling source file '../redis++-src/src/sw/redis++/sentinel.cpp')
      C:\code\telemetry-platform\build_clean\common\hiredis_wrapper\hiredis\sds.h(77,10):
      This member will be ignored by a defaulted constructor or copy/move assignment operator
  
C:\code\telemetry-platform\build_clean\common\hiredis_wrapper\hiredis\sds.h(83,10): warning C4200: nonstandard extension used: zero-sized array in struct/union [C:\code\telemetry-platform\build_clean\_deps\redis++-build\redis++_static.vcxproj]
  (compiling source file '../redis++-src/src/sw/redis++/sentinel.cpp')
      C:\code\telemetry-platform\build_clean\common\hiredis_wrapper\hiredis\sds.h(83,10):
      This member will be ignored by a defaulted constructor or copy/move assignment operator
  
  shards.cpp
C:\code\telemetry-platform\build_clean\common\hiredis_wrapper\hiredis\sds.h(59,10): warning C4200: nonstandard extension used: zero-sized array in struct/union [C:\code\telemetry-platform\build_clean\_deps\redis++-build\redis++_static.vcxproj]
  (compiling source file '../redis++-src/src/sw/redis++/shards.cpp')
      C:\code\telemetry-platform\build_clean\common\hiredis_wrapper\hiredis\sds.h(59,10):
      This member will be ignored by a defaulted constructor or copy/move assignment operator
  
C:\code\telemetry-platform\build_clean\common\hiredis_wrapper\hiredis\sds.h(65,10): warning C4200: nonstandard extension used: zero-sized array in struct/union [C:\code\telemetry-platform\build_clean\_deps\redis++-build\redis++_static.vcxproj]
  (compiling source file '../redis++-src/src/sw/redis++/shards.cpp')
      C:\code\telemetry-platform\build_clean\common\hiredis_wrapper\hiredis\sds.h(65,10):
      This member will be ignored by a defaulted constructor or copy/move assignment operator
  
C:\code\telemetry-platform\build_clean\common\hiredis_wrapper\hiredis\sds.h(71,10): warning C4200: nonstandard extension used: zero-sized array in struct/union [C:\code\telemetry-platform\build_clean\_deps\redis++-build\redis++_static.vcxproj]
  (compiling source file '../redis++-src/src/sw/redis++/shards.cpp')
      C:\code\telemetry-platform\build_clean\common\hiredis_wrapper\hiredis\sds.h(71,10):
      This member will be ignored by a defaulted constructor or copy/move assignment operator
  
C:\code\telemetry-platform\build_clean\common\hiredis_wrapper\hiredis\sds.h(77,10): warning C4200: nonstandard extension used: zero-sized array in struct/union [C:\code\telemetry-platform\build_clean\_deps\redis++-build\redis++_static.vcxproj]
  (compiling source file '../redis++-src/src/sw/redis++/shards.cpp')
      C:\code\telemetry-platform\build_clean\common\hiredis_wrapper\hiredis\sds.h(77,10):
      This member will be ignored by a defaulted constructor or copy/move assignment operator
  
C:\code\telemetry-platform\build_clean\common\hiredis_wrapper\hiredis\sds.h(83,10): warning C4200: nonstandard extension used: zero-sized array in struct/union [C:\code\telemetry-platform\build_clean\_deps\redis++-build\redis++_static.vcxproj]
  (compiling source file '../redis++-src/src/sw/redis++/shards.cpp')
      C:\code\telemetry-platform\build_clean\common\hiredis_wrapper\hiredis\sds.h(83,10):
      This member will be ignored by a defaulted constructor or copy/move assignment operator
  
  shards_pool.cpp
C:\code\telemetry-platform\build_clean\common\hiredis_wrapper\hiredis\sds.h(59,10): warning C4200: nonstandard extension used: zero-sized array in struct/union [C:\code\telemetry-platform\build_clean\_deps\redis++-build\redis++_static.vcxproj]
  (compiling source file '../redis++-src/src/sw/redis++/shards_pool.cpp')
      C:\code\telemetry-platform\build_clean\common\hiredis_wrapper\hiredis\sds.h(59,10):
      This member will be ignored by a defaulted constructor or copy/move assignment operator
  
C:\code\telemetry-platform\build_clean\common\hiredis_wrapper\hiredis\sds.h(65,10): warning C4200: nonstandard extension used: zero-sized array in struct/union [C:\code\telemetry-platform\build_clean\_deps\redis++-build\redis++_static.vcxproj]
  (compiling source file '../redis++-src/src/sw/redis++/shards_pool.cpp')
      C:\code\telemetry-platform\build_clean\common\hiredis_wrapper\hiredis\sds.h(65,10):
      This member will be ignored by a defaulted constructor or copy/move assignment operator
  
C:\code\telemetry-platform\build_clean\common\hiredis_wrapper\hiredis\sds.h(71,10): warning C4200: nonstandard extension used: zero-sized array in struct/union [C:\code\telemetry-platform\build_clean\_deps\redis++-build\redis++_static.vcxproj]
  (compiling source file '../redis++-src/src/sw/redis++/shards_pool.cpp')
      C:\code\telemetry-platform\build_clean\common\hiredis_wrapper\hiredis\sds.h(71,10):
      This member will be ignored by a defaulted constructor or copy/move assignment operator
  
C:\code\telemetry-platform\build_clean\common\hiredis_wrapper\hiredis\sds.h(77,10): warning C4200: nonstandard extension used: zero-sized array in struct/union [C:\code\telemetry-platform\build_clean\_deps\redis++-build\redis++_static.vcxproj]
  (compiling source file '../redis++-src/src/sw/redis++/shards_pool.cpp')
      C:\code\telemetry-platform\build_clean\common\hiredis_wrapper\hiredis\sds.h(77,10):
      This member will be ignored by a defaulted constructor or copy/move assignment operator
  
C:\code\telemetry-platform\build_clean\common\hiredis_wrapper\hiredis\sds.h(83,10): warning C4200: nonstandard extension used: zero-sized array in struct/union [C:\code\telemetry-platform\build_clean\_deps\redis++-build\redis++_static.vcxproj]
  (compiling source file '../redis++-src/src/sw/redis++/shards_pool.cpp')
      C:\code\telemetry-platform\build_clean\common\hiredis_wrapper\hiredis\sds.h(83,10):
      This member will be ignored by a defaulted constructor or copy/move assignment operator
  
  subscriber.cpp
C:\code\telemetry-platform\build_clean\common\hiredis_wrapper\hiredis\sds.h(59,10): warning C4200: nonstandard extension used: zero-sized array in struct/union [C:\code\telemetry-platform\build_clean\_deps\redis++-build\redis++_static.vcxproj]
  (compiling source file '../redis++-src/src/sw/redis++/subscriber.cpp')
      C:\code\telemetry-platform\build_clean\common\hiredis_wrapper\hiredis\sds.h(59,10):
      This member will be ignored by a defaulted constructor or copy/move assignment operator
  
C:\code\telemetry-platform\build_clean\common\hiredis_wrapper\hiredis\sds.h(65,10): warning C4200: nonstandard extension used: zero-sized array in struct/union [C:\code\telemetry-platform\build_clean\_deps\redis++-build\redis++_static.vcxproj]
  (compiling source file '../redis++-src/src/sw/redis++/subscriber.cpp')
      C:\code\telemetry-platform\build_clean\common\hiredis_wrapper\hiredis\sds.h(65,10):
      This member will be ignored by a defaulted constructor or copy/move assignment operator
  
C:\code\telemetry-platform\build_clean\common\hiredis_wrapper\hiredis\sds.h(71,10): warning C4200: nonstandard extension used: zero-sized array in struct/union [C:\code\telemetry-platform\build_clean\_deps\redis++-build\redis++_static.vcxproj]
  (compiling source file '../redis++-src/src/sw/redis++/subscriber.cpp')
      C:\code\telemetry-platform\build_clean\common\hiredis_wrapper\hiredis\sds.h(71,10):
      This member will be ignored by a defaulted constructor or copy/move assignment operator
  
C:\code\telemetry-platform\build_clean\common\hiredis_wrapper\hiredis\sds.h(77,10): warning C4200: nonstandard extension used: zero-sized array in struct/union [C:\code\telemetry-platform\build_clean\_deps\redis++-build\redis++_static.vcxproj]
  (compiling source file '../redis++-src/src/sw/redis++/subscriber.cpp')
      C:\code\telemetry-platform\build_clean\common\hiredis_wrapper\hiredis\sds.h(77,10):
      This member will be ignored by a defaulted constructor or copy/move assignment operator
  
C:\code\telemetry-platform\build_clean\common\hiredis_wrapper\hiredis\sds.h(83,10): warning C4200: nonstandard extension used: zero-sized array in struct/union [C:\code\telemetry-platform\build_clean\_deps\redis++-build\redis++_static.vcxproj]
  (compiling source file '../redis++-src/src/sw/redis++/subscriber.cpp')
      C:\code\telemetry-platform\build_clean\common\hiredis_wrapper\hiredis\sds.h(83,10):
      This member will be ignored by a defaulted constructor or copy/move assignment operator
  
  transaction.cpp
C:\code\telemetry-platform\build_clean\common\hiredis_wrapper\hiredis\sds.h(59,10): warning C4200: nonstandard extension used: zero-sized array in struct/union [C:\code\telemetry-platform\build_clean\_deps\redis++-build\redis++_static.vcxproj]
  (compiling source file '../redis++-src/src/sw/redis++/transaction.cpp')
      C:\code\telemetry-platform\build_clean\common\hiredis_wrapper\hiredis\sds.h(59,10):
      This member will be ignored by a defaulted constructor or copy/move assignment operator
  
C:\code\telemetry-platform\build_clean\common\hiredis_wrapper\hiredis\sds.h(65,10): warning C4200: nonstandard extension used: zero-sized array in struct/union [C:\code\telemetry-platform\build_clean\_deps\redis++-build\redis++_static.vcxproj]
  (compiling source file '../redis++-src/src/sw/redis++/transaction.cpp')
      C:\code\telemetry-platform\build_clean\common\hiredis_wrapper\hiredis\sds.h(65,10):
      This member will be ignored by a defaulted constructor or copy/move assignment operator
  
C:\code\telemetry-platform\build_clean\common\hiredis_wrapper\hiredis\sds.h(71,10): warning C4200: nonstandard extension used: zero-sized array in struct/union [C:\code\telemetry-platform\build_clean\_deps\redis++-build\redis++_static.vcxproj]
  (compiling source file '../redis++-src/src/sw/redis++/transaction.cpp')
      C:\code\telemetry-platform\build_clean\common\hiredis_wrapper\hiredis\sds.h(71,10):
      This member will be ignored by a defaulted constructor or copy/move assignment operator
  
C:\code\telemetry-platform\build_clean\common\hiredis_wrapper\hiredis\sds.h(77,10): warning C4200: nonstandard extension used: zero-sized array in struct/union [C:\code\telemetry-platform\build_clean\_deps\redis++-build\redis++_static.vcxproj]
  (compiling source file '../redis++-src/src/sw/redis++/transaction.cpp')
      C:\code\telemetry-platform\build_clean\common\hiredis_wrapper\hiredis\sds.h(77,10):
      This member will be ignored by a defaulted constructor or copy/move assignment operator
  
C:\code\telemetry-platform\build_clean\common\hiredis_wrapper\hiredis\sds.h(83,10): warning C4200: nonstandard extension used: zero-sized array in struct/union [C:\code\telemetry-platform\build_clean\_deps\redis++-build\redis++_static.vcxproj]
  (compiling source file '../redis++-src/src/sw/redis++/transaction.cpp')
      C:\code\telemetry-platform\build_clean\common\hiredis_wrapper\hiredis\sds.h(83,10):
      This member will be ignored by a defaulted constructor or copy/move assignment operator
  
  redlock.cpp
C:\code\telemetry-platform\build_clean\common\hiredis_wrapper\hiredis\sds.h(59,10): warning C4200: nonstandard extension used: zero-sized array in struct/union [C:\code\telemetry-platform\build_clean\_deps\redis++-build\redis++_static.vcxproj]
  (compiling source file '../redis++-src/src/sw/redis++/patterns/redlock.cpp')
      C:\code\telemetry-platform\build_clean\common\hiredis_wrapper\hiredis\sds.h(59,10):
      This member will be ignored by a defaulted constructor or copy/move assignment operator
  
C:\code\telemetry-platform\build_clean\common\hiredis_wrapper\hiredis\sds.h(65,10): warning C4200: nonstandard extension used: zero-sized array in struct/union [C:\code\telemetry-platform\build_clean\_deps\redis++-build\redis++_static.vcxproj]
  (compiling source file '../redis++-src/src/sw/redis++/patterns/redlock.cpp')
      C:\code\telemetry-platform\build_clean\common\hiredis_wrapper\hiredis\sds.h(65,10):
      This member will be ignored by a defaulted constructor or copy/move assignment operator
  
C:\code\telemetry-platform\build_clean\common\hiredis_wrapper\hiredis\sds.h(71,10): warning C4200: nonstandard extension used: zero-sized array in struct/union [C:\code\telemetry-platform\build_clean\_deps\redis++-build\redis++_static.vcxproj]
  (compiling source file '../redis++-src/src/sw/redis++/patterns/redlock.cpp')
      C:\code\telemetry-platform\build_clean\common\hiredis_wrapper\hiredis\sds.h(71,10):
      This member will be ignored by a defaulted constructor or copy/move assignment operator
  
C:\code\telemetry-platform\build_clean\common\hiredis_wrapper\hiredis\sds.h(77,10): warning C4200: nonstandard extension used: zero-sized array in struct/union [C:\code\telemetry-platform\build_clean\_deps\redis++-build\redis++_static.vcxproj]
  (compiling source file '../redis++-src/src/sw/redis++/patterns/redlock.cpp')
      C:\code\telemetry-platform\build_clean\common\hiredis_wrapper\hiredis\sds.h(77,10):
      This member will be ignored by a defaulted constructor or copy/move assignment operator
  
C:\code\telemetry-platform\build_clean\common\hiredis_wrapper\hiredis\sds.h(83,10): warning C4200: nonstandard extension used: zero-sized array in struct/union [C:\code\telemetry-platform\build_clean\_deps\redis++-build\redis++_static.vcxproj]
  (compiling source file '../redis++-src/src/sw/redis++/patterns/redlock.cpp')
      C:\code\telemetry-platform\build_clean\common\hiredis_wrapper\hiredis\sds.h(83,10):
      This member will be ignored by a defaulted constructor or copy/move assignment operator
  
  Generating Code...
  redis++_static.vcxproj -> C:\code\telemetry-platform\build_clean\_deps\redis++-build\Release\redis++_static.lib
  Building Custom Rule C:/code/telemetry-platform/build_clean/_deps/protobuf-src/CMakeLists.txt
  editions.cc
  empty_package.cc
  open_enum.cc
  unused_imports.cc
  weak_imports.cc
  code_generator.cc
  command_line_interface.cc
  cord_field.cc
  padding_optimizer.cc
  parse_function_generator.cc
  tracker.cc
  csharp_doc_comment.cc
  csharp_enum.cc
  csharp_enum_field.cc
  csharp_field_base.cc
  csharp_generator.cc
  csharp_helpers.cc
  csharp_map_field.cc
  csharp_message.cc
  csharp_message_field.cc
  csharp_primitive_field.cc
  csharp_reflection_class.cc
  csharp_repeated_enum_field.cc
  csharp_repeated_message_field.cc
  csharp_repeated_primitive_field.cc
  csharp_source_generator_base.cc
  csharp_wrapper_field.cc
  doc_comment.cc
  enum_field_lite.cc
  enum_lite.cc
  extension_lite.cc
  generator_factory.cc
  java_features.pb.cc
  kotlin_generator.cc
  map_field_lite.cc
  message_builder.cc
  message_builder_lite.cc
  message_field_lite.cc
  message_lite.cc
  message_serialization.cc
  name_resolver.cc
  primitive_field_lite.cc
  shared_code_generator.cc
  string_field_lite.cc
  import_writer.cc
  line_consumer.cc
  text_format_decode_data.cc
  php_generator.cc
  plugin.cc
  plugin.pb.cc
  pyi_generator.cc
  retention.cc
  ruby_generator.cc
  accessors.cc
  singular_message.cc
  singular_scalar.cc
  singular_string.cc
  unsupported_field.cc
  naming.cc
  relative_path.cc
  subprocess.cc
  zip_writer.cc
  enum.cc
  extension.cc
  field.cc
C:\code\telemetry-platform\build_clean\_deps\protobuf-src\third_party\abseil-cpp\absl\log\internal\check_op.h(341,1): warning C4018: '>': signed/unsigned mismatch [C:\code\telemetry-platform\build_clean\_deps\protobuf-build\libprotoc.vcxproj]
  (compiling source file '../protobuf-src/src/google/protobuf/compiler/cpp/field.cc')
      C:\code\telemetry-platform\build_clean\_deps\protobuf-src\third_party\abseil-cpp\absl\log\internal\check_op.h(341,1):
      the template instantiation context (the oldest one first) is
          C:\code\telemetry-platform\build_clean\_deps\protobuf-src\src\google\protobuf\compiler\cpp\field.cc(296,3):
          see reference to function template instantiation 'std::string *absl::lts_20230802::log_internal::Check_GTImpl<unsigned int,int>(const T1 &,const T2 &,const char *)' being compiled
          with
          [
              T1=unsigned int,
              T2=int
          ]
  
  enum_field.cc
  map_field.cc
  message_field.cc
  primitive_field.cc
  string_field.cc
  file.cc
  generator.cc
  helpers.cc
  message.cc
  service.cc
  names.cc
  context.cc
  enum.cc
  enum_field.cc
  extension.cc
  field.cc
  file.cc
  generator.cc
  helpers.cc
  map_field.cc
  message.cc
  message_field.cc
  names.cc
  primitive_field.cc
  service.cc
  string_field.cc
  enum.cc
  enum_field.cc
  extension.cc
  field.cc
  file.cc
  generator.cc
  helpers.cc
  map_field.cc
  message.cc
  message_field.cc
  names.cc
C:\code\telemetry-platform\build_clean\_deps\protobuf-src\src\google\protobuf\compiler\objectivec\names.cc(950,1): warning C4715: 'google::protobuf::compiler::objectivec::`anonymous namespace'::FragmentName': not all control paths return a value [C:\code\telemetry-platform\build_clean\_deps\protobuf-build\libprotoc.vcxproj]
C:\code\telemetry-platform\build_clean\_deps\protobuf-src\src\google\protobuf\compiler\objectivec\names.cc(1079,1): warning C4715: 'google::protobuf::compiler::objectivec::`anonymous namespace'::FieldObjCTypeInternal': not all control paths return a value [C:\code\telemetry-platform\build_clean\_deps\protobuf-build\libprotoc.vcxproj]
  oneof.cc
  primitive_field.cc
  names.cc
  generator.cc
  helpers.cc
  context.cc
  generator.cc
  message.cc
  oneof.cc
  libprotoc.vcxproj -> C:\code\telemetry-platform\build_clean\_deps\protobuf-build\Release\libprotoc.lib
  Building Custom Rule C:/code/telemetry-platform/build_clean/_deps/protobuf-src/CMakeLists.txt
  main.cc
C:\code\telemetry-platform\build_clean\_deps\protobuf-src\src\google\protobuf\map.h(689,19): warning C4244: 'initializing': conversion from 'uintptr_t' to 'google::protobuf::internal::map_index_t', possible loss of data [C:\code\telemetry-platform\build_clean\_deps\protobuf-build\protoc.vcxproj]
  (compiling source file '../protobuf-src/src/google/protobuf/compiler/main.cc')
  
  protoc.vcxproj -> C:\code\telemetry-platform\build_clean\_deps\protobuf-build\Release\protoc.exe
  Running cpp protocol buffer compiler on C:/code/telemetry-platform/common/proto/telemetry.proto
  Building Custom Rule C:/code/telemetry-platform/common/CMakeLists.txt
  telemetry.pb.cc
C:\code\telemetry-platform\build_clean\_deps\protobuf-src\src\google\protobuf\map.h(689,19): warning C4244: 'initializing': conversion from 'uintptr_t' to 'google::protobuf::internal::map_index_t', possible loss of data [C:\code\telemetry-platform\build_clean\common\telemetry_proto.vcxproj]
  (compiling source file 'proto/telemetry.pb.cc')
  
  telemetry_proto.vcxproj -> C:\code\telemetry-platform\build_clean\common\Release\telemetry_proto.lib
  Building Custom Rule C:/code/telemetry-platform/common/CMakeLists.txt
  redis_client.cpp
C:\code\telemetry-platform\build_clean\common\hiredis_wrapper\hiredis\sds.h(59,10): warning C4200: nonstandard extension used: zero-sized array in struct/union [C:\code\telemetry-platform\build_clean\common\telemetry_common.vcxproj]
  (compiling source file '../../common/src/redis_client.cpp')
      C:\code\telemetry-platform\build_clean\common\hiredis_wrapper\hiredis\sds.h(59,10):
      This member will be ignored by a defaulted constructor or copy/move assignment operator
  
C:\code\telemetry-platform\build_clean\common\hiredis_wrapper\hiredis\sds.h(65,10): warning C4200: nonstandard extension used: zero-sized array in struct/union [C:\code\telemetry-platform\build_clean\common\telemetry_common.vcxproj]
  (compiling source file '../../common/src/redis_client.cpp')
      C:\code\telemetry-platform\build_clean\common\hiredis_wrapper\hiredis\sds.h(65,10):
      This member will be ignored by a defaulted constructor or copy/move assignment operator
  
C:\code\telemetry-platform\build_clean\common\hiredis_wrapper\hiredis\sds.h(71,10): warning C4200: nonstandard extension used: zero-sized array in struct/union [C:\code\telemetry-platform\build_clean\common\telemetry_common.vcxproj]
  (compiling source file '../../common/src/redis_client.cpp')
      C:\code\telemetry-platform\build_clean\common\hiredis_wrapper\hiredis\sds.h(71,10):
      This member will be ignored by a defaulted constructor or copy/move assignment operator
  
C:\code\telemetry-platform\build_clean\common\hiredis_wrapper\hiredis\sds.h(77,10): warning C4200: nonstandard extension used: zero-sized array in struct/union [C:\code\telemetry-platform\build_clean\common\telemetry_common.vcxproj]
  (compiling source file '../../common/src/redis_client.cpp')
      C:\code\telemetry-platform\build_clean\common\hiredis_wrapper\hiredis\sds.h(77,10):
      This member will be ignored by a defaulted constructor or copy/move assignment operator
  
C:\code\telemetry-platform\build_clean\common\hiredis_wrapper\hiredis\sds.h(83,10): warning C4200: nonstandard extension used: zero-sized array in struct/union [C:\code\telemetry-platform\build_clean\common\telemetry_common.vcxproj]
  (compiling source file '../../common/src/redis_client.cpp')
      C:\code\telemetry-platform\build_clean\common\hiredis_wrapper\hiredis\sds.h(83,10):
      This member will be ignored by a defaulted constructor or copy/move assignment operator
  
C:\code\telemetry-platform\common\src\redis_client.cpp(130,41): error C2228: left of '.count' must have class/struct/union [C:\code\telemetry-platform\build_clean\common\telemetry_common.vcxproj]
      C:\code\telemetry-platform\common\src\redis_client.cpp(130,41):
      type is '__int64'
  
  json_utils.cpp
C:\code\telemetry-platform\common\src\json_utils.cpp(13,47): warning C4101: 'e': unreferenced local variable [C:\code\telemetry-platform\build_clean\common\telemetry_common.vcxproj]
  config.cpp
C:\Program Files\Microsoft Visual Studio\18\Enterprise\VC\Tools\MSVC\14.50.35717\include\algorithm(4073,24): warning C4244: '=': conversion from 'int' to 'char', possible loss of data [C:\code\telemetry-platform\build_clean\common\telemetry_common.vcxproj]
  (compiling source file '../../common/src/config.cpp')
      C:\Program Files\Microsoft Visual Studio\18\Enterprise\VC\Tools\MSVC\14.50.35717\include\algorithm(4073,24):
      the template instantiation context (the oldest one first) is
          C:\code\telemetry-platform\common\src\config.cpp(87,10):
          see reference to function template instantiation '_OutIt std::transform<std::_String_iterator<std::_String_val<std::_Simple_types<_Elem>>>,std::_String_iterator<std::_String_val<std::_Simple_types<_Elem>>>,int(__cdecl *)(int)>(const _InIt,const _InIt,_OutIt,_Fn)' being compiled
          with
          [
              _OutIt=std::_String_iterator<std::_String_val<std::_Simple_types<char>>>,
              _Elem=char,
              _InIt=std::_String_iterator<std::_String_val<std::_Simple_types<char>>>,
              _Fn=int (__cdecl *)(int)
          ]
  
  uuid_generator.cpp
  proto_adapter.cpp
C:\code\telemetry-platform\common\include\telemetry_common\proto_adapter.h(3,10): error C1083: Cannot open include file: 'telemetry.pb.h': No such file or directory [C:\code\telemetry-platform\build_clean\common\telemetry_common.vcxproj]
  (compiling source file '../../common/src/proto_adapter.cpp')
  
  Generating Code...
