MSBuild version 18.0.5+e22287bf1 for .NET Framework

  log_severity.vcxproj -> C:\code\telemetry-platform\build_clean\_deps\protobuf-build\third_party\abseil-cpp\absl\base\Release\absl_log_severity.lib
  spinlock_wait.vcxproj -> C:\code\telemetry-platform\build_clean\_deps\protobuf-build\third_party\abseil-cpp\absl\base\Release\absl_spinlock_wait.lib
  civil_time.vcxproj -> C:\code\telemetry-platform\build_clean\_deps\protobuf-build\third_party\abseil-cpp\absl\time\Release\absl_civil_time.lib
  TELEMETRY_PROCESSOR_core.vcxproj -> C:\code\telemetry-platform\build_clean\processing\src\Release\TELEMETRY_PROCESSOR_core.lib
  gtest.vcxproj -> C:\code\telemetry-platform\build_clean\lib\Release\gtest.lib
  exponential_biased.vcxproj -> C:\code\telemetry-platform\build_clean\_deps\protobuf-build\third_party\abseil-cpp\absl\profiling\Release\absl_exponential_biased.lib
  device.vcxproj -> C:\code\telemetry-platform\build_clean\ingestion\device\Release\device.lib
  int128.vcxproj -> C:\code\telemetry-platform\build_clean\_deps\protobuf-build\third_party\abseil-cpp\absl\numeric\Release\absl_int128.lib
  time_zone.vcxproj -> C:\code\telemetry-platform\build_clean\_deps\protobuf-build\third_party\abseil-cpp\absl\time\Release\absl_time_zone.lib
  gtest_main.vcxproj -> C:\code\telemetry-platform\build_clean\lib\Release\gtest_main.lib
  raw_logging_internal.vcxproj -> C:\code\telemetry-platform\build_clean\_deps\protobuf-build\third_party\abseil-cpp\absl\base\Release\absl_raw_logging_internal.lib
  device_smoke.vcxproj -> C:\code\telemetry-platform\build_clean\ingestion\tools\Release\device_smoke.exe
  device_simulator_cli.vcxproj -> C:\code\telemetry-platform\build_clean\ingestion\tools\Release\device_simulator_cli.exe
  flags_commandlineflag_internal.vcxproj -> C:\code\telemetry-platform\build_clean\_deps\protobuf-build\third_party\abseil-cpp\absl\flags\Release\absl_flags_commandlineflag_internal.lib
  TELEMETRY_PROCESSOR_demo.vcxproj -> C:\code\telemetry-platform\build_clean\processing\src\Release\TELEMETRY_PROCESSOR_demo.exe
  gateway_core.vcxproj -> C:\code\telemetry-platform\build_clean\ingestion\gateway\Release\gateway_core.lib
  device_state_test.vcxproj -> C:\code\telemetry-platform\build_clean\ingestion\tools\Release\device_state_test.exe
  log_internal_nullguard.vcxproj -> C:\code\telemetry-platform\build_clean\_deps\protobuf-build\third_party\abseil-cpp\absl\log\Release\absl_log_internal_nullguard.lib
  strerror.vcxproj -> C:\code\telemetry-platform\build_clean\_deps\protobuf-build\third_party\abseil-cpp\absl\base\Release\absl_strerror.lib
  gmock.vcxproj -> C:\code\telemetry-platform\build_clean\lib\Release\gmock.lib
  gmock_main.vcxproj -> C:\code\telemetry-platform\build_clean\lib\Release\gmock_main.lib
  Automatic MOC and UIC for target gui_app
  leak_check.vcxproj -> C:\code\telemetry-platform\build_clean\_deps\protobuf-build\third_party\abseil-cpp\absl\debugging\Release\absl_leak_check.lib
  bad_any_cast_impl.vcxproj -> C:\code\telemetry-platform\build_clean\_deps\protobuf-build\third_party\abseil-cpp\absl\types\Release\absl_bad_any_cast_impl.lib
  throw_delegate.vcxproj -> C:\code\telemetry-platform\build_clean\_deps\protobuf-build\third_party\abseil-cpp\absl\base\Release\absl_throw_delegate.lib
  debugging_internal.vcxproj -> C:\code\telemetry-platform\build_clean\_deps\protobuf-build\third_party\abseil-cpp\absl\debugging\Release\absl_debugging_internal.lib
  Building Custom Rule C:/code/telemetry-platform/build_clean/_deps/hiredis-src/CMakeLists.txt
  bad_optional_access.vcxproj -> C:\code\telemetry-platform\build_clean\_deps\protobuf-build\third_party\abseil-cpp\absl\types\Release\absl_bad_optional_access.lib
  stacktrace.vcxproj -> C:\code\telemetry-platform\build_clean\_deps\protobuf-build\third_party\abseil-cpp\absl\debugging\Release\absl_stacktrace.lib
  perf_tool.vcxproj -> C:\code\telemetry-platform\build_clean\ingestion\tools\Release\perf_tool.exe
  TELEMETRY_PROCESSOR_tests.vcxproj -> C:\code\telemetry-platform\build_clean\processing\tests\Release\TELEMETRY_PROCESSOR_tests.exe
  alloc.c
  cloud_client_tests.vcxproj -> C:\code\telemetry-platform\build_clean\ingestion\tests\Release\cloud_client_tests.exe
  gui_app.vcxproj -> C:\code\telemetry-platform\build_clean\ingestion\gui\Release\gui_app.exe
  gateway_app.vcxproj -> C:\code\telemetry-platform\build_clean\ingestion\gateway\Release\gateway_app.exe
C:\code\telemetry-platform\build_clean\_deps\hiredis-src\alloc.c(40,17): warning C4996: 'strdup': The POSIX name for this item is deprecated. Instead, use the ISO C and C++ conformant name: _strdup. See online help for details. [C:\code\telemetry-platform\build_clean\_deps\hiredis-build\hiredis.vcxproj]
C:\code\telemetry-platform\build_clean\_deps\hiredis-src\alloc.c(59,21): warning C4996: 'strdup': The POSIX name for this item is deprecated. Instead, use the ISO C and C++ conformant name: _strdup. See online help for details. [C:\code\telemetry-platform\build_clean\_deps\hiredis-build\hiredis.vcxproj]
  random_internal_platform.vcxproj -> C:\code\telemetry-platform\build_clean\_deps\protobuf-build\third_party\abseil-cpp\absl\random\Release\absl_random_internal_platform.lib
  async.c
  bad_variant_access.vcxproj -> C:\code\telemetry-platform\build_clean\_deps\protobuf-build\third_party\abseil-cpp\absl\types\Release\absl_bad_variant_access.lib
  raii_demo.vcxproj -> C:\code\telemetry-platform\build_clean\ingestion\tools\Release\raii_demo.exe
  base.vcxproj -> C:\code\telemetry-platform\build_clean\_deps\protobuf-build\third_party\abseil-cpp\absl\base\Release\absl_base.lib
  random_seed_gen_exception.vcxproj -> C:\code\telemetry-platform\build_clean\_deps\protobuf-build\third_party\abseil-cpp\absl\random\Release\absl_random_seed_gen_exception.lib
  scoped_set_env.vcxproj -> C:\code\telemetry-platform\build_clean\_deps\protobuf-build\third_party\abseil-cpp\absl\base\Release\absl_scoped_set_env.lib
  cordz_functions.vcxproj -> C:\code\telemetry-platform\build_clean\_deps\protobuf-build\third_party\abseil-cpp\absl\strings\Release\absl_cordz_functions.lib
  redis++_static.vcxproj -> C:\code\telemetry-platform\build_clean\_deps\redis++-build\Release\redis++_static.lib
  stress_test.vcxproj -> C:\code\telemetry-platform\build_clean\ingestion\tools\Release\stress_test.exe
  periodic_sampler.vcxproj -> C:\code\telemetry-platform\build_clean\_deps\protobuf-build\third_party\abseil-cpp\absl\profiling\Release\absl_periodic_sampler.lib
  test_bounded_queue.vcxproj -> C:\code\telemetry-platform\build_clean\ingestion\tests\Release\test_bounded_queue.exe
  telemetry_simple_producer.vcxproj -> C:\code\telemetry-platform\build_clean\processing\examples\Release\telemetry_simple_producer.exe
  test_config.vcxproj -> C:\code\telemetry-platform\build_clean\ingestion\tests\Release\test_config.exe
  test_gateway_e2e.vcxproj -> C:\code\telemetry-platform\build_clean\ingestion\tests\Release\test_gateway_e2e.exe
  test_serial_port_sim.vcxproj -> C:\code\telemetry-platform\build_clean\ingestion\tests\Release\test_serial_port_sim.exe
  random_internal_randen_hwaes_impl.vcxproj -> C:\code\telemetry-platform\build_clean\_deps\protobuf-build\third_party\abseil-cpp\absl\random\Release\absl_random_internal_randen_hwaes_impl.lib
  random_internal_randen_slow.vcxproj -> C:\code\telemetry-platform\build_clean\_deps\protobuf-build\third_party\abseil-cpp\absl\random\Release\absl_random_internal_randen_slow.lib
C:\code\telemetry-platform\build_clean\_deps\hiredis-src\async.c(62,32): warning C4267: 'function': conversion from 'size_t' to 'int', possible loss of data [C:\code\telemetry-platform\build_clean\_deps\hiredis-build\hiredis.vcxproj]
C:\code\telemetry-platform\build_clean\_deps\hiredis-src\async.c(81,10): warning C4267: '=': conversion from 'size_t' to 'int', possible loss of data [C:\code\telemetry-platform\build_clean\_deps\hiredis-build\hiredis.vcxproj]
C:\code\telemetry-platform\build_clean\_deps\hiredis-src\async.c(82,10): warning C4267: '=': conversion from 'size_t' to 'int', possible loss of data [C:\code\telemetry-platform\build_clean\_deps\hiredis-build\hiredis.vcxproj]
C:\code\telemetry-platform\build_clean\_deps\hiredis-src\async.c(505,13): warning C4996: 'stricmp': The POSIX name for this item is deprecated. Instead, use the ISO C and C++ conformant name: _stricmp. See online help for details. [C:\code\telemetry-platform\build_clean\_deps\hiredis-build\hiredis.vcxproj]
C:\code\telemetry-platform\build_clean\_deps\hiredis-src\async.c(509,20): warning C4996: 'stricmp': The POSIX name for this item is deprecated. Instead, use the ISO C and C++ conformant name: _stricmp. See online help for details. [C:\code\telemetry-platform\build_clean\_deps\hiredis-build\hiredis.vcxproj]
C:\code\telemetry-platform\build_clean\_deps\hiredis-src\async.c(565,13): warning C4996: 'strnicmp': The POSIX name for this item is deprecated. Instead, use the ISO C and C++ conformant name: _strnicmp. See online help for details. [C:\code\telemetry-platform\build_clean\_deps\hiredis-build\hiredis.vcxproj]
C:\code\telemetry-platform\build_clean\_deps\hiredis-src\async.c(566,13): warning C4996: 'strnicmp': The POSIX name for this item is deprecated. Instead, use the ISO C and C++ conformant name: _strnicmp. See online help for details. [C:\code\telemetry-platform\build_clean\_deps\hiredis-build\hiredis.vcxproj]
C:\code\telemetry-platform\build_clean\_deps\hiredis-src\async.c(567,13): warning C4996: 'strnicmp': The POSIX name for this item is deprecated. Instead, use the ISO C and C++ conformant name: _strnicmp. See online help for details. [C:\code\telemetry-platform\build_clean\_deps\hiredis-build\hiredis.vcxproj]
C:\code\telemetry-platform\build_clean\_deps\hiredis-src\async.c(865,20): warning C4996: 'strnicmp': The POSIX name for this item is deprecated. Instead, use the ISO C and C++ conformant name: _strnicmp. See online help for details. [C:\code\telemetry-platform\build_clean\_deps\hiredis-build\hiredis.vcxproj]
C:\code\telemetry-platform\build_clean\_deps\hiredis-src\async.c(890,16): warning C4996: 'strnicmp': The POSIX name for this item is deprecated. Instead, use the ISO C and C++ conformant name: _strnicmp. See online help for details. [C:\code\telemetry-platform\build_clean\_deps\hiredis-build\hiredis.vcxproj]
C:\code\telemetry-platform\build_clean\_deps\hiredis-src\async.c(943,16): warning C4996: 'strnicmp': The POSIX name for this item is deprecated. Instead, use the ISO C and C++ conformant name: _strnicmp. See online help for details. [C:\code\telemetry-platform\build_clean\_deps\hiredis-build\hiredis.vcxproj]
  utf8_range.vcxproj -> C:\code\telemetry-platform\build_clean\_deps\protobuf-build\third_party\utf8_range\Release\utf8_range.lib
  hiredis.c
  unit_tests.vcxproj -> C:\code\telemetry-platform\build_clean\ingestion\tests\Release\unit_tests.exe
  crc_cpu_detect.vcxproj -> C:\code\telemetry-platform\build_clean\_deps\protobuf-build\third_party\abseil-cpp\absl\crc\Release\absl_crc_cpu_detect.lib
  malloc_internal.vcxproj -> C:\code\telemetry-platform\build_clean\_deps\protobuf-build\third_party\abseil-cpp\absl\base\Release\absl_malloc_internal.lib
  strings_internal.vcxproj -> C:\code\telemetry-platform\build_clean\_deps\protobuf-build\third_party\abseil-cpp\absl\strings\Release\absl_strings_internal.lib
  demangle_internal.vcxproj -> C:\code\telemetry-platform\build_clean\_deps\protobuf-build\third_party\abseil-cpp\absl\debugging\Release\absl_demangle_internal.lib
  low_level_hash.vcxproj -> C:\code\telemetry-platform\build_clean\_deps\protobuf-build\third_party\abseil-cpp\absl\hash\Release\absl_low_level_hash.lib
  log_internal_conditions.vcxproj -> C:\code\telemetry-platform\build_clean\_deps\protobuf-build\third_party\abseil-cpp\absl\log\Release\absl_log_internal_conditions.lib
C:\code\telemetry-platform\build_clean\_deps\hiredis-src\hiredis.c(352,31): warning C4267: '+=': conversion from 'size_t' to 'int', possible loss of data [C:\code\telemetry-platform\build_clean\_deps\hiredis-build\hiredis.vcxproj]
C:\code\telemetry-platform\build_clean\_deps\hiredis-src\hiredis.c(508,19): warning C4267: '+=': conversion from 'size_t' to 'int', possible loss of data [C:\code\telemetry-platform\build_clean\_deps\hiredis-build\hiredis.vcxproj]
C:\code\telemetry-platform\build_clean\_deps\hiredis-src\hiredis.c(527,16): warning C4267: '+=': conversion from 'size_t' to 'int', possible loss of data [C:\code\telemetry-platform\build_clean\_deps\hiredis-build\hiredis.vcxproj]
C:\code\telemetry-platform\build_clean\_deps\hiredis-src\hiredis.c(991,21): warning C4244: '=': conversion from 'ssize_t' to 'int', possible loss of data [C:\code\telemetry-platform\build_clean\_deps\hiredis-build\hiredis.vcxproj]
  net.c
  Building Custom Rule C:/code/telemetry-platform/common/CMakeLists.txt
  city.vcxproj -> C:\code\telemetry-platform\build_clean\_deps\protobuf-build\third_party\abseil-cpp\absl\hash\Release\absl_city.lib
  graphcycles_internal.vcxproj -> C:\code\telemetry-platform\build_clean\_deps\protobuf-build\third_party\abseil-cpp\absl\synchronization\Release\absl_graphcycles_internal.lib
  string_view.vcxproj -> C:\code\telemetry-platform\build_clean\_deps\protobuf-build\third_party\abseil-cpp\absl\strings\Release\absl_string_view.lib
  random_internal_randen_hwaes.vcxproj -> C:\code\telemetry-platform\build_clean\_deps\protobuf-build\third_party\abseil-cpp\absl\random\Release\absl_random_internal_randen_hwaes.lib
  crc_internal.vcxproj -> C:\code\telemetry-platform\build_clean\_deps\protobuf-build\third_party\abseil-cpp\absl\crc\Release\absl_crc_internal.lib
  test_redis_client_unit.cpp
C:\code\telemetry-platform\build_clean\_deps\hiredis-src\net.c(339,14): warning C4267: 'function': conversion from 'size_t' to 'socklen_t', possible loss of data [C:\code\telemetry-platform\build_clean\_deps\hiredis-build\hiredis.vcxproj]
C:\code\telemetry-platform\build_clean\_deps\hiredis-src\net.c(404,9): warning C4267: 'function': conversion from 'size_t' to 'socklen_t', possible loss of data [C:\code\telemetry-platform\build_clean\_deps\hiredis-build\hiredis.vcxproj]
C:\code\telemetry-platform\build_clean\_deps\hiredis-src\net.c(408,9): warning C4267: 'function': conversion from 'size_t' to 'socklen_t', possible loss of data [C:\code\telemetry-platform\build_clean\_deps\hiredis-build\hiredis.vcxproj]
C:\code\telemetry-platform\build_clean\_deps\hiredis-src\net.c(561,21): warning C4267: 'function': conversion from 'size_t' to 'socklen_t', possible loss of data [C:\code\telemetry-platform\build_clean\_deps\hiredis-build\hiredis.vcxproj]
C:\code\telemetry-platform\build_clean\_deps\hiredis-src\net.c(584,13): warning C4267: 'function': conversion from 'size_t' to 'socklen_t', possible loss of data [C:\code\telemetry-platform\build_clean\_deps\hiredis-build\hiredis.vcxproj]
C:\code\telemetry-platform\build_clean\_deps\hiredis-src\net.c(710,1): warning C4102: 'oom': unreferenced label [C:\code\telemetry-platform\build_clean\_deps\hiredis-build\hiredis.vcxproj]
  read.c
  strings.vcxproj -> C:\code\telemetry-platform\build_clean\_deps\protobuf-build\third_party\abseil-cpp\absl\strings\Release\absl_strings.lib
  random_internal_randen.vcxproj -> C:\code\telemetry-platform\build_clean\_deps\protobuf-build\third_party\abseil-cpp\absl\random\Release\absl_random_internal_randen.lib
  utf8_validity.vcxproj -> C:\code\telemetry-platform\build_clean\_deps\protobuf-build\third_party\utf8_range\Release\utf8_validity.lib
  log_internal_proto.vcxproj -> C:\code\telemetry-platform\build_clean\_deps\protobuf-build\third_party\abseil-cpp\absl\log\Release\absl_log_internal_proto.lib
  random_distributions.vcxproj -> C:\code\telemetry-platform\build_clean\_deps\protobuf-build\third_party\abseil-cpp\absl\random\Release\absl_random_distributions.lib
  symbolize.vcxproj -> C:\code\telemetry-platform\build_clean\_deps\protobuf-build\third_party\abseil-cpp\absl\debugging\Release\absl_symbolize.lib
  time.vcxproj -> C:\code\telemetry-platform\build_clean\_deps\protobuf-build\third_party\abseil-cpp\absl\time\Release\absl_time.lib
  str_format_internal.vcxproj -> C:\code\telemetry-platform\build_clean\_deps\protobuf-build\third_party\abseil-cpp\absl\strings\Release\absl_str_format_internal.lib
  random_internal_seed_material.vcxproj -> C:\code\telemetry-platform\build_clean\_deps\protobuf-build\third_party\abseil-cpp\absl\random\Release\absl_random_internal_seed_material.lib
  hash.vcxproj -> C:\code\telemetry-platform\build_clean\_deps\protobuf-build\third_party\abseil-cpp\absl\hash\Release\absl_hash.lib
C:\code\telemetry-platform\build_clean\_deps\hiredis-src\read.c(216,37): warning C4146: unary minus operator applied to unsigned type, result still unsigned [C:\code\telemetry-platform\build_clean\_deps\hiredis-build\hiredis.vcxproj]
C:\code\telemetry-platform\build_clean\_deps\hiredis-src\read.c(232,16): warning C4267: '=': conversion from 'size_t' to 'int', possible loss of data [C:\code\telemetry-platform\build_clean\_deps\hiredis-build\hiredis.vcxproj]
C:\code\telemetry-platform\build_clean\_deps\hiredis-src\read.c(303,29): warning C4996: 'stricmp': The POSIX name for this item is deprecated. Instead, use the ISO C and C++ conformant name: _stricmp. See online help for details. [C:\code\telemetry-platform\build_clean\_deps\hiredis-build\hiredis.vcxproj]
C:\code\telemetry-platform\build_clean\_deps\hiredis-src\read.c(305,36): warning C4996: 'stricmp': The POSIX name for this item is deprecated. Instead, use the ISO C and C++ conformant name: _stricmp. See online help for details. [C:\code\telemetry-platform\build_clean\_deps\hiredis-build\hiredis.vcxproj]
C:\code\telemetry-platform\build_clean\_deps\hiredis-src\read.c(307,37): warning C4996: 'stricmp': The POSIX name for this item is deprecated. Instead, use the ISO C and C++ conformant name: _stricmp. See online help for details. [C:\code\telemetry-platform\build_clean\_deps\hiredis-build\hiredis.vcxproj]
C:\code\telemetry-platform\build_clean\_deps\hiredis-src\read.c(308,37): warning C4996: 'stricmp': The POSIX name for this item is deprecated. Instead, use the ISO C and C++ conformant name: _stricmp. See online help for details. [C:\code\telemetry-platform\build_clean\_deps\hiredis-build\hiredis.vcxproj]
C:\code\telemetry-platform\build_clean\_deps\hiredis-src\read.c(410,36): warning C4267: '=': conversion from 'size_t' to 'unsigned long', possible loss of data [C:\code\telemetry-platform\build_clean\_deps\hiredis-build\hiredis.vcxproj]
C:\code\telemetry-platform\build_clean\_deps\hiredis-src\read.c(433,27): warning C4244: '+=': conversion from '__int64' to 'unsigned long', possible loss of data [C:\code\telemetry-platform\build_clean\_deps\hiredis-build\hiredis.vcxproj]
  sds.c
  examine_stack.vcxproj -> C:\code\telemetry-platform\build_clean\_deps\protobuf-build\third_party\abseil-cpp\absl\debugging\Release\absl_examine_stack.lib
  log_internal_globals.vcxproj -> C:\code\telemetry-platform\build_clean\_deps\protobuf-build\third_party\abseil-cpp\absl\log\Release\absl_log_internal_globals.lib
  random_internal_distribution_test_util.vcxproj -> C:\code\telemetry-platform\build_clean\_deps\protobuf-build\third_party\abseil-cpp\absl\random\Release\absl_random_internal_distribution_test_util.lib
C:\code\telemetry-platform\build_clean\_deps\hiredis-src\sds.c(102,24): warning C4267: '=': conversion from 'size_t' to 'unsigned char', possible loss of data [C:\code\telemetry-platform\build_clean\_deps\hiredis-build\hiredis.vcxproj]
C:\code\telemetry-platform\build_clean\_deps\hiredis-src\sds.c(107,23): warning C4267: '=': conversion from 'size_t' to 'uint8_t', possible loss of data [C:\code\telemetry-platform\build_clean\_deps\hiredis-build\hiredis.vcxproj]
C:\code\telemetry-platform\build_clean\_deps\hiredis-src\sds.c(108,25): warning C4267: '=': conversion from 'size_t' to 'uint8_t', possible loss of data [C:\code\telemetry-platform\build_clean\_deps\hiredis-build\hiredis.vcxproj]
C:\code\telemetry-platform\build_clean\_deps\hiredis-src\sds.c(114,23): warning C4267: '=': conversion from 'size_t' to 'uint16_t', possible loss of data [C:\code\telemetry-platform\build_clean\_deps\hiredis-build\hiredis.vcxproj]
C:\code\telemetry-platform\build_clean\_deps\hiredis-src\sds.c(115,25): warning C4267: '=': conversion from 'size_t' to 'uint16_t', possible loss of data [C:\code\telemetry-platform\build_clean\_deps\hiredis-build\hiredis.vcxproj]
C:\code\telemetry-platform\build_clean\_deps\hiredis-src\sds.c(121,23): warning C4267: '=': conversion from 'size_t' to 'uint32_t', possible loss of data [C:\code\telemetry-platform\build_clean\_deps\hiredis-build\hiredis.vcxproj]
  crc32c.vcxproj -> C:\code\telemetry-platform\build_clean\_deps\protobuf-build\third_party\abseil-cpp\absl\crc\Release\absl_crc32c.lib
C:\code\telemetry-platform\build_clean\_deps\hiredis-src\sds.c(122,25): warning C4267: '=': conversion from 'size_t' to 'uint32_t', possible loss of data [C:\code\telemetry-platform\build_clean\_deps\hiredis-build\hiredis.vcxproj]
C:\code\telemetry-platform\build_clean\_deps\hiredis-src\sds.c(462,12): warning C4267: 'return': conversion from 'size_t' to 'int', possible loss of data [C:\code\telemetry-platform\build_clean\_deps\hiredis-build\hiredis.vcxproj]
C:\code\telemetry-platform\build_clean\_deps\hiredis-src\sds.c(491,12): warning C4267: 'return': conversion from 'size_t' to 'int', possible loss of data [C:\code\telemetry-platform\build_clean\_deps\hiredis-build\hiredis.vcxproj]
C:\code\telemetry-platform\build_clean\_deps\hiredis-src\sds.c(590,9): warning C4267: '=': conversion from 'size_t' to 'long', possible loss of data [C:\code\telemetry-platform\build_clean\_deps\hiredis-build\hiredis.vcxproj]
C:\code\telemetry-platform\build_clean\_deps\hiredis-src\sds.c(618,22): warning C4267: '+=': conversion from 'size_t' to 'long', possible loss of data [C:\code\telemetry-platform\build_clean\_deps\hiredis-build\hiredis.vcxproj]
C:\code\telemetry-platform\build_clean\_deps\hiredis-src\sds.c(635,26): warning C4267: '+=': conversion from 'size_t' to 'long', possible loss of data [C:\code\telemetry-platform\build_clean\_deps\hiredis-build\hiredis.vcxproj]
C:\code\telemetry-platform\build_clean\_deps\hiredis-src\sds.c(653,26): warning C4267: '+=': conversion from 'size_t' to 'long', possible loss of data [C:\code\telemetry-platform\build_clean\_deps\hiredis-build\hiredis.vcxproj]
C:\code\telemetry-platform\build_clean\_deps\hiredis-src\sds.c(792,28): warning C4267: 'return': conversion from 'size_t' to 'int', possible loss of data [C:\code\telemetry-platform\build_clean\_deps\hiredis-build\hiredis.vcxproj]
  log_entry.vcxproj -> C:\code\telemetry-platform\build_clean\_deps\protobuf-build\third_party\abseil-cpp\absl\log\Release\absl_log_entry.lib
  sockcompat.c
  flags_commandlineflag.vcxproj -> C:\code\telemetry-platform\build_clean\_deps\protobuf-build\third_party\abseil-cpp\absl\flags\Release\absl_flags_commandlineflag.lib
  failure_signal_handler.vcxproj -> C:\code\telemetry-platform\build_clean\_deps\protobuf-build\third_party\abseil-cpp\absl\debugging\Release\absl_failure_signal_handler.lib
  kernel_timeout_internal.vcxproj -> C:\code\telemetry-platform\build_clean\_deps\protobuf-build\third_party\abseil-cpp\absl\synchronization\Release\absl_kernel_timeout_internal.lib
  log_internal_format.vcxproj -> C:\code\telemetry-platform\build_clean\_deps\protobuf-build\third_party\abseil-cpp\absl\log\Release\absl_log_internal_format.lib
  flags_marshalling.vcxproj -> C:\code\telemetry-platform\build_clean\_deps\protobuf-build\third_party\abseil-cpp\absl\flags\Release\absl_flags_marshalling.lib
  synchronization.vcxproj -> C:\code\telemetry-platform\build_clean\_deps\protobuf-build\third_party\abseil-cpp\absl\synchronization\Release\absl_synchronization.lib
  Generating Code...
  log_sink.vcxproj -> C:\code\telemetry-platform\build_clean\_deps\protobuf-build\third_party\abseil-cpp\absl\log\Release\absl_log_sink.lib
  flags_program_name.vcxproj -> C:\code\telemetry-platform\build_clean\_deps\protobuf-build\third_party\abseil-cpp\absl\flags\Release\absl_flags_program_name.lib
  hashtablez_sampler.vcxproj -> C:\code\telemetry-platform\build_clean\_deps\protobuf-build\third_party\abseil-cpp\absl\container\Release\absl_hashtablez_sampler.lib
  cordz_handle.vcxproj -> C:\code\telemetry-platform\build_clean\_deps\protobuf-build\third_party\abseil-cpp\absl\strings\Release\absl_cordz_handle.lib
  log_globals.vcxproj -> C:\code\telemetry-platform\build_clean\_deps\protobuf-build\third_party\abseil-cpp\absl\log\Release\absl_log_globals.lib
  flags_config.vcxproj -> C:\code\telemetry-platform\build_clean\_deps\protobuf-build\third_party\abseil-cpp\absl\flags\Release\absl_flags_config.lib
  raw_hash_set.vcxproj -> C:\code\telemetry-platform\build_clean\_deps\protobuf-build\third_party\abseil-cpp\absl\container\Release\absl_raw_hash_set.lib
  crc_cord_state.vcxproj -> C:\code\telemetry-platform\build_clean\_deps\protobuf-build\third_party\abseil-cpp\absl\crc\Release\absl_crc_cord_state.lib
  flags_private_handle_accessor.vcxproj -> C:\code\telemetry-platform\build_clean\_deps\protobuf-build\third_party\abseil-cpp\absl\flags\Release\absl_flags_private_handle_accessor.lib
  cord_internal.vcxproj -> C:\code\telemetry-platform\build_clean\_deps\protobuf-build\third_party\abseil-cpp\absl\strings\Release\absl_cord_internal.lib
  flags_internal.vcxproj -> C:\code\telemetry-platform\build_clean\_deps\protobuf-build\third_party\abseil-cpp\absl\flags\Release\absl_flags_internal.lib
  log_initialize.vcxproj -> C:\code\telemetry-platform\build_clean\_deps\protobuf-build\third_party\abseil-cpp\absl\log\Release\absl_log_initialize.lib
  log_internal_log_sink_set.vcxproj -> C:\code\telemetry-platform\build_clean\_deps\protobuf-build\third_party\abseil-cpp\absl\log\Release\absl_log_internal_log_sink_set.lib
  cordz_info.vcxproj -> C:\code\telemetry-platform\build_clean\_deps\protobuf-build\third_party\abseil-cpp\absl\strings\Release\absl_cordz_info.lib
  random_internal_pool_urbg.vcxproj -> C:\code\telemetry-platform\build_clean\_deps\protobuf-build\third_party\abseil-cpp\absl\random\Release\absl_random_internal_pool_urbg.lib
  cord.vcxproj -> C:\code\telemetry-platform\build_clean\_deps\protobuf-build\third_party\abseil-cpp\absl\strings\Release\absl_cord.lib
  cordz_sample_token.vcxproj -> C:\code\telemetry-platform\build_clean\_deps\protobuf-build\third_party\abseil-cpp\absl\strings\Release\absl_cordz_sample_token.lib
  hiredis.vcxproj -> C:\code\telemetry-platform\build_clean\_deps\hiredis-build\Release\hiredis.lib
  log_internal_message.vcxproj -> C:\code\telemetry-platform\build_clean\_deps\protobuf-build\third_party\abseil-cpp\absl\log\Release\absl_log_internal_message.lib
  status.vcxproj -> C:\code\telemetry-platform\build_clean\_deps\protobuf-build\third_party\abseil-cpp\absl\status\Release\absl_status.lib
  flags_reflection.vcxproj -> C:\code\telemetry-platform\build_clean\_deps\protobuf-build\third_party\abseil-cpp\absl\flags\Release\absl_flags_reflection.lib
  log_internal_check_op.vcxproj -> C:\code\telemetry-platform\build_clean\_deps\protobuf-build\third_party\abseil-cpp\absl\log\Release\absl_log_internal_check_op.lib
  die_if_null.vcxproj -> C:\code\telemetry-platform\build_clean\_deps\protobuf-build\third_party\abseil-cpp\absl\log\Release\absl_die_if_null.lib
  statusor.vcxproj -> C:\code\telemetry-platform\build_clean\_deps\protobuf-build\third_party\abseil-cpp\absl\status\Release\absl_statusor.lib
  random_seed_sequences.vcxproj -> C:\code\telemetry-platform\build_clean\_deps\protobuf-build\third_party\abseil-cpp\absl\random\Release\absl_random_seed_sequences.lib
  flags.vcxproj -> C:\code\telemetry-platform\build_clean\_deps\protobuf-build\third_party\abseil-cpp\absl\flags\Release\absl_flags.lib
  flags_usage_internal.vcxproj -> C:\code\telemetry-platform\build_clean\_deps\protobuf-build\third_party\abseil-cpp\absl\flags\Release\absl_flags_usage_internal.lib
  log_flags.vcxproj -> C:\code\telemetry-platform\build_clean\_deps\protobuf-build\third_party\abseil-cpp\absl\log\Release\absl_log_flags.lib
  libprotobuf-lite.vcxproj -> C:\code\telemetry-platform\build_clean\_deps\protobuf-build\Release\libprotobuf-lite.lib
  libprotobuf.vcxproj -> C:\code\telemetry-platform\build_clean\_deps\protobuf-build\Release\libprotobuf.lib
  flags_usage.vcxproj -> C:\code\telemetry-platform\build_clean\_deps\protobuf-build\third_party\abseil-cpp\absl\flags\Release\absl_flags_usage.lib
  flags_parse.vcxproj -> C:\code\telemetry-platform\build_clean\_deps\protobuf-build\third_party\abseil-cpp\absl\flags\Release\absl_flags_parse.lib
  libprotoc.vcxproj -> C:\code\telemetry-platform\build_clean\_deps\protobuf-build\Release\libprotoc.lib
  protoc.vcxproj -> C:\code\telemetry-platform\build_clean\_deps\protobuf-build\Release\protoc.exe
  telemetry_proto.vcxproj -> C:\code\telemetry-platform\build_clean\common\Release\telemetry_proto.lib
  telemetry_common.vcxproj -> C:\code\telemetry-platform\build_clean\common\Release\telemetry_common.lib
  Building Custom Rule C:/code/telemetry-platform/common/CMakeLists.txt
  Building Custom Rule C:/code/telemetry-platform/common/CMakeLists.txt
  test_proto_adapter.cpp
  test_redis_connection.cpp
redis++_static.lib(subscriber.obj) : error LNK2001: unresolved external symbol freeReplyObject [C:\code\telemetry-platform\build_clean\common\test_redis_connection.vcxproj]
telemetry_common.lib(redis_client.obj) : error LNK2001: unresolved external symbol freeReplyObject [C:\code\telemetry-platform\build_clean\common\test_redis_connection.vcxproj]
redis++_static.lib(connection.obj) : error LNK2001: unresolved external symbol freeReplyObject [C:\code\telemetry-platform\build_clean\common\test_redis_connection.vcxproj]
redis++_static.lib(redis.obj) : error LNK2001: unresolved external symbol freeReplyObject [C:\code\telemetry-platform\build_clean\common\test_redis_connection.vcxproj]
redis++_static.lib(sentinel.obj) : error LNK2001: unresolved external symbol freeReplyObject [C:\code\telemetry-platform\build_clean\common\test_redis_connection.vcxproj]
redis++_static.lib(sentinel.obj) : error LNK2001: unresolved external symbol redisFree [C:\code\telemetry-platform\build_clean\common\test_redis_connection.vcxproj]
redis++_static.lib(subscriber.obj) : error LNK2001: unresolved external symbol redisFree [C:\code\telemetry-platform\build_clean\common\test_redis_connection.vcxproj]
telemetry_common.lib(redis_client.obj) : error LNK2001: unresolved external symbol redisFree [C:\code\telemetry-platform\build_clean\common\test_redis_connection.vcxproj]
redis++_static.lib(connection.obj) : error LNK2001: unresolved external symbol redisFree [C:\code\telemetry-platform\build_clean\common\test_redis_connection.vcxproj]
redis++_static.lib(connection_pool.obj) : error LNK2001: unresolved external symbol redisFree [C:\code\telemetry-platform\build_clean\common\test_redis_connection.vcxproj]
redis++_static.lib(redis.obj) : error LNK2001: unresolved external symbol redisFree [C:\code\telemetry-platform\build_clean\common\test_redis_connection.vcxproj]
redis++_static.lib(command.obj) : error LNK2001: unresolved external symbol redisAppendCommand [C:\code\telemetry-platform\build_clean\common\test_redis_connection.vcxproj]
redis++_static.lib(subscriber.obj) : error LNK2001: unresolved external symbol redisAppendCommand [C:\code\telemetry-platform\build_clean\common\test_redis_connection.vcxproj]
telemetry_common.lib(redis_client.obj) : error LNK2001: unresolved external symbol redisAppendCommand [C:\code\telemetry-platform\build_clean\common\test_redis_connection.vcxproj]
redis++_static.lib(connection.obj) : error LNK2001: unresolved external symbol redisAppendCommand [C:\code\telemetry-platform\build_clean\common\test_redis_connection.vcxproj]
redis++_static.lib(redis.obj) : error LNK2001: unresolved external symbol redisAppendCommand [C:\code\telemetry-platform\build_clean\common\test_redis_connection.vcxproj]
redis++_static.lib(sentinel.obj) : error LNK2001: unresolved external symbol redisAppendCommand [C:\code\telemetry-platform\build_clean\common\test_redis_connection.vcxproj]
redis++_static.lib(connection.obj) : error LNK2019: unresolved external symbol redisConnect referenced in function "private: class std::unique_ptr<struct redisContext,struct sw::redis::Connection::ContextDeleter> __cdecl sw::redis::Connection::Connector::_connect(void)const " (?_connect@Connector@Connection@redis@sw@@AEBA?AV?$unique_ptr@UredisContext@@UContextDeleter@Connection@redis@sw@@@std@@XZ) [C:\code\telemetry-platform\build_clean\common\test_redis_connection.vcxproj]
redis++_static.lib(connection.obj) : error LNK2019: unresolved external symbol redisConnectWithTimeout referenced in function "private: class std::unique_ptr<struct redisContext,struct sw::redis::Connection::ContextDeleter> __cdecl sw::redis::Connection::Connector::_connect(void)const " (?_connect@Connector@Connection@redis@sw@@AEBA?AV?$unique_ptr@UredisContext@@UContextDeleter@Connection@redis@sw@@@std@@XZ) [C:\code\telemetry-platform\build_clean\common\test_redis_connection.vcxproj]
redis++_static.lib(connection.obj) : error LNK2019: unresolved external symbol redisConnectUnix referenced in function "private: class std::unique_ptr<struct redisContext,struct sw::redis::Connection::ContextDeleter> __cdecl sw::redis::Connection::Connector::_connect(void)const " (?_connect@Connector@Connection@redis@sw@@AEBA?AV?$unique_ptr@UredisContext@@UContextDeleter@Connection@redis@sw@@@std@@XZ) [C:\code\telemetry-platform\build_clean\common\test_redis_connection.vcxproj]
redis++_static.lib(connection.obj) : error LNK2019: unresolved external symbol redisConnectUnixWithTimeout referenced in function "private: class std::unique_ptr<struct redisContext,struct sw::redis::Connection::ContextDeleter> __cdecl sw::redis::Connection::Connector::_connect(void)const " (?_connect@Connector@Connection@redis@sw@@AEBA?AV?$unique_ptr@UredisContext@@UContextDeleter@Connection@redis@sw@@@std@@XZ) [C:\code\telemetry-platform\build_clean\common\test_redis_connection.vcxproj]
redis++_static.lib(connection.obj) : error LNK2019: unresolved external symbol redisSetPushCallback referenced in function "public: void __cdecl sw::redis::Connection::set_push_callback(void (__cdecl*)(void *,void *))" (?set_push_callback@Connection@redis@sw@@QEAAXP6AXPEAX0@Z@Z) [C:\code\telemetry-platform\build_clean\common\test_redis_connection.vcxproj]
redis++_static.lib(connection.obj) : error LNK2019: unresolved external symbol redisSetTimeout referenced in function "private: void __cdecl sw::redis::Connection::Connector::_set_socket_timeout(struct redisContext &)const " (?_set_socket_timeout@Connector@Connection@redis@sw@@AEBAXAEAUredisContext@@@Z) [C:\code\telemetry-platform\build_clean\common\test_redis_connection.vcxproj]
redis++_static.lib(connection.obj) : error LNK2019: unresolved external symbol redisEnableKeepAlive referenced in function "private: void __cdecl sw::redis::Connection::Connector::_enable_keep_alive(struct redisContext &)const " (?_enable_keep_alive@Connector@Connection@redis@sw@@AEBAXAEAUredisContext@@@Z) [C:\code\telemetry-platform\build_clean\common\test_redis_connection.vcxproj]
redis++_static.lib(connection.obj) : error LNK2019: unresolved external symbol redisEnableKeepAliveWithInterval referenced in function "private: void __cdecl sw::redis::Connection::Connector::_enable_keep_alive(struct redisContext &)const " (?_enable_keep_alive@Connector@Connection@redis@sw@@AEBAXAEAUredisContext@@@Z) [C:\code\telemetry-platform\build_clean\common\test_redis_connection.vcxproj]
redis++_static.lib(connection.obj) : error LNK2019: unresolved external symbol redisGetReply referenced in function "private: void __cdecl sw::redis::Connection::_enable_readonly(void)" (?_enable_readonly@Connection@redis@sw@@AEAAXXZ) [C:\code\telemetry-platform\build_clean\common\test_redis_connection.vcxproj]
redis++_static.lib(connection.obj) : error LNK2019: unresolved external symbol redisAppendCommandArgv referenced in function "public: void __cdecl sw::redis::Connection::send(class sw::redis::CmdArgs &)" (?send@Connection@redis@sw@@QEAAXAEAVCmdArgs@23@@Z) [C:\code\telemetry-platform\build_clean\common\test_redis_connection.vcxproj]
C:\code\telemetry-platform\build_clean\common\Release\test_redis_connection.exe : fatal error LNK1120: 13 unresolved externals [C:\code\telemetry-platform\build_clean\common\test_redis_connection.vcxproj]
C:\code\telemetry-platform\build_clean\_deps\protobuf-src\src\google\protobuf\map.h(689,19): warning C4244: 'initializing': conversion from 'uintptr_t' to 'google::protobuf::internal::map_index_t', possible loss of data [C:\code\telemetry-platform\build_clean\common\test_proto_adapter.vcxproj]
  (compiling source file '../../common/tests/test_proto_adapter.cpp')
  
  test_redis_client_unit.vcxproj -> C:\code\telemetry-platform\build_clean\common\Release\test_redis_client_unit.exe
  test_proto_adapter.vcxproj -> C:\code\telemetry-platform\build_clean\common\Release\test_proto_adapter.exe
