MSBuild version 18.0.5+e22287bf1 for .NET Framework

  1>Checking Build System
  Building Custom Rule C:/code/telemetry-platform/processing/src/CMakeLists.txt
  Task.cpp
  Building Custom Rule C:/code/telemetry-platform/build_clean/_deps/protobuf-src/third_party/abseil-cpp/absl/time/CMakeLists.txt
  Building Custom Rule C:/code/telemetry-platform/build_clean/_deps/protobuf-src/third_party/abseil-cpp/absl/base/CMakeLists.txt
  Building Custom Rule C:/code/telemetry-platform/build_clean/_deps/protobuf-src/third_party/abseil-cpp/absl/base/CMakeLists.txt
  Building Custom Rule C:/code/telemetry-platform/build_clean/_deps/googletest-src/googletest/CMakeLists.txt
  Building Custom Rule C:/code/telemetry-platform/ingestion/device/CMakeLists.txt
  Building Custom Rule C:/code/telemetry-platform/build_clean/_deps/protobuf-src/third_party/abseil-cpp/absl/numeric/CMakeLists.txt
  Building Custom Rule C:/code/telemetry-platform/build_clean/_deps/protobuf-src/third_party/abseil-cpp/absl/profiling/CMakeLists.txt
  log_severity.cc
  civil_time_detail.cc
  spinlock_wait.cc
  gtest-all.cc
  FileHandle.cpp
  int128.cc
  exponential_biased.cc
  Building Custom Rule C:/code/telemetry-platform/build_clean/_deps/protobuf-src/third_party/abseil-cpp/absl/time/CMakeLists.txt
  time_zone_fixed.cc
  spinlock_wait.vcxproj -> C:\code\telemetry-platform\build_clean\_deps\protobuf-build\third_party\abseil-cpp\absl\base\Release\absl_spinlock_wait.lib
  exponential_biased.vcxproj -> C:\code\telemetry-platform\build_clean\_deps\protobuf-build\third_party\abseil-cpp\absl\profiling\Release\absl_exponential_biased.lib
C:\code\telemetry-platform\ingestion\device\src\FileHandle.cpp(8,20): warning C4996: 'fopen': This function or variable may be unsafe. Consider using fopen_s instead. To disable deprecation, use _CRT_SECURE_NO_WARNINGS. See online help for details. [C:\code\telemetry-platform\build_clean\ingestion\device\device.vcxproj]
  Device.cpp
  log_severity.vcxproj -> C:\code\telemetry-platform\build_clean\_deps\protobuf-build\third_party\abseil-cpp\absl\base\Release\absl_log_severity.lib
  Building Custom Rule C:/code/telemetry-platform/build_clean/_deps/protobuf-src/third_party/abseil-cpp/absl/log/CMakeLists.txt
  Building Custom Rule C:/code/telemetry-platform/build_clean/_deps/protobuf-src/third_party/abseil-cpp/absl/base/CMakeLists.txt
  nullguard.cc
  Building Custom Rule C:/code/telemetry-platform/build_clean/_deps/protobuf-src/third_party/abseil-cpp/absl/flags/CMakeLists.txt
  strerror.cc
  time_zone_format.cc
  civil_time.vcxproj -> C:\code\telemetry-platform\build_clean\_deps\protobuf-build\third_party\abseil-cpp\absl\time\Release\absl_civil_time.lib
  commandlineflag.cc
  int128.vcxproj -> C:\code\telemetry-platform\build_clean\_deps\protobuf-build\third_party\abseil-cpp\absl\numeric\Release\absl_int128.lib
  flags_commandlineflag_internal.vcxproj -> C:\code\telemetry-platform\build_clean\_deps\protobuf-build\third_party\abseil-cpp\absl\flags\Release\absl_flags_commandlineflag_internal.lib
  log_internal_nullguard.vcxproj -> C:\code\telemetry-platform\build_clean\_deps\protobuf-build\third_party\abseil-cpp\absl\log\Release\absl_log_internal_nullguard.lib
  Automatic MOC and UIC for target gui_app
  Building Custom Rule C:/code/telemetry-platform/build_clean/_deps/googletest-src/googlemock/CMakeLists.txt
  Building Custom Rule C:/code/telemetry-platform/build_clean/_deps/hiredis-src/CMakeLists.txt
  Building Custom Rule C:/code/telemetry-platform/build_clean/_deps/googletest-src/googlemock/CMakeLists.txt
  Building Custom Rule C:/code/telemetry-platform/build_clean/_deps/protobuf-src/third_party/abseil-cpp/absl/debugging/CMakeLists.txt
  gtest-all.cc
  alloc.c
  gtest-all.cc
  leak_check.cc
  async.c
C:\code\telemetry-platform\build_clean\_deps\hiredis-src\alloc.c(40,17): warning C4996: 'strdup': The POSIX name for this item is deprecated. Instead, use the ISO C and C++ conformant name: _strdup. See online help for details. [C:\code\telemetry-platform\build_clean\_deps\hiredis-build\hiredis.vcxproj]
C:\code\telemetry-platform\build_clean\_deps\hiredis-src\alloc.c(59,21): warning C4996: 'strdup': The POSIX name for this item is deprecated. Instead, use the ISO C and C++ conformant name: _strdup. See online help for details. [C:\code\telemetry-platform\build_clean\_deps\hiredis-build\hiredis.vcxproj]
  strerror.vcxproj -> C:\code\telemetry-platform\build_clean\_deps\protobuf-build\third_party\abseil-cpp\absl\base\Release\absl_strerror.lib
  leak_check.vcxproj -> C:\code\telemetry-platform\build_clean\_deps\protobuf-build\third_party\abseil-cpp\absl\debugging\Release\absl_leak_check.lib
C:\code\telemetry-platform\build_clean\_deps\hiredis-src\async.c(62,32): warning C4267: 'function': conversion from 'size_t' to 'int', possible loss of data [C:\code\telemetry-platform\build_clean\_deps\hiredis-build\hiredis.vcxproj]
C:\code\telemetry-platform\build_clean\_deps\hiredis-src\async.c(81,10): warning C4267: '=': conversion from 'size_t' to 'int', possible loss of data [C:\code\telemetry-platform\build_clean\_deps\hiredis-build\hiredis.vcxproj]
C:\code\telemetry-platform\build_clean\_deps\hiredis-src\async.c(82,10): warning C4267: '=': conversion from 'size_t' to 'int', possible loss of data [C:\code\telemetry-platform\build_clean\_deps\hiredis-build\hiredis.vcxproj]
C:\code\telemetry-platform\build_clean\_deps\hiredis-src\async.c(505,13): warning C4996: 'stricmp': The POSIX name for this item is deprecated. Instead, use the ISO C and C++ conformant name: _stricmp. See online help for details. [C:\code\telemetry-platform\build_clean\_deps\hiredis-build\hiredis.vcxproj]
C:\code\telemetry-platform\build_clean\_deps\hiredis-src\async.c(509,20): warning C4996: 'stricmp': The POSIX name for this item is deprecated. Instead, use the ISO C and C++ conformant name: _stricmp. See online help for details. [C:\code\telemetry-platform\build_clean\_deps\hiredis-build\hiredis.vcxproj]
C:\code\telemetry-platform\build_clean\_deps\hiredis-src\async.c(565,13): warning C4996: 'strnicmp': The POSIX name for this item is deprecated. Instead, use the ISO C and C++ conformant name: _strnicmp. See online help for details. [C:\code\telemetry-platform\build_clean\_deps\hiredis-build\hiredis.vcxproj]
C:\code\telemetry-platform\build_clean\_deps\hiredis-src\async.c(566,13): warning C4996: 'strnicmp': The POSIX name for this item is deprecated. Instead, use the ISO C and C++ conformant name: _strnicmp. See online help for details. [C:\code\telemetry-platform\build_clean\_deps\hiredis-build\hiredis.vcxproj]
C:\code\telemetry-platform\build_clean\_deps\hiredis-src\async.c(567,13): warning C4996: 'strnicmp': The POSIX name for this item is deprecated. Instead, use the ISO C and C++ conformant name: _strnicmp. See online help for details. [C:\code\telemetry-platform\build_clean\_deps\hiredis-build\hiredis.vcxproj]
C:\code\telemetry-platform\build_clean\_deps\hiredis-src\async.c(865,20): warning C4996: 'strnicmp': The POSIX name for this item is deprecated. Instead, use the ISO C and C++ conformant name: _strnicmp. See online help for details. [C:\code\telemetry-platform\build_clean\_deps\hiredis-build\hiredis.vcxproj]
C:\code\telemetry-platform\build_clean\_deps\hiredis-src\async.c(890,16): warning C4996: 'strnicmp': The POSIX name for this item is deprecated. Instead, use the ISO C and C++ conformant name: _strnicmp. See online help for details. [C:\code\telemetry-platform\build_clean\_deps\hiredis-build\hiredis.vcxproj]
C:\code\telemetry-platform\build_clean\_deps\hiredis-src\async.c(943,16): warning C4996: 'strnicmp': The POSIX name for this item is deprecated. Instead, use the ISO C and C++ conformant name: _strnicmp. See online help for details. [C:\code\telemetry-platform\build_clean\_deps\hiredis-build\hiredis.vcxproj]
  hiredis.c
  time_zone_if.cc
C:\code\telemetry-platform\build_clean\_deps\hiredis-src\hiredis.c(352,31): warning C4267: '+=': conversion from 'size_t' to 'int', possible loss of data [C:\code\telemetry-platform\build_clean\_deps\hiredis-build\hiredis.vcxproj]
C:\code\telemetry-platform\build_clean\_deps\hiredis-src\hiredis.c(508,19): warning C4267: '+=': conversion from 'size_t' to 'int', possible loss of data [C:\code\telemetry-platform\build_clean\_deps\hiredis-build\hiredis.vcxproj]
C:\code\telemetry-platform\build_clean\_deps\hiredis-src\hiredis.c(527,16): warning C4267: '+=': conversion from 'size_t' to 'int', possible loss of data [C:\code\telemetry-platform\build_clean\_deps\hiredis-build\hiredis.vcxproj]
C:\code\telemetry-platform\build_clean\_deps\hiredis-src\hiredis.c(991,21): warning C4244: '=': conversion from 'ssize_t' to 'int', possible loss of data [C:\code\telemetry-platform\build_clean\_deps\hiredis-build\hiredis.vcxproj]
  net.c
C:\code\telemetry-platform\build_clean\_deps\hiredis-src\net.c(339,14): warning C4267: 'function': conversion from 'size_t' to 'socklen_t', possible loss of data [C:\code\telemetry-platform\build_clean\_deps\hiredis-build\hiredis.vcxproj]
C:\code\telemetry-platform\build_clean\_deps\hiredis-src\net.c(404,9): warning C4267: 'function': conversion from 'size_t' to 'socklen_t', possible loss of data [C:\code\telemetry-platform\build_clean\_deps\hiredis-build\hiredis.vcxproj]
C:\code\telemetry-platform\build_clean\_deps\hiredis-src\net.c(408,9): warning C4267: 'function': conversion from 'size_t' to 'socklen_t', possible loss of data [C:\code\telemetry-platform\build_clean\_deps\hiredis-build\hiredis.vcxproj]
C:\code\telemetry-platform\build_clean\_deps\hiredis-src\net.c(561,21): warning C4267: 'function': conversion from 'size_t' to 'socklen_t', possible loss of data [C:\code\telemetry-platform\build_clean\_deps\hiredis-build\hiredis.vcxproj]
C:\code\telemetry-platform\build_clean\_deps\hiredis-src\net.c(584,13): warning C4267: 'function': conversion from 'size_t' to 'socklen_t', possible loss of data [C:\code\telemetry-platform\build_clean\_deps\hiredis-build\hiredis.vcxproj]
C:\code\telemetry-platform\build_clean\_deps\hiredis-src\net.c(710,1): warning C4102: 'oom': unreferenced label [C:\code\telemetry-platform\build_clean\_deps\hiredis-build\hiredis.vcxproj]
  read.c
  Building Custom Rule C:/code/telemetry-platform/build_clean/_deps/protobuf-src/third_party/abseil-cpp/absl/random/CMakeLists.txt
C:\code\telemetry-platform\build_clean\_deps\hiredis-src\read.c(216,37): warning C4146: unary minus operator applied to unsigned type, result still unsigned [C:\code\telemetry-platform\build_clean\_deps\hiredis-build\hiredis.vcxproj]
C:\code\telemetry-platform\build_clean\_deps\hiredis-src\read.c(232,16): warning C4267: '=': conversion from 'size_t' to 'int', possible loss of data [C:\code\telemetry-platform\build_clean\_deps\hiredis-build\hiredis.vcxproj]
C:\code\telemetry-platform\build_clean\_deps\hiredis-src\read.c(303,29): warning C4996: 'stricmp': The POSIX name for this item is deprecated. Instead, use the ISO C and C++ conformant name: _stricmp. See online help for details. [C:\code\telemetry-platform\build_clean\_deps\hiredis-build\hiredis.vcxproj]
C:\code\telemetry-platform\build_clean\_deps\hiredis-src\read.c(305,36): warning C4996: 'stricmp': The POSIX name for this item is deprecated. Instead, use the ISO C and C++ conformant name: _stricmp. See online help for details. [C:\code\telemetry-platform\build_clean\_deps\hiredis-build\hiredis.vcxproj]
C:\code\telemetry-platform\build_clean\_deps\hiredis-src\read.c(307,37): warning C4996: 'stricmp': The POSIX name for this item is deprecated. Instead, use the ISO C and C++ conformant name: _stricmp. See online help for details. [C:\code\telemetry-platform\build_clean\_deps\hiredis-build\hiredis.vcxproj]
C:\code\telemetry-platform\build_clean\_deps\hiredis-src\read.c(308,37): warning C4996: 'stricmp': The POSIX name for this item is deprecated. Instead, use the ISO C and C++ conformant name: _stricmp. See online help for details. [C:\code\telemetry-platform\build_clean\_deps\hiredis-build\hiredis.vcxproj]
C:\code\telemetry-platform\build_clean\_deps\hiredis-src\read.c(410,36): warning C4267: '=': conversion from 'size_t' to 'unsigned long', possible loss of data [C:\code\telemetry-platform\build_clean\_deps\hiredis-build\hiredis.vcxproj]
C:\code\telemetry-platform\build_clean\_deps\hiredis-src\read.c(433,27): warning C4244: '+=': conversion from '__int64' to 'unsigned long', possible loss of data [C:\code\telemetry-platform\build_clean\_deps\hiredis-build\hiredis.vcxproj]
  sds.c
C:\code\telemetry-platform\build_clean\_deps\hiredis-src\sds.c(102,24): warning C4267: '=': conversion from 'size_t' to 'unsigned char', possible loss of data [C:\code\telemetry-platform\build_clean\_deps\hiredis-build\hiredis.vcxproj]
C:\code\telemetry-platform\build_clean\_deps\hiredis-src\sds.c(107,23): warning C4267: '=': conversion from 'size_t' to 'uint8_t', possible loss of data [C:\code\telemetry-platform\build_clean\_deps\hiredis-build\hiredis.vcxproj]
C:\code\telemetry-platform\build_clean\_deps\hiredis-src\sds.c(108,25): warning C4267: '=': conversion from 'size_t' to 'uint8_t', possible loss of data [C:\code\telemetry-platform\build_clean\_deps\hiredis-build\hiredis.vcxproj]
C:\code\telemetry-platform\build_clean\_deps\hiredis-src\sds.c(114,23): warning C4267: '=': conversion from 'size_t' to 'uint16_t', possible loss of data [C:\code\telemetry-platform\build_clean\_deps\hiredis-build\hiredis.vcxproj]
C:\code\telemetry-platform\build_clean\_deps\hiredis-src\sds.c(115,25): warning C4267: '=': conversion from 'size_t' to 'uint16_t', possible loss of data [C:\code\telemetry-platform\build_clean\_deps\hiredis-build\hiredis.vcxproj]
C:\code\telemetry-platform\build_clean\_deps\hiredis-src\sds.c(121,23): warning C4267: '=': conversion from 'size_t' to 'uint32_t', possible loss of data [C:\code\telemetry-platform\build_clean\_deps\hiredis-build\hiredis.vcxproj]
C:\code\telemetry-platform\build_clean\_deps\hiredis-src\sds.c(122,25): warning C4267: '=': conversion from 'size_t' to 'uint32_t', possible loss of data [C:\code\telemetry-platform\build_clean\_deps\hiredis-build\hiredis.vcxproj]
C:\code\telemetry-platform\build_clean\_deps\hiredis-src\sds.c(462,12): warning C4267: 'return': conversion from 'size_t' to 'int', possible loss of data [C:\code\telemetry-platform\build_clean\_deps\hiredis-build\hiredis.vcxproj]
C:\code\telemetry-platform\build_clean\_deps\hiredis-src\sds.c(491,12): warning C4267: 'return': conversion from 'size_t' to 'int', possible loss of data [C:\code\telemetry-platform\build_clean\_deps\hiredis-build\hiredis.vcxproj]
C:\code\telemetry-platform\build_clean\_deps\hiredis-src\sds.c(590,9): warning C4267: '=': conversion from 'size_t' to 'long', possible loss of data [C:\code\telemetry-platform\build_clean\_deps\hiredis-build\hiredis.vcxproj]
C:\code\telemetry-platform\build_clean\_deps\hiredis-src\sds.c(618,22): warning C4267: '+=': conversion from 'size_t' to 'long', possible loss of data [C:\code\telemetry-platform\build_clean\_deps\hiredis-build\hiredis.vcxproj]
C:\code\telemetry-platform\build_clean\_deps\hiredis-src\sds.c(635,26): warning C4267: '+=': conversion from 'size_t' to 'long', possible loss of data [C:\code\telemetry-platform\build_clean\_deps\hiredis-build\hiredis.vcxproj]
C:\code\telemetry-platform\build_clean\_deps\hiredis-src\sds.c(653,26): warning C4267: '+=': conversion from 'size_t' to 'long', possible loss of data [C:\code\telemetry-platform\build_clean\_deps\hiredis-build\hiredis.vcxproj]
C:\code\telemetry-platform\build_clean\_deps\hiredis-src\sds.c(792,28): warning C4267: 'return': conversion from 'size_t' to 'int', possible loss of data [C:\code\telemetry-platform\build_clean\_deps\hiredis-build\hiredis.vcxproj]
  sockcompat.c
  RedisClient.cpp
  randen_round_keys.cc
  Generating Code...
  Building Custom Rule C:/code/telemetry-platform/build_clean/_deps/protobuf-src/third_party/abseil-cpp/absl/random/CMakeLists.txt
  random_internal_platform.vcxproj -> C:\code\telemetry-platform\build_clean\_deps\protobuf-build\third_party\abseil-cpp\absl\random\Release\absl_random_internal_platform.lib
  seed_gen_exception.cc
  time_zone_impl.cc
  Building Custom Rule C:/code/telemetry-platform/build_clean/_deps/redis++-src/CMakeLists.txt
  Auto build dll exports
  SerialPortSim.cpp
  command.cpp
  Generating Code...
     Creating library C:/code/telemetry-platform/build_clean/_deps/hiredis-build/Release/hiredis.lib and object C:/code/telemetry-platform/build_clean/_deps/hiredis-build/Release/hiredis.exp
C:\code\telemetry-platform\build_clean\common\hiredis_wrapper\hiredis\sds.h(59,10): warning C4200: nonstandard extension used: zero-sized array in struct/union [C:\code\telemetry-platform\build_clean\_deps\redis++-build\redis++_static.vcxproj]
  hiredis.vcxproj -> C:\code\telemetry-platform\build_clean\_deps\hiredis-build\Release\hiredis.dll
  (compiling source file '../redis++-src/src/sw/redis++/command.cpp')
      C:\code\telemetry-platform\build_clean\common\hiredis_wrapper\hiredis\sds.h(59,10):
      This member will be ignored by a defaulted constructor or copy/move assignment operator
  
C:\code\telemetry-platform\build_clean\common\hiredis_wrapper\hiredis\sds.h(65,10): warning C4200: nonstandard extension used: zero-sized array in struct/union [C:\code\telemetry-platform\build_clean\_deps\redis++-build\redis++_static.vcxproj]
  (compiling source file '../redis++-src/src/sw/redis++/command.cpp')
      C:\code\telemetry-platform\build_clean\common\hiredis_wrapper\hiredis\sds.h(65,10):
      This member will be ignored by a defaulted constructor or copy/move assignment operator
  
C:\code\telemetry-platform\build_clean\common\hiredis_wrapper\hiredis\sds.h(71,10): warning C4200: nonstandard extension used: zero-sized array in struct/union [C:\code\telemetry-platform\build_clean\_deps\redis++-build\redis++_static.vcxproj]
  (compiling source file '../redis++-src/src/sw/redis++/command.cpp')
      C:\code\telemetry-platform\build_clean\common\hiredis_wrapper\hiredis\sds.h(71,10):
      This member will be ignored by a defaulted constructor or copy/move assignment operator
  
C:\code\telemetry-platform\build_clean\common\hiredis_wrapper\hiredis\sds.h(77,10): warning C4200: nonstandard extension used: zero-sized array in struct/union [C:\code\telemetry-platform\build_clean\_deps\redis++-build\redis++_static.vcxproj]
  (compiling source file '../redis++-src/src/sw/redis++/command.cpp')
      C:\code\telemetry-platform\build_clean\common\hiredis_wrapper\hiredis\sds.h(77,10):
      This member will be ignored by a defaulted constructor or copy/move assignment operator
  
C:\code\telemetry-platform\build_clean\common\hiredis_wrapper\hiredis\sds.h(83,10): warning C4200: nonstandard extension used: zero-sized array in struct/union [C:\code\telemetry-platform\build_clean\_deps\redis++-build\redis++_static.vcxproj]
  random_seed_gen_exception.vcxproj -> C:\code\telemetry-platform\build_clean\_deps\protobuf-build\third_party\abseil-cpp\absl\random\Release\absl_random_seed_gen_exception.lib
  (compiling source file '../redis++-src/src/sw/redis++/command.cpp')
      C:\code\telemetry-platform\build_clean\common\hiredis_wrapper\hiredis\sds.h(83,10):
      This member will be ignored by a defaulted constructor or copy/move assignment operator
  
  time_zone_info.cc
  command_options.cpp
  gmock-all.cc
  gmock-all.cc
  Building Custom Rule C:/code/telemetry-platform/build_clean/_deps/protobuf-src/third_party/abseil-cpp/absl/base/CMakeLists.txt
  Building Custom Rule C:/code/telemetry-platform/ingestion/gui/CMakeLists.txt
C:\code\telemetry-platform\build_clean\common\hiredis_wrapper\hiredis\sds.h(59,10): warning C4200: nonstandard extension used: zero-sized array in struct/union [C:\code\telemetry-platform\build_clean\_deps\redis++-build\redis++_static.vcxproj]
  (compiling source file '../redis++-src/src/sw/redis++/command_options.cpp')
      C:\code\telemetry-platform\build_clean\common\hiredis_wrapper\hiredis\sds.h(59,10):
      This member will be ignored by a defaulted constructor or copy/move assignment operator
  
C:\code\telemetry-platform\build_clean\common\hiredis_wrapper\hiredis\sds.h(65,10): warning C4200: nonstandard extension used: zero-sized array in struct/union [C:\code\telemetry-platform\build_clean\_deps\redis++-build\redis++_static.vcxproj]
  (compiling source file '../redis++-src/src/sw/redis++/command_options.cpp')
      C:\code\telemetry-platform\build_clean\common\hiredis_wrapper\hiredis\sds.h(65,10):
      This member will be ignored by a defaulted constructor or copy/move assignment operator
  
C:\code\telemetry-platform\build_clean\common\hiredis_wrapper\hiredis\sds.h(71,10): warning C4200: nonstandard extension used: zero-sized array in struct/union [C:\code\telemetry-platform\build_clean\_deps\redis++-build\redis++_static.vcxproj]
  (compiling source file '../redis++-src/src/sw/redis++/command_options.cpp')
      C:\code\telemetry-platform\build_clean\common\hiredis_wrapper\hiredis\sds.h(71,10):
      This member will be ignored by a defaulted constructor or copy/move assignment operator
  
C:\code\telemetry-platform\build_clean\common\hiredis_wrapper\hiredis\sds.h(77,10): warning C4200: nonstandard extension used: zero-sized array in struct/union [C:\code\telemetry-platform\build_clean\_deps\redis++-build\redis++_static.vcxproj]
  (compiling source file '../redis++-src/src/sw/redis++/command_options.cpp')
      C:\code\telemetry-platform\build_clean\common\hiredis_wrapper\hiredis\sds.h(77,10):
      This member will be ignored by a defaulted constructor or copy/move assignment operator
  
C:\code\telemetry-platform\build_clean\common\hiredis_wrapper\hiredis\sds.h(83,10): warning C4200: nonstandard extension used: zero-sized array in struct/union [C:\code\telemetry-platform\build_clean\_deps\redis++-build\redis++_static.vcxproj]
  (compiling source file '../redis++-src/src/sw/redis++/command_options.cpp')
      C:\code\telemetry-platform\build_clean\common\hiredis_wrapper\hiredis\sds.h(83,10):
      This member will be ignored by a defaulted constructor or copy/move assignment operator
  
  connection.cpp
  main_gui.cpp
  TELEMETRY_PROCESSOR_core.vcxproj -> C:\code\telemetry-platform\build_clean\processing\src\Release\TELEMETRY_PROCESSOR_core.lib
  raw_logging.cc
  Generating Code...
  time_zone_libc.cc
C:\code\telemetry-platform\build_clean\common\hiredis_wrapper\hiredis\sds.h(59,10): warning C4200: nonstandard extension used: zero-sized array in struct/union [C:\code\telemetry-platform\build_clean\_deps\redis++-build\redis++_static.vcxproj]
  (compiling source file '../../_deps/redis++-src/src/sw/redis++/connection.cpp')
      C:\code\telemetry-platform\build_clean\common\hiredis_wrapper\hiredis\sds.h(59,10):
      This member will be ignored by a defaulted constructor or copy/move assignment operator
  
C:\code\telemetry-platform\build_clean\common\hiredis_wrapper\hiredis\sds.h(65,10): warning C4200: nonstandard extension used: zero-sized array in struct/union [C:\code\telemetry-platform\build_clean\_deps\redis++-build\redis++_static.vcxproj]
  (compiling source file '../../_deps/redis++-src/src/sw/redis++/connection.cpp')
      C:\code\telemetry-platform\build_clean\common\hiredis_wrapper\hiredis\sds.h(65,10):
      This member will be ignored by a defaulted constructor or copy/move assignment operator
  
C:\code\telemetry-platform\build_clean\common\hiredis_wrapper\hiredis\sds.h(71,10): warning C4200: nonstandard extension used: zero-sized array in struct/union [C:\code\telemetry-platform\build_clean\_deps\redis++-build\redis++_static.vcxproj]
  (compiling source file '../../_deps/redis++-src/src/sw/redis++/connection.cpp')
      C:\code\telemetry-platform\build_clean\common\hiredis_wrapper\hiredis\sds.h(71,10):
      This member will be ignored by a defaulted constructor or copy/move assignment operator
  
C:\code\telemetry-platform\build_clean\common\hiredis_wrapper\hiredis\sds.h(77,10): warning C4200: nonstandard extension used: zero-sized array in struct/union [C:\code\telemetry-platform\build_clean\_deps\redis++-build\redis++_static.vcxproj]
  (compiling source file '../../_deps/redis++-src/src/sw/redis++/connection.cpp')
      C:\code\telemetry-platform\build_clean\common\hiredis_wrapper\hiredis\sds.h(77,10):
      This member will be ignored by a defaulted constructor or copy/move assignment operator
  
C:\code\telemetry-platform\build_clean\common\hiredis_wrapper\hiredis\sds.h(83,10): warning C4200: nonstandard extension used: zero-sized array in struct/union [C:\code\telemetry-platform\build_clean\_deps\redis++-build\redis++_static.vcxproj]
  (compiling source file '../../_deps/redis++-src/src/sw/redis++/connection.cpp')
      C:\code\telemetry-platform\build_clean\common\hiredis_wrapper\hiredis\sds.h(83,10):
      This member will be ignored by a defaulted constructor or copy/move assignment operator
  
  gtest.vcxproj -> C:\code\telemetry-platform\build_clean\lib\Release\gtest.lib
  Building Custom Rule C:/code/telemetry-platform/processing/src/CMakeLists.txt
  Building Custom Rule C:/code/telemetry-platform/build_clean/_deps/protobuf-src/third_party/abseil-cpp/absl/profiling/CMakeLists.txt
  Building Custom Rule C:/code/telemetry-platform/processing/examples/CMakeLists.txt
  Building Custom Rule C:/code/telemetry-platform/build_clean/_deps/protobuf-src/third_party/abseil-cpp/absl/random/CMakeLists.txt
  Building Custom Rule C:/code/telemetry-platform/build_clean/_deps/protobuf-src/third_party/abseil-cpp/absl/random/CMakeLists.txt
  randen_hwaes.cc
  Building Custom Rule C:/code/telemetry-platform/build_clean/_deps/protobuf-src/third_party/utf8_range/CMakeLists.txt
  randen_slow.cc
  naive.c
  time_zone_lookup.cc
  range2-neon.c
  range2-sse.c
  Generating Code...
  raw_logging_internal.vcxproj -> C:\code\telemetry-platform\build_clean\_deps\protobuf-build\third_party\abseil-cpp\absl\base\Release\absl_raw_logging_internal.lib
  device.vcxproj -> C:\code\telemetry-platform\build_clean\ingestion\device\Release\device.lib
  periodic_sampler.cc
C:\code\telemetry-platform\build_clean\_deps\redis++-src\src\sw\redis++\connection.cpp(153,25): warning C4244: '=': conversion from '_Rep' to 'long', possible loss of data [C:\code\telemetry-platform\build_clean\_deps\redis++-build\redis++_static.vcxproj]
C:\code\telemetry-platform\build_clean\_deps\redis++-src\src\sw\redis++\connection.cpp(153,25): warning C4244:         with [C:\code\telemetry-platform\build_clean\_deps\redis++-build\redis++_static.vcxproj]
C:\code\telemetry-platform\build_clean\_deps\redis++-src\src\sw\redis++\connection.cpp(153,25): warning C4244:         [ [C:\code\telemetry-platform\build_clean\_deps\redis++-build\redis++_static.vcxproj]
C:\code\telemetry-platform\build_clean\_deps\redis++-src\src\sw\redis++\connection.cpp(153,25): warning C4244:             _Rep=__int64 [C:\code\telemetry-platform\build_clean\_deps\redis++-build\redis++_static.vcxproj]
C:\code\telemetry-platform\build_clean\_deps\redis++-src\src\sw\redis++\connection.cpp(153,25): warning C4244:         ] [C:\code\telemetry-platform\build_clean\_deps\redis++-build\redis++_static.vcxproj]
C:\code\telemetry-platform\build_clean\_deps\redis++-src\src\sw\redis++\connection.cpp(154,27): warning C4244: '=': conversion from '_Rep' to 'long', possible loss of data [C:\code\telemetry-platform\build_clean\_deps\redis++-build\redis++_static.vcxproj]
C:\code\telemetry-platform\build_clean\_deps\redis++-src\src\sw\redis++\connection.cpp(154,27): warning C4244:         with [C:\code\telemetry-platform\build_clean\_deps\redis++-build\redis++_static.vcxproj]
C:\code\telemetry-platform\build_clean\_deps\redis++-src\src\sw\redis++\connection.cpp(154,27): warning C4244:         [ [C:\code\telemetry-platform\build_clean\_deps\redis++-build\redis++_static.vcxproj]
C:\code\telemetry-platform\build_clean\_deps\redis++-src\src\sw\redis++\connection.cpp(154,27): warning C4244:             _Rep=__int64 [C:\code\telemetry-platform\build_clean\_deps\redis++-build\redis++_static.vcxproj]
C:\code\telemetry-platform\build_clean\_deps\redis++-src\src\sw\redis++\connection.cpp(154,27): warning C4244:         ] [C:\code\telemetry-platform\build_clean\_deps\redis++-build\redis++_static.vcxproj]
  utf8_range.vcxproj -> C:\code\telemetry-platform\build_clean\_deps\protobuf-build\third_party\utf8_range\Release\utf8_range.lib
  simple_producer.cpp
  main.cpp
  connection_pool.cpp
  random_internal_randen_hwaes_impl.vcxproj -> C:\code\telemetry-platform\build_clean\_deps\protobuf-build\third_party\abseil-cpp\absl\random\Release\absl_random_internal_randen_hwaes_impl.lib
  periodic_sampler.vcxproj -> C:\code\telemetry-platform\build_clean\_deps\protobuf-build\third_party\abseil-cpp\absl\profiling\Release\absl_periodic_sampler.lib
  gmock_main.cc
  Building Custom Rule C:/code/telemetry-platform/ingestion/tools/CMakeLists.txt
  Building Custom Rule C:/code/telemetry-platform/ingestion/tools/CMakeLists.txt
  Generating Code...
  Building Custom Rule C:/code/telemetry-platform/ingestion/tools/CMakeLists.txt
  Building Custom Rule C:/code/telemetry-platform/ingestion/tools/CMakeLists.txt
  random_internal_randen_slow.vcxproj -> C:\code\telemetry-platform\build_clean\_deps\protobuf-build\third_party\abseil-cpp\absl\random\Release\absl_random_internal_randen_slow.lib
  Building Custom Rule C:/code/telemetry-platform/ingestion/gateway/CMakeLists.txt
  device_simulator_cli.cpp
C:\code\telemetry-platform\build_clean\common\hiredis_wrapper\hiredis\sds.h(59,10): warning C4200: nonstandard extension used: zero-sized array in struct/union [C:\code\telemetry-platform\build_clean\_deps\redis++-build\redis++_static.vcxproj]
  (compiling source file '../../_deps/redis++-src/src/sw/redis++/connection_pool.cpp')
      C:\code\telemetry-platform\build_clean\common\hiredis_wrapper\hiredis\sds.h(59,10):
      This member will be ignored by a defaulted constructor or copy/move assignment operator
  
C:\code\telemetry-platform\build_clean\common\hiredis_wrapper\hiredis\sds.h(65,10): warning C4200: nonstandard extension used: zero-sized array in struct/union [C:\code\telemetry-platform\build_clean\_deps\redis++-build\redis++_static.vcxproj]
  (compiling source file '../../_deps/redis++-src/src/sw/redis++/connection_pool.cpp')
      C:\code\telemetry-platform\build_clean\common\hiredis_wrapper\hiredis\sds.h(65,10):
      This member will be ignored by a defaulted constructor or copy/move assignment operator
  
C:\code\telemetry-platform\build_clean\common\hiredis_wrapper\hiredis\sds.h(71,10): warning C4200: nonstandard extension used: zero-sized array in struct/union [C:\code\telemetry-platform\build_clean\_deps\redis++-build\redis++_static.vcxproj]
  (compiling source file '../../_deps/redis++-src/src/sw/redis++/connection_pool.cpp')
      C:\code\telemetry-platform\build_clean\common\hiredis_wrapper\hiredis\sds.h(71,10):
      This member will be ignored by a defaulted constructor or copy/move assignment operator
  
C:\code\telemetry-platform\build_clean\common\hiredis_wrapper\hiredis\sds.h(77,10): warning C4200: nonstandard extension used: zero-sized array in struct/union [C:\code\telemetry-platform\build_clean\_deps\redis++-build\redis++_static.vcxproj]
  (compiling source file '../../_deps/redis++-src/src/sw/redis++/connection_pool.cpp')
      C:\code\telemetry-platform\build_clean\common\hiredis_wrapper\hiredis\sds.h(77,10):
      This member will be ignored by a defaulted constructor or copy/move assignment operator
  
C:\code\telemetry-platform\build_clean\common\hiredis_wrapper\hiredis\sds.h(83,10): warning C4200: nonstandard extension used: zero-sized array in struct/union [C:\code\telemetry-platform\build_clean\_deps\redis++-build\redis++_static.vcxproj]
  (compiling source file '../../_deps/redis++-src/src/sw/redis++/connection_pool.cpp')
      C:\code\telemetry-platform\build_clean\common\hiredis_wrapper\hiredis\sds.h(83,10):
      This member will be ignored by a defaulted constructor or copy/move assignment operator
  
  device_state_test.cpp
  GatewayCore.cpp
  crc16.cpp
  errors.cpp
  Generating Code...
C:\code\telemetry-platform\build_clean\common\hiredis_wrapper\hiredis\sds.h(59,10): warning C4200: nonstandard extension used: zero-sized array in struct/union [C:\code\telemetry-platform\build_clean\_deps\redis++-build\redis++_static.vcxproj]
  (compiling source file '../../_deps/redis++-src/src/sw/redis++/errors.cpp')
      C:\code\telemetry-platform\build_clean\common\hiredis_wrapper\hiredis\sds.h(59,10):
      This member will be ignored by a defaulted constructor or copy/move assignment operator
  
C:\code\telemetry-platform\build_clean\common\hiredis_wrapper\hiredis\sds.h(65,10): warning C4200: nonstandard extension used: zero-sized array in struct/union [C:\code\telemetry-platform\build_clean\_deps\redis++-build\redis++_static.vcxproj]
  (compiling source file '../../_deps/redis++-src/src/sw/redis++/errors.cpp')
      C:\code\telemetry-platform\build_clean\common\hiredis_wrapper\hiredis\sds.h(65,10):
      This member will be ignored by a defaulted constructor or copy/move assignment operator
  
C:\code\telemetry-platform\build_clean\common\hiredis_wrapper\hiredis\sds.h(71,10): warning C4200: nonstandard extension used: zero-sized array in struct/union [C:\code\telemetry-platform\build_clean\_deps\redis++-build\redis++_static.vcxproj]
  (compiling source file '../../_deps/redis++-src/src/sw/redis++/errors.cpp')
      C:\code\telemetry-platform\build_clean\common\hiredis_wrapper\hiredis\sds.h(71,10):
      This member will be ignored by a defaulted constructor or copy/move assignment operator
  
C:\code\telemetry-platform\build_clean\common\hiredis_wrapper\hiredis\sds.h(77,10): warning C4200: nonstandard extension used: zero-sized array in struct/union [C:\code\telemetry-platform\build_clean\_deps\redis++-build\redis++_static.vcxproj]
  (compiling source file '../../_deps/redis++-src/src/sw/redis++/errors.cpp')
      C:\code\telemetry-platform\build_clean\common\hiredis_wrapper\hiredis\sds.h(77,10):
      This member will be ignored by a defaulted constructor or copy/move assignment operator
  
C:\code\telemetry-platform\build_clean\common\hiredis_wrapper\hiredis\sds.h(83,10): warning C4200: nonstandard extension used: zero-sized array in struct/union [C:\code\telemetry-platform\build_clean\_deps\redis++-build\redis++_static.vcxproj]
  (compiling source file '../../_deps/redis++-src/src/sw/redis++/errors.cpp')
      C:\code\telemetry-platform\build_clean\common\hiredis_wrapper\hiredis\sds.h(83,10):
      This member will be ignored by a defaulted constructor or copy/move assignment operator
  
  pipeline.cpp
C:\code\telemetry-platform\build_clean\common\hiredis_wrapper\hiredis\sds.h(59,10): warning C4200: nonstandard extension used: zero-sized array in struct/union [C:\code\telemetry-platform\build_clean\_deps\redis++-build\redis++_static.vcxproj]
  (compiling source file '../../_deps/redis++-src/src/sw/redis++/pipeline.cpp')
      C:\code\telemetry-platform\build_clean\common\hiredis_wrapper\hiredis\sds.h(59,10):
      This member will be ignored by a defaulted constructor or copy/move assignment operator
  
C:\code\telemetry-platform\build_clean\common\hiredis_wrapper\hiredis\sds.h(65,10): warning C4200: nonstandard extension used: zero-sized array in struct/union [C:\code\telemetry-platform\build_clean\_deps\redis++-build\redis++_static.vcxproj]
C:\code\telemetry-platform\ingestion\gateway\include\telemetryhub\gateway\Log.h(24,18): warning C4996: 'fopen': This function or variable may be unsafe. Consider using fopen_s instead. To disable deprecation, use _CRT_SECURE_NO_WARNINGS. See online help for details. [C:\code\telemetry-platform\build_clean\ingestion\gateway\gateway_core.vcxproj]
  (compiling source file '../../../ingestion/gateway/src/GatewayCore.cpp')
  
C:\code\telemetry-platform\ingestion\gateway\include\telemetryhub\gateway\Log.h(33,61): warning C4996: 'localtime': This function or variable may be unsafe. Consider using localtime_s instead. To disable deprecation, use _CRT_SECURE_NO_WARNINGS. See online help for details. [C:\code\telemetry-platform\build_clean\ingestion\gateway\gateway_core.vcxproj]
  (compiling source file '../../../ingestion/gateway/src/GatewayCore.cpp')
  
  (compiling source file '../../_deps/redis++-src/src/sw/redis++/pipeline.cpp')
      C:\code\telemetry-platform\build_clean\common\hiredis_wrapper\hiredis\sds.h(65,10):
      This member will be ignored by a defaulted constructor or copy/move assignment operator
  
C:\code\telemetry-platform\build_clean\common\hiredis_wrapper\hiredis\sds.h(71,10): warning C4200: nonstandard extension used: zero-sized array in struct/union [C:\code\telemetry-platform\build_clean\_deps\redis++-build\redis++_static.vcxproj]
  (compiling source file '../../_deps/redis++-src/src/sw/redis++/pipeline.cpp')
      C:\code\telemetry-platform\build_clean\common\hiredis_wrapper\hiredis\sds.h(71,10):
      This member will be ignored by a defaulted constructor or copy/move assignment operator
  
C:\code\telemetry-platform\build_clean\common\hiredis_wrapper\hiredis\sds.h(77,10): warning C4200: nonstandard extension used: zero-sized array in struct/union [C:\code\telemetry-platform\build_clean\_deps\redis++-build\redis++_static.vcxproj]
  (compiling source file '../../_deps/redis++-src/src/sw/redis++/pipeline.cpp')
      C:\code\telemetry-platform\build_clean\common\hiredis_wrapper\hiredis\sds.h(77,10):
      This member will be ignored by a defaulted constructor or copy/move assignment operator
  
C:\code\telemetry-platform\build_clean\common\hiredis_wrapper\hiredis\sds.h(83,10): warning C4200: nonstandard extension used: zero-sized array in struct/union [C:\code\telemetry-platform\build_clean\_deps\redis++-build\redis++_static.vcxproj]
  (compiling source file '../../_deps/redis++-src/src/sw/redis++/pipeline.cpp')
      C:\code\telemetry-platform\build_clean\common\hiredis_wrapper\hiredis\sds.h(83,10):
      This member will be ignored by a defaulted constructor or copy/move assignment operator
  
  redis.cpp
  time_zone_posix.cc
  MainWindow.cpp
  raii_demo.cpp
C:\code\telemetry-platform\build_clean\common\hiredis_wrapper\hiredis\sds.h(59,10): warning C4200: nonstandard extension used: zero-sized array in struct/union [C:\code\telemetry-platform\build_clean\_deps\redis++-build\redis++_static.vcxproj]
  (compiling source file '../../_deps/redis++-src/src/sw/redis++/redis.cpp')
      C:\code\telemetry-platform\build_clean\common\hiredis_wrapper\hiredis\sds.h(59,10):
      This member will be ignored by a defaulted constructor or copy/move assignment operator
  
C:\code\telemetry-platform\build_clean\common\hiredis_wrapper\hiredis\sds.h(65,10): warning C4200: nonstandard extension used: zero-sized array in struct/union [C:\code\telemetry-platform\build_clean\_deps\redis++-build\redis++_static.vcxproj]
  (compiling source file '../../_deps/redis++-src/src/sw/redis++/redis.cpp')
      C:\code\telemetry-platform\build_clean\common\hiredis_wrapper\hiredis\sds.h(65,10):
      This member will be ignored by a defaulted constructor or copy/move assignment operator
  
C:\code\telemetry-platform\build_clean\common\hiredis_wrapper\hiredis\sds.h(71,10): warning C4200: nonstandard extension used: zero-sized array in struct/union [C:\code\telemetry-platform\build_clean\_deps\redis++-build\redis++_static.vcxproj]
  (compiling source file '../../_deps/redis++-src/src/sw/redis++/redis.cpp')
      C:\code\telemetry-platform\build_clean\common\hiredis_wrapper\hiredis\sds.h(71,10):
      This member will be ignored by a defaulted constructor or copy/move assignment operator
  
C:\code\telemetry-platform\build_clean\common\hiredis_wrapper\hiredis\sds.h(77,10): warning C4200: nonstandard extension used: zero-sized array in struct/union [C:\code\telemetry-platform\build_clean\_deps\redis++-build\redis++_static.vcxproj]
  (compiling source file '../../_deps/redis++-src/src/sw/redis++/redis.cpp')
      C:\code\telemetry-platform\build_clean\common\hiredis_wrapper\hiredis\sds.h(77,10):
      This member will be ignored by a defaulted constructor or copy/move assignment operator
  
C:\code\telemetry-platform\build_clean\common\hiredis_wrapper\hiredis\sds.h(83,10): warning C4200: nonstandard extension used: zero-sized array in struct/union [C:\code\telemetry-platform\build_clean\_deps\redis++-build\redis++_static.vcxproj]
  (compiling source file '../../_deps/redis++-src/src/sw/redis++/redis.cpp')
      C:\code\telemetry-platform\build_clean\common\hiredis_wrapper\hiredis\sds.h(83,10):
      This member will be ignored by a defaulted constructor or copy/move assignment operator
  
  zone_info_source.cc
  device_simulator_cli.vcxproj -> C:\code\telemetry-platform\build_clean\ingestion\tools\Release\device_simulator_cli.exe
  TelemetryQueue.cpp
  device_smoke.cpp
  gmock.vcxproj -> C:\code\telemetry-platform\build_clean\lib\Release\gmock.lib
  Generating Code...
  device_state_test.vcxproj -> C:\code\telemetry-platform\build_clean\ingestion\tools\Release\device_state_test.exe
  Building Custom Rule C:/code/telemetry-platform/build_clean/_deps/googletest-src/googletest/CMakeLists.txt
  gtest_main.cc
  redis_cluster.cpp
  raii_demo.vcxproj -> C:\code\telemetry-platform\build_clean\ingestion\tools\Release\raii_demo.exe
  Building Custom Rule C:/code/telemetry-platform/build_clean/_deps/protobuf-src/third_party/abseil-cpp/absl/base/CMakeLists.txt
C:\code\telemetry-platform\build_clean\common\hiredis_wrapper\hiredis\sds.h(59,10): warning C4200: nonstandard extension used: zero-sized array in struct/union [C:\code\telemetry-platform\build_clean\_deps\redis++-build\redis++_static.vcxproj]
  (compiling source file '../../_deps/redis++-src/src/sw/redis++/redis_cluster.cpp')
      C:\code\telemetry-platform\build_clean\common\hiredis_wrapper\hiredis\sds.h(59,10):
      This member will be ignored by a defaulted constructor or copy/move assignment operator
  
C:\code\telemetry-platform\build_clean\common\hiredis_wrapper\hiredis\sds.h(65,10): warning C4200: nonstandard extension used: zero-sized array in struct/union [C:\code\telemetry-platform\build_clean\_deps\redis++-build\redis++_static.vcxproj]
  (compiling source file '../../_deps/redis++-src/src/sw/redis++/redis_cluster.cpp')
      C:\code\telemetry-platform\build_clean\common\hiredis_wrapper\hiredis\sds.h(65,10):
      This member will be ignored by a defaulted constructor or copy/move assignment operator
  
C:\code\telemetry-platform\build_clean\common\hiredis_wrapper\hiredis\sds.h(71,10): warning C4200: nonstandard extension used: zero-sized array in struct/union [C:\code\telemetry-platform\build_clean\_deps\redis++-build\redis++_static.vcxproj]
  (compiling source file '../../_deps/redis++-src/src/sw/redis++/redis_cluster.cpp')
      C:\code\telemetry-platform\build_clean\common\hiredis_wrapper\hiredis\sds.h(71,10):
      This member will be ignored by a defaulted constructor or copy/move assignment operator
  
C:\code\telemetry-platform\build_clean\common\hiredis_wrapper\hiredis\sds.h(77,10): warning C4200: nonstandard extension used: zero-sized array in struct/union [C:\code\telemetry-platform\build_clean\_deps\redis++-build\redis++_static.vcxproj]
  (compiling source file '../../_deps/redis++-src/src/sw/redis++/redis_cluster.cpp')
      C:\code\telemetry-platform\build_clean\common\hiredis_wrapper\hiredis\sds.h(77,10):
      This member will be ignored by a defaulted constructor or copy/move assignment operator
  
C:\code\telemetry-platform\build_clean\common\hiredis_wrapper\hiredis\sds.h(83,10): warning C4200: nonstandard extension used: zero-sized array in struct/union [C:\code\telemetry-platform\build_clean\_deps\redis++-build\redis++_static.vcxproj]
  (compiling source file '../../_deps/redis++-src/src/sw/redis++/redis_cluster.cpp')
      C:\code\telemetry-platform\build_clean\common\hiredis_wrapper\hiredis\sds.h(83,10):
      This member will be ignored by a defaulted constructor or copy/move assignment operator
  
  Building Custom Rule C:/code/telemetry-platform/build_clean/_deps/protobuf-src/third_party/abseil-cpp/absl/types/CMakeLists.txt
  telemetry_simple_producer.vcxproj -> C:\code\telemetry-platform\build_clean\processing\examples\Release\telemetry_simple_producer.exe
  Building Custom Rule C:/code/telemetry-platform/build_clean/_deps/protobuf-src/third_party/abseil-cpp/absl/types/CMakeLists.txt
  Building Custom Rule C:/code/telemetry-platform/build_clean/_deps/protobuf-src/third_party/abseil-cpp/absl/types/CMakeLists.txt
  Building Custom Rule C:/code/telemetry-platform/build_clean/_deps/protobuf-src/third_party/abseil-cpp/absl/debugging/CMakeLists.txt
  Building Custom Rule C:/code/telemetry-platform/build_clean/_deps/protobuf-src/third_party/abseil-cpp/absl/strings/CMakeLists.txt
  throw_delegate.cc
  cordz_functions.cc
  RestCloudClient.cpp
  bad_any_cast.cc
  address_is_readable.cc
  bad_variant_access.cc
  Building Custom Rule C:/code/telemetry-platform/build_clean/_deps/protobuf-src/third_party/abseil-cpp/absl/random/CMakeLists.txt
  elf_mem_image.cc
  vdso_support.cc
  redis_uri.cpp
  Building Custom Rule C:/code/telemetry-platform/build_clean/_deps/protobuf-src/third_party/abseil-cpp/absl/base/CMakeLists.txt
  Generating Code...
  scoped_set_env.cc
  bad_any_cast_impl.vcxproj -> C:\code\telemetry-platform\build_clean\_deps\protobuf-build\third_party\abseil-cpp\absl\types\Release\absl_bad_any_cast_impl.lib
  debugging_internal.vcxproj -> C:\code\telemetry-platform\build_clean\_deps\protobuf-build\third_party\abseil-cpp\absl\debugging\Release\absl_debugging_internal.lib
  time_zone.vcxproj -> C:\code\telemetry-platform\build_clean\_deps\protobuf-build\third_party\abseil-cpp\absl\time\Release\absl_time_zone.lib
  bad_optional_access.cc
  throw_delegate.vcxproj -> C:\code\telemetry-platform\build_clean\_deps\protobuf-build\third_party\abseil-cpp\absl\base\Release\absl_throw_delegate.lib
  Building Custom Rule C:/code/telemetry-platform/build_clean/_deps/protobuf-src/third_party/abseil-cpp/absl/debugging/CMakeLists.txt
  device_smoke.vcxproj -> C:\code\telemetry-platform\build_clean\ingestion\tools\Release\device_smoke.exe
  gtest_main.vcxproj -> C:\code\telemetry-platform\build_clean\lib\Release\gtest_main.lib
  randen_detect.cc
  stacktrace.cc
  TELEMETRY_PROCESSOR_demo.vcxproj -> C:\code\telemetry-platform\build_clean\processing\src\Release\TELEMETRY_PROCESSOR_demo.exe
C:\code\telemetry-platform\build_clean\common\hiredis_wrapper\hiredis\sds.h(59,10): warning C4200: nonstandard extension used: zero-sized array in struct/union [C:\code\telemetry-platform\build_clean\_deps\redis++-build\redis++_static.vcxproj]
  (compiling source file '../../_deps/redis++-src/src/sw/redis++/redis_uri.cpp')
      C:\code\telemetry-platform\build_clean\common\hiredis_wrapper\hiredis\sds.h(59,10):
      This member will be ignored by a defaulted constructor or copy/move assignment operator
  
C:\code\telemetry-platform\build_clean\common\hiredis_wrapper\hiredis\sds.h(65,10): warning C4200: nonstandard extension used: zero-sized array in struct/union [C:\code\telemetry-platform\build_clean\_deps\redis++-build\redis++_static.vcxproj]
  (compiling source file '../../_deps/redis++-src/src/sw/redis++/redis_uri.cpp')
      C:\code\telemetry-platform\build_clean\common\hiredis_wrapper\hiredis\sds.h(65,10):
      This member will be ignored by a defaulted constructor or copy/move assignment operator
  
  Building Custom Rule C:/code/telemetry-platform/ingestion/tests/CMakeLists.txt
C:\code\telemetry-platform\build_clean\common\hiredis_wrapper\hiredis\sds.h(71,10): warning C4200: nonstandard extension used: zero-sized array in struct/union [C:\code\telemetry-platform\build_clean\_deps\redis++-build\redis++_static.vcxproj]
  (compiling source file '../../_deps/redis++-src/src/sw/redis++/redis_uri.cpp')
      C:\code\telemetry-platform\build_clean\common\hiredis_wrapper\hiredis\sds.h(71,10):
      This member will be ignored by a defaulted constructor or copy/move assignment operator
  
C:\code\telemetry-platform\build_clean\common\hiredis_wrapper\hiredis\sds.h(77,10): warning C4200: nonstandard extension used: zero-sized array in struct/union [C:\code\telemetry-platform\build_clean\_deps\redis++-build\redis++_static.vcxproj]
  (compiling source file '../../_deps/redis++-src/src/sw/redis++/redis_uri.cpp')
      C:\code\telemetry-platform\build_clean\common\hiredis_wrapper\hiredis\sds.h(77,10):
      This member will be ignored by a defaulted constructor or copy/move assignment operator
  
C:\code\telemetry-platform\build_clean\common\hiredis_wrapper\hiredis\sds.h(83,10): warning C4200: nonstandard extension used: zero-sized array in struct/union [C:\code\telemetry-platform\build_clean\_deps\redis++-build\redis++_static.vcxproj]
  (compiling source file '../../_deps/redis++-src/src/sw/redis++/redis_uri.cpp')
      C:\code\telemetry-platform\build_clean\common\hiredis_wrapper\hiredis\sds.h(83,10):
      This member will be ignored by a defaulted constructor or copy/move assignment operator
  
  Building Custom Rule C:/code/telemetry-platform/processing/tests/CMakeLists.txt
  test_serial_port_sim.cpp
  test_task.cpp
  bad_optional_access.vcxproj -> C:\code\telemetry-platform\build_clean\_deps\protobuf-build\third_party\abseil-cpp\absl\types\Release\absl_bad_optional_access.lib
  random_internal_randen_hwaes.vcxproj -> C:\code\telemetry-platform\build_clean\_deps\protobuf-build\third_party\abseil-cpp\absl\random\Release\absl_random_internal_randen_hwaes.lib
  stacktrace.vcxproj -> C:\code\telemetry-platform\build_clean\_deps\protobuf-build\third_party\abseil-cpp\absl\debugging\Release\absl_stacktrace.lib
  reply.cpp
C:\code\telemetry-platform\ingestion\gateway\include\telemetryhub\gateway\Log.h(24,18): warning C4996: 'fopen': This function or variable may be unsafe. Consider using fopen_s instead. To disable deprecation, use _CRT_SECURE_NO_WARNINGS. See online help for details. [C:\code\telemetry-platform\build_clean\ingestion\gateway\gateway_core.vcxproj]
  (compiling source file '../../../../ingestion/gateway/src/RestCloudClient.cpp')
  
C:\code\telemetry-platform\ingestion\gateway\include\telemetryhub\gateway\Log.h(33,61): warning C4996: 'localtime': This function or variable may be unsafe. Consider using localtime_s instead. To disable deprecation, use _CRT_SECURE_NO_WARNINGS. See online help for details. [C:\code\telemetry-platform\build_clean\ingestion\gateway\gateway_core.vcxproj]
  (compiling source file '../../../../ingestion/gateway/src/RestCloudClient.cpp')
  
  Building Custom Rule C:/code/telemetry-platform/build_clean/_deps/protobuf-src/third_party/abseil-cpp/absl/base/CMakeLists.txt
  scoped_set_env.vcxproj -> C:\code\telemetry-platform\build_clean\_deps\protobuf-build\third_party\abseil-cpp\absl\base\Release\absl_scoped_set_env.lib
  cycleclock.cc
  cordz_functions.vcxproj -> C:\code\telemetry-platform\build_clean\_deps\protobuf-build\third_party\abseil-cpp\absl\strings\Release\absl_cordz_functions.lib
C:\code\telemetry-platform\build_clean\common\hiredis_wrapper\hiredis\sds.h(59,10): warning C4200: nonstandard extension used: zero-sized array in struct/union [C:\code\telemetry-platform\build_clean\_deps\redis++-build\redis++_static.vcxproj]
  (compiling source file '../../redis++-src/src/sw/redis++/reply.cpp')
      C:\code\telemetry-platform\build_clean\common\hiredis_wrapper\hiredis\sds.h(59,10):
      This member will be ignored by a defaulted constructor or copy/move assignment operator
  
C:\code\telemetry-platform\build_clean\common\hiredis_wrapper\hiredis\sds.h(65,10): warning C4200: nonstandard extension used: zero-sized array in struct/union [C:\code\telemetry-platform\build_clean\_deps\redis++-build\redis++_static.vcxproj]
  (compiling source file '../../redis++-src/src/sw/redis++/reply.cpp')
      C:\code\telemetry-platform\build_clean\common\hiredis_wrapper\hiredis\sds.h(65,10):
      This member will be ignored by a defaulted constructor or copy/move assignment operator
  
C:\code\telemetry-platform\build_clean\common\hiredis_wrapper\hiredis\sds.h(71,10): warning C4200: nonstandard extension used: zero-sized array in struct/union [C:\code\telemetry-platform\build_clean\_deps\redis++-build\redis++_static.vcxproj]
  (compiling source file '../../redis++-src/src/sw/redis++/reply.cpp')
      C:\code\telemetry-platform\build_clean\common\hiredis_wrapper\hiredis\sds.h(71,10):
      This member will be ignored by a defaulted constructor or copy/move assignment operator
  
C:\code\telemetry-platform\build_clean\common\hiredis_wrapper\hiredis\sds.h(77,10): warning C4200: nonstandard extension used: zero-sized array in struct/union [C:\code\telemetry-platform\build_clean\_deps\redis++-build\redis++_static.vcxproj]
  (compiling source file '../../redis++-src/src/sw/redis++/reply.cpp')
      C:\code\telemetry-platform\build_clean\common\hiredis_wrapper\hiredis\sds.h(77,10):
      This member will be ignored by a defaulted constructor or copy/move assignment operator
  
C:\code\telemetry-platform\build_clean\common\hiredis_wrapper\hiredis\sds.h(83,10): warning C4200: nonstandard extension used: zero-sized array in struct/union [C:\code\telemetry-platform\build_clean\_deps\redis++-build\redis++_static.vcxproj]
  (compiling source file '../../redis++-src/src/sw/redis++/reply.cpp')
      C:\code\telemetry-platform\build_clean\common\hiredis_wrapper\hiredis\sds.h(83,10):
      This member will be ignored by a defaulted constructor or copy/move assignment operator
  
  gmock_main.vcxproj -> C:\code\telemetry-platform\build_clean\lib\Release\gmock_main.lib
  sentinel.cpp
  Building Custom Rule C:/code/telemetry-platform/build_clean/_deps/protobuf-src/third_party/abseil-cpp/absl/random/CMakeLists.txt
  bad_variant_access.vcxproj -> C:\code\telemetry-platform\build_clean\_deps\protobuf-build\third_party\abseil-cpp\absl\types\Release\absl_bad_variant_access.lib
  Config.cpp
  spinlock.cc
  randen.cc
  RestClient.cpp
C:\code\telemetry-platform\build_clean\common\hiredis_wrapper\hiredis\sds.h(59,10): warning C4200: nonstandard extension used: zero-sized array in struct/union [C:\code\telemetry-platform\build_clean\_deps\redis++-build\redis++_static.vcxproj]
  (compiling source file '../../../../../redis++-src/src/sw/redis++/sentinel.cpp')
      C:\code\telemetry-platform\build_clean\common\hiredis_wrapper\hiredis\sds.h(59,10):
      This member will be ignored by a defaulted constructor or copy/move assignment operator
  
C:\code\telemetry-platform\build_clean\common\hiredis_wrapper\hiredis\sds.h(65,10): warning C4200: nonstandard extension used: zero-sized array in struct/union [C:\code\telemetry-platform\build_clean\_deps\redis++-build\redis++_static.vcxproj]
  (compiling source file '../../../../../redis++-src/src/sw/redis++/sentinel.cpp')
      C:\code\telemetry-platform\build_clean\common\hiredis_wrapper\hiredis\sds.h(65,10):
      This member will be ignored by a defaulted constructor or copy/move assignment operator
  
C:\code\telemetry-platform\build_clean\common\hiredis_wrapper\hiredis\sds.h(71,10): warning C4200: nonstandard extension used: zero-sized array in struct/union [C:\code\telemetry-platform\build_clean\_deps\redis++-build\redis++_static.vcxproj]
  (compiling source file '../../../../../redis++-src/src/sw/redis++/sentinel.cpp')
      C:\code\telemetry-platform\build_clean\common\hiredis_wrapper\hiredis\sds.h(71,10):
      This member will be ignored by a defaulted constructor or copy/move assignment operator
  
C:\code\telemetry-platform\build_clean\common\hiredis_wrapper\hiredis\sds.h(77,10): warning C4200: nonstandard extension used: zero-sized array in struct/union [C:\code\telemetry-platform\build_clean\_deps\redis++-build\redis++_static.vcxproj]
  (compiling source file '../../../../../redis++-src/src/sw/redis++/sentinel.cpp')
      C:\code\telemetry-platform\build_clean\common\hiredis_wrapper\hiredis\sds.h(77,10):
      This member will be ignored by a defaulted constructor or copy/move assignment operator
  
C:\code\telemetry-platform\build_clean\common\hiredis_wrapper\hiredis\sds.h(83,10): warning C4200: nonstandard extension used: zero-sized array in struct/union [C:\code\telemetry-platform\build_clean\_deps\redis++-build\redis++_static.vcxproj]
  (compiling source file '../../../../../redis++-src/src/sw/redis++/sentinel.cpp')
      C:\code\telemetry-platform\build_clean\common\hiredis_wrapper\hiredis\sds.h(83,10):
      This member will be ignored by a defaulted constructor or copy/move assignment operator
  
  sysinfo.cc
  random_internal_randen.vcxproj -> C:\code\telemetry-platform\build_clean\_deps\protobuf-build\third_party\abseil-cpp\absl\random\Release\absl_random_internal_randen.lib
  shards.cpp
C:\code\telemetry-platform\ingestion\gateway\include\telemetryhub\gateway\Log.h(24,18): warning C4996: 'fopen': This function or variable may be unsafe. Consider using fopen_s instead. To disable deprecation, use _CRT_SECURE_NO_WARNINGS. See online help for details. [C:\code\telemetry-platform\build_clean\ingestion\gateway\gateway_core.vcxproj]
  (compiling source file '../../../../ingestion/gateway/src/Config.cpp')
  
C:\code\telemetry-platform\ingestion\gateway\include\telemetryhub\gateway\Log.h(33,61): warning C4996: 'localtime': This function or variable may be unsafe. Consider using localtime_s instead. To disable deprecation, use _CRT_SECURE_NO_WARNINGS. See online help for details. [C:\code\telemetry-platform\build_clean\ingestion\gateway\gateway_core.vcxproj]
  (compiling source file '../../../../ingestion/gateway/src/Config.cpp')
  
C:\code\telemetry-platform\build_clean\common\hiredis_wrapper\hiredis\sds.h(59,10): warning C4200: nonstandard extension used: zero-sized array in struct/union [C:\code\telemetry-platform\build_clean\_deps\redis++-build\redis++_static.vcxproj]
  (compiling source file '../../../../../redis++-src/src/sw/redis++/shards.cpp')
      C:\code\telemetry-platform\build_clean\common\hiredis_wrapper\hiredis\sds.h(59,10):
      This member will be ignored by a defaulted constructor or copy/move assignment operator
  
C:\code\telemetry-platform\build_clean\common\hiredis_wrapper\hiredis\sds.h(65,10): warning C4200: nonstandard extension used: zero-sized array in struct/union [C:\code\telemetry-platform\build_clean\_deps\redis++-build\redis++_static.vcxproj]
  (compiling source file '../../../../../redis++-src/src/sw/redis++/shards.cpp')
      C:\code\telemetry-platform\build_clean\common\hiredis_wrapper\hiredis\sds.h(65,10):
      This member will be ignored by a defaulted constructor or copy/move assignment operator
  
C:\code\telemetry-platform\build_clean\common\hiredis_wrapper\hiredis\sds.h(71,10): warning C4200: nonstandard extension used: zero-sized array in struct/union [C:\code\telemetry-platform\build_clean\_deps\redis++-build\redis++_static.vcxproj]
  (compiling source file '../../../../../redis++-src/src/sw/redis++/shards.cpp')
      C:\code\telemetry-platform\build_clean\common\hiredis_wrapper\hiredis\sds.h(71,10):
      This member will be ignored by a defaulted constructor or copy/move assignment operator
  
C:\code\telemetry-platform\build_clean\common\hiredis_wrapper\hiredis\sds.h(77,10): warning C4200: nonstandard extension used: zero-sized array in struct/union [C:\code\telemetry-platform\build_clean\_deps\redis++-build\redis++_static.vcxproj]
  (compiling source file '../../../../../redis++-src/src/sw/redis++/shards.cpp')
      C:\code\telemetry-platform\build_clean\common\hiredis_wrapper\hiredis\sds.h(77,10):
      This member will be ignored by a defaulted constructor or copy/move assignment operator
  
C:\code\telemetry-platform\build_clean\common\hiredis_wrapper\hiredis\sds.h(83,10): warning C4200: nonstandard extension used: zero-sized array in struct/union [C:\code\telemetry-platform\build_clean\_deps\redis++-build\redis++_static.vcxproj]
  (compiling source file '../../../../../redis++-src/src/sw/redis++/shards.cpp')
      C:\code\telemetry-platform\build_clean\common\hiredis_wrapper\hiredis\sds.h(83,10):
      This member will be ignored by a defaulted constructor or copy/move assignment operator
  
  shards_pool.cpp
  thread_identity.cc
  ThreadPool.cpp
C:\code\telemetry-platform\build_clean\common\hiredis_wrapper\hiredis\sds.h(59,10): warning C4200: nonstandard extension used: zero-sized array in struct/union [C:\code\telemetry-platform\build_clean\_deps\redis++-build\redis++_static.vcxproj]
  (compiling source file '../../../../../redis++-src/src/sw/redis++/shards_pool.cpp')
      C:\code\telemetry-platform\build_clean\common\hiredis_wrapper\hiredis\sds.h(59,10):
      This member will be ignored by a defaulted constructor or copy/move assignment operator
  
C:\code\telemetry-platform\build_clean\common\hiredis_wrapper\hiredis\sds.h(65,10): warning C4200: nonstandard extension used: zero-sized array in struct/union [C:\code\telemetry-platform\build_clean\_deps\redis++-build\redis++_static.vcxproj]
  (compiling source file '../../../../../redis++-src/src/sw/redis++/shards_pool.cpp')
      C:\code\telemetry-platform\build_clean\common\hiredis_wrapper\hiredis\sds.h(65,10):
      This member will be ignored by a defaulted constructor or copy/move assignment operator
  
C:\code\telemetry-platform\build_clean\common\hiredis_wrapper\hiredis\sds.h(71,10): warning C4200: nonstandard extension used: zero-sized array in struct/union [C:\code\telemetry-platform\build_clean\_deps\redis++-build\redis++_static.vcxproj]
  (compiling source file '../../../../../redis++-src/src/sw/redis++/shards_pool.cpp')
      C:\code\telemetry-platform\build_clean\common\hiredis_wrapper\hiredis\sds.h(71,10):
      This member will be ignored by a defaulted constructor or copy/move assignment operator
  
C:\code\telemetry-platform\build_clean\common\hiredis_wrapper\hiredis\sds.h(77,10): warning C4200: nonstandard extension used: zero-sized array in struct/union [C:\code\telemetry-platform\build_clean\_deps\redis++-build\redis++_static.vcxproj]
  (compiling source file '../../../../../redis++-src/src/sw/redis++/shards_pool.cpp')
      C:\code\telemetry-platform\build_clean\common\hiredis_wrapper\hiredis\sds.h(77,10):
      This member will be ignored by a defaulted constructor or copy/move assignment operator
  
C:\code\telemetry-platform\build_clean\common\hiredis_wrapper\hiredis\sds.h(83,10): warning C4200: nonstandard extension used: zero-sized array in struct/union [C:\code\telemetry-platform\build_clean\_deps\redis++-build\redis++_static.vcxproj]
  (compiling source file '../../../../../redis++-src/src/sw/redis++/shards_pool.cpp')
      C:\code\telemetry-platform\build_clean\common\hiredis_wrapper\hiredis\sds.h(83,10):
      This member will be ignored by a defaulted constructor or copy/move assignment operator
  
  unscaledcycleclock.cc
  Generating Code...
  test_redis_client.cpp
  subscriber.cpp
  test_serial_port_sim.vcxproj -> C:\code\telemetry-platform\build_clean\ingestion\tests\Release\test_serial_port_sim.exe
  base.vcxproj -> C:\code\telemetry-platform\build_clean\_deps\protobuf-build\third_party\abseil-cpp\absl\base\Release\absl_base.lib
  Building Custom Rule C:/code/telemetry-platform/build_clean/_deps/protobuf-src/third_party/abseil-cpp/absl/log/CMakeLists.txt
  Building Custom Rule C:/code/telemetry-platform/build_clean/_deps/protobuf-src/third_party/abseil-cpp/absl/debugging/CMakeLists.txt
  Building Custom Rule C:/code/telemetry-platform/build_clean/_deps/protobuf-src/third_party/abseil-cpp/absl/hash/CMakeLists.txt
  Building Custom Rule C:/code/telemetry-platform/build_clean/_deps/protobuf-src/third_party/abseil-cpp/absl/base/CMakeLists.txt
  Building Custom Rule C:/code/telemetry-platform/build_clean/_deps/protobuf-src/third_party/abseil-cpp/absl/hash/CMakeLists.txt
  city.cc
  demangle.cc
  conditions.cc
  low_level_alloc.cc
  low_level_hash.cc
C:\code\telemetry-platform\build_clean\common\hiredis_wrapper\hiredis\sds.h(59,10): warning C4200: nonstandard extension used: zero-sized array in struct/union [C:\code\telemetry-platform\build_clean\_deps\redis++-build\redis++_static.vcxproj]
  (compiling source file '../../../../../redis++-src/src/sw/redis++/subscriber.cpp')
      C:\code\telemetry-platform\build_clean\common\hiredis_wrapper\hiredis\sds.h(59,10):
      This member will be ignored by a defaulted constructor or copy/move assignment operator
  
C:\code\telemetry-platform\build_clean\common\hiredis_wrapper\hiredis\sds.h(65,10): warning C4200: nonstandard extension used: zero-sized array in struct/union [C:\code\telemetry-platform\build_clean\_deps\redis++-build\redis++_static.vcxproj]
  (compiling source file '../../../../../redis++-src/src/sw/redis++/subscriber.cpp')
      C:\code\telemetry-platform\build_clean\common\hiredis_wrapper\hiredis\sds.h(65,10):
      This member will be ignored by a defaulted constructor or copy/move assignment operator
  
C:\code\telemetry-platform\build_clean\common\hiredis_wrapper\hiredis\sds.h(71,10): warning C4200: nonstandard extension used: zero-sized array in struct/union [C:\code\telemetry-platform\build_clean\_deps\redis++-build\redis++_static.vcxproj]
  (compiling source file '../../../../../redis++-src/src/sw/redis++/subscriber.cpp')
      C:\code\telemetry-platform\build_clean\common\hiredis_wrapper\hiredis\sds.h(71,10):
      This member will be ignored by a defaulted constructor or copy/move assignment operator
  
C:\code\telemetry-platform\build_clean\common\hiredis_wrapper\hiredis\sds.h(77,10): warning C4200: nonstandard extension used: zero-sized array in struct/union [C:\code\telemetry-platform\build_clean\_deps\redis++-build\redis++_static.vcxproj]
  (compiling source file '../../../../../redis++-src/src/sw/redis++/subscriber.cpp')
      C:\code\telemetry-platform\build_clean\common\hiredis_wrapper\hiredis\sds.h(77,10):
      This member will be ignored by a defaulted constructor or copy/move assignment operator
  
C:\code\telemetry-platform\build_clean\common\hiredis_wrapper\hiredis\sds.h(83,10): warning C4200: nonstandard extension used: zero-sized array in struct/union [C:\code\telemetry-platform\build_clean\_deps\redis++-build\redis++_static.vcxproj]
  (compiling source file '../../../../../redis++-src/src/sw/redis++/subscriber.cpp')
      C:\code\telemetry-platform\build_clean\common\hiredis_wrapper\hiredis\sds.h(83,10):
      This member will be ignored by a defaulted constructor or copy/move assignment operator
  
  log_internal_conditions.vcxproj -> C:\code\telemetry-platform\build_clean\_deps\protobuf-build\third_party\abseil-cpp\absl\log\Release\absl_log_internal_conditions.lib
  transaction.cpp
  low_level_hash.vcxproj -> C:\code\telemetry-platform\build_clean\_deps\protobuf-build\third_party\abseil-cpp\absl\hash\Release\absl_low_level_hash.lib
  city.vcxproj -> C:\code\telemetry-platform\build_clean\_deps\protobuf-build\third_party\abseil-cpp\absl\hash\Release\absl_city.lib
  Building Custom Rule C:/code/telemetry-platform/build_clean/_deps/protobuf-src/third_party/abseil-cpp/absl/strings/CMakeLists.txt
  demangle_internal.vcxproj -> C:\code\telemetry-platform\build_clean\_deps\protobuf-build\third_party\abseil-cpp\absl\debugging\Release\absl_demangle_internal.lib
  ostringstream.cc
C:\code\telemetry-platform\build_clean\common\hiredis_wrapper\hiredis\sds.h(59,10): warning C4200: nonstandard extension used: zero-sized array in struct/union [C:\code\telemetry-platform\build_clean\_deps\redis++-build\redis++_static.vcxproj]
  (compiling source file '../../../../../redis++-src/src/sw/redis++/transaction.cpp')
      C:\code\telemetry-platform\build_clean\common\hiredis_wrapper\hiredis\sds.h(59,10):
      This member will be ignored by a defaulted constructor or copy/move assignment operator
  
C:\code\telemetry-platform\build_clean\common\hiredis_wrapper\hiredis\sds.h(65,10): warning C4200: nonstandard extension used: zero-sized array in struct/union [C:\code\telemetry-platform\build_clean\_deps\redis++-build\redis++_static.vcxproj]
  (compiling source file '../../../../../redis++-src/src/sw/redis++/transaction.cpp')
      C:\code\telemetry-platform\build_clean\common\hiredis_wrapper\hiredis\sds.h(65,10):
      This member will be ignored by a defaulted constructor or copy/move assignment operator
  
C:\code\telemetry-platform\build_clean\common\hiredis_wrapper\hiredis\sds.h(71,10): warning C4200: nonstandard extension used: zero-sized array in struct/union [C:\code\telemetry-platform\build_clean\_deps\redis++-build\redis++_static.vcxproj]
  (compiling source file '../../../../../redis++-src/src/sw/redis++/transaction.cpp')
      C:\code\telemetry-platform\build_clean\common\hiredis_wrapper\hiredis\sds.h(71,10):
      This member will be ignored by a defaulted constructor or copy/move assignment operator
  
C:\code\telemetry-platform\build_clean\common\hiredis_wrapper\hiredis\sds.h(77,10): warning C4200: nonstandard extension used: zero-sized array in struct/union [C:\code\telemetry-platform\build_clean\_deps\redis++-build\redis++_static.vcxproj]
  (compiling source file '../../../../../redis++-src/src/sw/redis++/transaction.cpp')
      C:\code\telemetry-platform\build_clean\common\hiredis_wrapper\hiredis\sds.h(77,10):
      This member will be ignored by a defaulted constructor or copy/move assignment operator
  
C:\code\telemetry-platform\build_clean\common\hiredis_wrapper\hiredis\sds.h(83,10): warning C4200: nonstandard extension used: zero-sized array in struct/union [C:\code\telemetry-platform\build_clean\_deps\redis++-build\redis++_static.vcxproj]
  (compiling source file '../../../../../redis++-src/src/sw/redis++/transaction.cpp')
      C:\code\telemetry-platform\build_clean\common\hiredis_wrapper\hiredis\sds.h(83,10):
      This member will be ignored by a defaulted constructor or copy/move assignment operator
  
  malloc_internal.vcxproj -> C:\code\telemetry-platform\build_clean\_deps\protobuf-build\third_party\abseil-cpp\absl\base\Release\absl_malloc_internal.lib
  Generating Code...
  mocs_compilation_Release.cpp
  Building Custom Rule C:/code/telemetry-platform/build_clean/_deps/protobuf-src/third_party/abseil-cpp/absl/crc/CMakeLists.txt
  Building Custom Rule C:/code/telemetry-platform/build_clean/_deps/protobuf-src/third_party/abseil-cpp/absl/synchronization/CMakeLists.txt
  cpu_detect.cc
  Building Custom Rule C:/code/telemetry-platform/build_clean/_deps/protobuf-src/third_party/abseil-cpp/absl/strings/CMakeLists.txt
  redlock.cpp
  graphcycles.cc
  utf8.cc
  Generating Code...
  escaping.cc
  string_view.cc
  crc_cpu_detect.vcxproj -> C:\code\telemetry-platform\build_clean\_deps\protobuf-build\third_party\abseil-cpp\absl\crc\Release\absl_crc_cpu_detect.lib
C:\code\telemetry-platform\build_clean\common\hiredis_wrapper\hiredis\sds.h(59,10): warning C4200: nonstandard extension used: zero-sized array in struct/union [C:\code\telemetry-platform\build_clean\_deps\redis++-build\redis++_static.vcxproj]
  (compiling source file '../../../../../redis++-src/src/sw/redis++/patterns/redlock.cpp')
      C:\code\telemetry-platform\build_clean\common\hiredis_wrapper\hiredis\sds.h(59,10):
      This member will be ignored by a defaulted constructor or copy/move assignment operator
  
C:\code\telemetry-platform\build_clean\common\hiredis_wrapper\hiredis\sds.h(65,10): warning C4200: nonstandard extension used: zero-sized array in struct/union [C:\code\telemetry-platform\build_clean\_deps\redis++-build\redis++_static.vcxproj]
  (compiling source file '../../../../../redis++-src/src/sw/redis++/patterns/redlock.cpp')
      C:\code\telemetry-platform\build_clean\common\hiredis_wrapper\hiredis\sds.h(65,10):
      This member will be ignored by a defaulted constructor or copy/move assignment operator
  
C:\code\telemetry-platform\build_clean\common\hiredis_wrapper\hiredis\sds.h(71,10): warning C4200: nonstandard extension used: zero-sized array in struct/union [C:\code\telemetry-platform\build_clean\_deps\redis++-build\redis++_static.vcxproj]
  (compiling source file '../../../../../redis++-src/src/sw/redis++/patterns/redlock.cpp')
      C:\code\telemetry-platform\build_clean\common\hiredis_wrapper\hiredis\sds.h(71,10):
      This member will be ignored by a defaulted constructor or copy/move assignment operator
  
C:\code\telemetry-platform\build_clean\common\hiredis_wrapper\hiredis\sds.h(77,10): warning C4200: nonstandard extension used: zero-sized array in struct/union [C:\code\telemetry-platform\build_clean\_deps\redis++-build\redis++_static.vcxproj]
  (compiling source file '../../../../../redis++-src/src/sw/redis++/patterns/redlock.cpp')
      C:\code\telemetry-platform\build_clean\common\hiredis_wrapper\hiredis\sds.h(77,10):
      This member will be ignored by a defaulted constructor or copy/move assignment operator
  
C:\code\telemetry-platform\build_clean\common\hiredis_wrapper\hiredis\sds.h(83,10): warning C4200: nonstandard extension used: zero-sized array in struct/union [C:\code\telemetry-platform\build_clean\_deps\redis++-build\redis++_static.vcxproj]
  (compiling source file '../../../../../redis++-src/src/sw/redis++/patterns/redlock.cpp')
      C:\code\telemetry-platform\build_clean\common\hiredis_wrapper\hiredis\sds.h(83,10):
      This member will be ignored by a defaulted constructor or copy/move assignment operator
  
  string_view.vcxproj -> C:\code\telemetry-platform\build_clean\_deps\protobuf-build\third_party\abseil-cpp\absl\strings\Release\absl_string_view.lib
  Generating Code...
  Building Custom Rule C:/code/telemetry-platform/build_clean/_deps/protobuf-src/third_party/abseil-cpp/absl/crc/CMakeLists.txt
  strings_internal.vcxproj -> C:\code\telemetry-platform\build_clean\_deps\protobuf-build\third_party\abseil-cpp\absl\strings\Release\absl_strings_internal.lib
  Building Custom Rule C:/code/telemetry-platform/build_clean/_deps/protobuf-src/third_party/abseil-cpp/absl/strings/CMakeLists.txt
  TELEMETRY_PROCESSOR_tests.vcxproj -> C:\code\telemetry-platform\build_clean\processing\tests\Release\TELEMETRY_PROCESSOR_tests.exe
  ascii.cc
  crc.cc
  Generating Code...
  gateway_core.vcxproj -> C:\code\telemetry-platform\build_clean\ingestion\gateway\Release\gateway_core.lib
  Building Custom Rule C:/code/telemetry-platform/ingestion/tools/CMakeLists.txt
  Building Custom Rule C:/code/telemetry-platform/ingestion/tests/CMakeLists.txt
  Building Custom Rule C:/code/telemetry-platform/ingestion/gateway/CMakeLists.txt
  Building Custom Rule C:/code/telemetry-platform/ingestion/tools/CMakeLists.txt
  Building Custom Rule C:/code/telemetry-platform/ingestion/tests/CMakeLists.txt
  Building Custom Rule C:/code/telemetry-platform/ingestion/tests/CMakeLists.txt
  charconv.cc
  Building Custom Rule C:/code/telemetry-platform/ingestion/tests/CMakeLists.txt
  cloud_client_tests.cpp
  perf_tool.cpp
  test_gateway_e2e.cpp
  test_config.cpp
  crc_x86_arm_combined.cc
  test_device.cpp
  escaping.cc
  graphcycles_internal.vcxproj -> C:\code\telemetry-platform\build_clean\_deps\protobuf-build\third_party\abseil-cpp\absl\synchronization\Release\absl_graphcycles_internal.lib
  Generating Code...
  Building Custom Rule C:/code/telemetry-platform/ingestion/tests/CMakeLists.txt
  test_bounded_queue.cpp
  crc_internal.vcxproj -> C:\code\telemetry-platform\build_clean\_deps\protobuf-build\third_party\abseil-cpp\absl\crc\Release\absl_crc_internal.lib
  stress_test.cpp
  charconv_bigint.cc
C:\code\telemetry-platform\ingestion\gateway\include\telemetryhub\gateway\Log.h(24,18): warning C4996: 'fopen': This function or variable may be unsafe. Consider using fopen_s instead. To disable deprecation, use _CRT_SECURE_NO_WARNINGS. See online help for details. [C:\code\telemetry-platform\build_clean\ingestion\tests\test_config.vcxproj]
  (compiling source file '../../../ingestion/tests/test_config.cpp')
  
C:\code\telemetry-platform\ingestion\gateway\include\telemetryhub\gateway\Log.h(33,61): warning C4996: 'localtime': This function or variable may be unsafe. Consider using localtime_s instead. To disable deprecation, use _CRT_SECURE_NO_WARNINGS. See online help for details. [C:\code\telemetry-platform\build_clean\ingestion\tests\test_config.vcxproj]
  (compiling source file '../../../ingestion/tests/test_config.cpp')
  
  Generating Code...
  charconv_parse.cc
  perf_tool.vcxproj -> C:\code\telemetry-platform\build_clean\ingestion\tools\Release\perf_tool.exe
C:\code\telemetry-platform\ingestion\tools\stress_test.cpp(43,36): warning C4244: '=': conversion from 'uint64_t' to 'uint32_t', possible loss of data [C:\code\telemetry-platform\build_clean\ingestion\tools\stress_test.vcxproj]
C:\code\telemetry-platform\ingestion\tools\stress_test.cpp(52,40): warning C4101: 'e': unreferenced local variable [C:\code\telemetry-platform\build_clean\ingestion\tools\stress_test.vcxproj]
  damerau_levenshtein_distance.cc
  gui_app.vcxproj -> C:\code\telemetry-platform\build_clean\ingestion\gui\Release\gui_app.exe
  test_queue.cpp
  memutil.cc
  redis++_static.vcxproj -> C:\code\telemetry-platform\build_clean\_deps\redis++-build\Release\redis++_static.lib
  stringify_sink.cc
  stress_test.vcxproj -> C:\code\telemetry-platform\build_clean\ingestion\tools\Release\stress_test.exe
  cloud_client_tests.vcxproj -> C:\code\telemetry-platform\build_clean\ingestion\tests\Release\cloud_client_tests.exe
  match.cc
  test_config.vcxproj -> C:\code\telemetry-platform\build_clean\ingestion\tests\Release\test_config.exe
  test_bounded_queue.vcxproj -> C:\code\telemetry-platform\build_clean\ingestion\tests\Release\test_bounded_queue.exe
  numbers.cc
  str_cat.cc
  test_gateway_e2e.vcxproj -> C:\code\telemetry-platform\build_clean\ingestion\tests\Release\test_gateway_e2e.exe
  test_robustness.cpp
  str_replace.cc
  str_split.cc
  main_gateway.cpp
  substitute.cc
  Generating Code...
C:\code\telemetry-platform\ingestion\gateway\include\telemetryhub\gateway\Log.h(24,18): warning C4996: 'fopen': This function or variable may be unsafe. Consider using fopen_s instead. To disable deprecation, use _CRT_SECURE_NO_WARNINGS. See online help for details. [C:\code\telemetry-platform\build_clean\ingestion\gateway\gateway_app.vcxproj]
  (compiling source file '../../../ingestion/gateway/src/main_gateway.cpp')
  
C:\code\telemetry-platform\ingestion\gateway\include\telemetryhub\gateway\Log.h(33,61): warning C4996: 'localtime': This function or variable may be unsafe. Consider using localtime_s instead. To disable deprecation, use _CRT_SECURE_NO_WARNINGS. See online help for details. [C:\code\telemetry-platform\build_clean\ingestion\gateway\gateway_app.vcxproj]
  (compiling source file '../../../ingestion/gateway/src/main_gateway.cpp')
  
  Generating Code...
  http_server.cpp
  strings.vcxproj -> C:\code\telemetry-platform\build_clean\_deps\protobuf-build\third_party\abseil-cpp\absl\strings\Release\absl_strings.lib
  Building Custom Rule C:/code/telemetry-platform/build_clean/_deps/protobuf-src/third_party/utf8_range/CMakeLists.txt
  Building Custom Rule C:/code/telemetry-platform/build_clean/_deps/protobuf-src/third_party/abseil-cpp/absl/log/CMakeLists.txt
  Building Custom Rule C:/code/telemetry-platform/build_clean/_deps/protobuf-src/third_party/abseil-cpp/absl/random/CMakeLists.txt
  Building Custom Rule C:/code/telemetry-platform/build_clean/_deps/protobuf-src/third_party/abseil-cpp/absl/strings/CMakeLists.txt
  Building Custom Rule C:/code/telemetry-platform/build_clean/_deps/protobuf-src/third_party/abseil-cpp/absl/random/CMakeLists.txt
  proto.cc
  utf8_validity.cc
  arg.cc
  discrete_distribution.cc
  Building Custom Rule C:/code/telemetry-platform/build_clean/_deps/protobuf-src/third_party/abseil-cpp/absl/debugging/CMakeLists.txt
  Building Custom Rule C:/code/telemetry-platform/build_clean/_deps/protobuf-src/third_party/abseil-cpp/absl/time/CMakeLists.txt
  Building Custom Rule C:/code/telemetry-platform/build_clean/_deps/protobuf-src/third_party/abseil-cpp/absl/flags/CMakeLists.txt
  symbolize.cc
  civil_time.cc
  seed_material.cc
  commandlineflag.cc
  utf8_validity.vcxproj -> C:\code\telemetry-platform\build_clean\_deps\protobuf-build\third_party\utf8_range\Release\utf8_validity.lib
  log_internal_proto.vcxproj -> C:\code\telemetry-platform\build_clean\_deps\protobuf-build\third_party\abseil-cpp\absl\log\Release\absl_log_internal_proto.lib
  Building Custom Rule C:/code/telemetry-platform/build_clean/_deps/protobuf-src/third_party/abseil-cpp/absl/hash/CMakeLists.txt
  gaussian_distribution.cc
  bind.cc
  clock.cc
  unit_tests.vcxproj -> C:\code\telemetry-platform\build_clean\ingestion\tests\Release\unit_tests.exe
  symbolize.vcxproj -> C:\code\telemetry-platform\build_clean\_deps\protobuf-build\third_party\abseil-cpp\absl\debugging\Release\absl_symbolize.lib
  Building Custom Rule C:/code/telemetry-platform/build_clean/_deps/protobuf-src/third_party/abseil-cpp/absl/debugging/CMakeLists.txt
  random_internal_seed_material.vcxproj -> C:\code\telemetry-platform\build_clean\_deps\protobuf-build\third_party\abseil-cpp\absl\random\Release\absl_random_internal_seed_material.lib
  examine_stack.cc
  Generating Code...
  Building Custom Rule C:/code/telemetry-platform/build_clean/_deps/protobuf-src/third_party/abseil-cpp/absl/random/CMakeLists.txt
  pool_urbg.cc
  extension.cc
  duration.cc
  hash.cc
  examine_stack.vcxproj -> C:\code\telemetry-platform\build_clean\_deps\protobuf-build\third_party\abseil-cpp\absl\debugging\Release\absl_examine_stack.lib
  flags_commandlineflag.vcxproj -> C:\code\telemetry-platform\build_clean\_deps\protobuf-build\third_party\abseil-cpp\absl\flags\Release\absl_flags_commandlineflag.lib
  random_distributions.vcxproj -> C:\code\telemetry-platform\build_clean\_deps\protobuf-build\third_party\abseil-cpp\absl\random\Release\absl_random_distributions.lib
  float_conversion.cc
  Building Custom Rule C:/code/telemetry-platform/build_clean/_deps/protobuf-src/third_party/abseil-cpp/absl/debugging/CMakeLists.txt
  random_internal_pool_urbg.vcxproj -> C:\code\telemetry-platform\build_clean\_deps\protobuf-build\third_party\abseil-cpp\absl\random\Release\absl_random_internal_pool_urbg.lib
  failure_signal_handler.cc
  Building Custom Rule C:/code/telemetry-platform/build_clean/_deps/protobuf-src/third_party/abseil-cpp/absl/flags/CMakeLists.txt
  Building Custom Rule C:/code/telemetry-platform/build_clean/_deps/protobuf-src/third_party/abseil-cpp/absl/random/CMakeLists.txt
  private_handle_accessor.cc
  seed_sequences.cc
  hash.vcxproj -> C:\code\telemetry-platform\build_clean\_deps\protobuf-build\third_party\abseil-cpp\absl\hash\Release\absl_hash.lib
  format.cc
  Building Custom Rule C:/code/telemetry-platform/build_clean/_deps/protobuf-src/third_party/abseil-cpp/absl/log/CMakeLists.txt
  output.cc
  globals.cc
  flags_private_handle_accessor.vcxproj -> C:\code\telemetry-platform\build_clean\_deps\protobuf-build\third_party\abseil-cpp\absl\flags\Release\absl_flags_private_handle_accessor.lib
  time.cc
  failure_signal_handler.vcxproj -> C:\code\telemetry-platform\build_clean\_deps\protobuf-build\third_party\abseil-cpp\absl\debugging\Release\absl_failure_signal_handler.lib
  parser.cc
  random_seed_sequences.vcxproj -> C:\code\telemetry-platform\build_clean\_deps\protobuf-build\third_party\abseil-cpp\absl\random\Release\absl_random_seed_sequences.lib
  log_globals.vcxproj -> C:\code\telemetry-platform\build_clean\_deps\protobuf-build\third_party\abseil-cpp\absl\log\Release\absl_log_globals.lib
  Generating Code...
  Generating Code...
  Generating Code...
  time.vcxproj -> C:\code\telemetry-platform\build_clean\_deps\protobuf-build\third_party\abseil-cpp\absl\time\Release\absl_time.lib
  Building Custom Rule C:/code/telemetry-platform/build_clean/_deps/protobuf-src/third_party/abseil-cpp/absl/log/CMakeLists.txt
  Building Custom Rule C:/code/telemetry-platform/build_clean/_deps/protobuf-src/third_party/abseil-cpp/absl/log/CMakeLists.txt
  Building Custom Rule C:/code/telemetry-platform/build_clean/_deps/protobuf-src/third_party/abseil-cpp/absl/synchronization/CMakeLists.txt
  kernel_timeout.cc
  globals.cc
  log_entry.cc
  str_format_internal.vcxproj -> C:\code\telemetry-platform\build_clean\_deps\protobuf-build\third_party\abseil-cpp\absl\strings\Release\absl_str_format_internal.lib
  Building Custom Rule C:/code/telemetry-platform/build_clean/_deps/protobuf-src/third_party/abseil-cpp/absl/crc/CMakeLists.txt
  Building Custom Rule C:/code/telemetry-platform/build_clean/_deps/protobuf-src/third_party/abseil-cpp/absl/flags/CMakeLists.txt
  Building Custom Rule C:/code/telemetry-platform/build_clean/_deps/protobuf-src/third_party/abseil-cpp/absl/random/CMakeLists.txt
  crc32c.cc
  marshalling.cc
  chi_square.cc
  distribution_test_util.cc
  kernel_timeout_internal.vcxproj -> C:\code\telemetry-platform\build_clean\_deps\protobuf-build\third_party\abseil-cpp\absl\synchronization\Release\absl_kernel_timeout_internal.lib
  log_entry.vcxproj -> C:\code\telemetry-platform\build_clean\_deps\protobuf-build\third_party\abseil-cpp\absl\log\Release\absl_log_entry.lib
  log_internal_globals.vcxproj -> C:\code\telemetry-platform\build_clean\_deps\protobuf-build\third_party\abseil-cpp\absl\log\Release\absl_log_internal_globals.lib
  Building Custom Rule C:/code/telemetry-platform/build_clean/_deps/protobuf-src/third_party/abseil-cpp/absl/log/CMakeLists.txt
  Building Custom Rule C:/code/telemetry-platform/build_clean/_deps/protobuf-src/third_party/abseil-cpp/absl/synchronization/CMakeLists.txt
  Building Custom Rule C:/code/telemetry-platform/build_clean/_deps/protobuf-src/third_party/abseil-cpp/absl/log/CMakeLists.txt
  Building Custom Rule C:/code/telemetry-platform/build_clean/_deps/protobuf-src/third_party/abseil-cpp/absl/log/CMakeLists.txt
  log_sink.cc
  log_format.cc
  barrier.cc
  initialize.cc
  crc_memcpy_fallback.cc
  flags_marshalling.vcxproj -> C:\code\telemetry-platform\build_clean\_deps\protobuf-build\third_party\abseil-cpp\absl\flags\Release\absl_flags_marshalling.lib
  Generating Code...
  blocking_counter.cc
C:\code\telemetry-platform\build_clean\_deps\protobuf-src\third_party\abseil-cpp\absl\random\internal\distribution_test_util.cc(44,1): warning C4723: potential divide by 0 [C:\code\telemetry-platform\build_clean\_deps\protobuf-build\third_party\abseil-cpp\absl\random\random_internal_distribution_test_util.vcxproj]
  random_internal_distribution_test_util.vcxproj -> C:\code\telemetry-platform\build_clean\_deps\protobuf-build\third_party\abseil-cpp\absl\random\Release\absl_random_internal_distribution_test_util.lib
  crc_memcpy_x86_64.cc
  log_sink.vcxproj -> C:\code\telemetry-platform\build_clean\_deps\protobuf-build\third_party\abseil-cpp\absl\log\Release\absl_log_sink.lib
  log_initialize.vcxproj -> C:\code\telemetry-platform\build_clean\_deps\protobuf-build\third_party\abseil-cpp\absl\log\Release\absl_log_initialize.lib
  create_thread_identity.cc
  log_internal_format.vcxproj -> C:\code\telemetry-platform\build_clean\_deps\protobuf-build\third_party\abseil-cpp\absl\log\Release\absl_log_internal_format.lib
  crc_non_temporal_memcpy.cc
  futex_waiter.cc
  Generating Code...
  per_thread_sem.cc
  crc32c.vcxproj -> C:\code\telemetry-platform\build_clean\_deps\protobuf-build\third_party\abseil-cpp\absl\crc\Release\absl_crc32c.lib
  Building Custom Rule C:/code/telemetry-platform/build_clean/_deps/protobuf-src/third_party/abseil-cpp/absl/crc/CMakeLists.txt
  crc_cord_state.cc
  gateway_app.vcxproj -> C:\code\telemetry-platform\build_clean\ingestion\gateway\Release\gateway_app.exe
  pthread_waiter.cc
  sem_waiter.cc
  stdcpp_waiter.cc
  waiter_base.cc
  crc_cord_state.vcxproj -> C:\code\telemetry-platform\build_clean\_deps\protobuf-build\third_party\abseil-cpp\absl\crc\Release\absl_crc_cord_state.lib
  Building Custom Rule C:/code/telemetry-platform/build_clean/_deps/protobuf-src/third_party/abseil-cpp/absl/strings/CMakeLists.txt
  cord_internal.cc
  win32_waiter.cc
  cord_rep_btree.cc
  notification.cc
  mutex.cc
  cord_rep_btree_navigator.cc
  cord_rep_btree_reader.cc
  Generating Code...
  cord_rep_crc.cc
  synchronization.vcxproj -> C:\code\telemetry-platform\build_clean\_deps\protobuf-build\third_party\abseil-cpp\absl\synchronization\Release\absl_synchronization.lib
  Building Custom Rule C:/code/telemetry-platform/build_clean/_deps/protobuf-src/third_party/abseil-cpp/absl/container/CMakeLists.txt
  Building Custom Rule C:/code/telemetry-platform/build_clean/_deps/protobuf-src/third_party/abseil-cpp/absl/flags/CMakeLists.txt
  Building Custom Rule C:/code/telemetry-platform/build_clean/_deps/protobuf-src/third_party/abseil-cpp/absl/strings/CMakeLists.txt
  Building Custom Rule C:/code/telemetry-platform/build_clean/_deps/protobuf-src/third_party/abseil-cpp/absl/log/CMakeLists.txt
  log_sink_set.cc
  program_name.cc
  cordz_handle.cc
  hashtablez_sampler.cc
  cord_rep_consume.cc
  hashtablez_sampler_force_weak_definition.cc
  cord_rep_ring.cc
  flags_program_name.vcxproj -> C:\code\telemetry-platform\build_clean\_deps\protobuf-build\third_party\abseil-cpp\absl\flags\Release\absl_flags_program_name.lib
  cordz_handle.vcxproj -> C:\code\telemetry-platform\build_clean\_deps\protobuf-build\third_party\abseil-cpp\absl\strings\Release\absl_cordz_handle.lib
  Building Custom Rule C:/code/telemetry-platform/build_clean/_deps/protobuf-src/third_party/abseil-cpp/absl/flags/CMakeLists.txt
  usage_config.cc
  log_internal_log_sink_set.vcxproj -> C:\code\telemetry-platform\build_clean\_deps\protobuf-build\third_party\abseil-cpp\absl\log\Release\absl_log_internal_log_sink_set.lib
  Building Custom Rule C:/code/telemetry-platform/build_clean/_deps/protobuf-src/third_party/abseil-cpp/absl/log/CMakeLists.txt
  log_message.cc
  Generating Code...
  Generating Code...
  hashtablez_sampler.vcxproj -> C:\code\telemetry-platform\build_clean\_deps\protobuf-build\third_party\abseil-cpp\absl\container\Release\absl_hashtablez_sampler.lib
  Building Custom Rule C:/code/telemetry-platform/build_clean/_deps/protobuf-src/third_party/abseil-cpp/absl/container/CMakeLists.txt
  raw_hash_set.cc
  flags_config.vcxproj -> C:\code\telemetry-platform\build_clean\_deps\protobuf-build\third_party\abseil-cpp\absl\flags\Release\absl_flags_config.lib
  cord_internal.vcxproj -> C:\code\telemetry-platform\build_clean\_deps\protobuf-build\third_party\abseil-cpp\absl\strings\Release\absl_cord_internal.lib
  Building Custom Rule C:/code/telemetry-platform/build_clean/_deps/protobuf-src/third_party/abseil-cpp/absl/flags/CMakeLists.txt
  Building Custom Rule C:/code/telemetry-platform/build_clean/_deps/protobuf-src/third_party/abseil-cpp/absl/strings/CMakeLists.txt
  flag.cc
  cordz_info.cc
  log_internal_message.vcxproj -> C:\code\telemetry-platform\build_clean\_deps\protobuf-build\third_party\abseil-cpp\absl\log\Release\absl_log_internal_message.lib
  Building Custom Rule C:/code/telemetry-platform/build_clean/_deps/protobuf-src/third_party/abseil-cpp/absl/log/CMakeLists.txt
  Building Custom Rule C:/code/telemetry-platform/build_clean/_deps/protobuf-src/third_party/abseil-cpp/absl/log/CMakeLists.txt
  check_op.cc
  die_if_null.cc
  raw_hash_set.vcxproj -> C:\code\telemetry-platform\build_clean\_deps\protobuf-build\third_party\abseil-cpp\absl\container\Release\absl_raw_hash_set.lib
  flags_internal.vcxproj -> C:\code\telemetry-platform\build_clean\_deps\protobuf-build\third_party\abseil-cpp\absl\flags\Release\absl_flags_internal.lib
  die_if_null.vcxproj -> C:\code\telemetry-platform\build_clean\_deps\protobuf-build\third_party\abseil-cpp\absl\log\Release\absl_die_if_null.lib
  cordz_info.vcxproj -> C:\code\telemetry-platform\build_clean\_deps\protobuf-build\third_party\abseil-cpp\absl\strings\Release\absl_cordz_info.lib
  log_internal_check_op.vcxproj -> C:\code\telemetry-platform\build_clean\_deps\protobuf-build\third_party\abseil-cpp\absl\log\Release\absl_log_internal_check_op.lib
  Building Custom Rule C:/code/telemetry-platform/build_clean/_deps/protobuf-src/third_party/abseil-cpp/absl/strings/CMakeLists.txt
  Building Custom Rule C:/code/telemetry-platform/build_clean/_deps/protobuf-src/third_party/abseil-cpp/absl/strings/CMakeLists.txt
  cord.cc
  cordz_sample_token.cc
  cord_analysis.cc
  cordz_sample_token.vcxproj -> C:\code\telemetry-platform\build_clean\_deps\protobuf-build\third_party\abseil-cpp\absl\strings\Release\absl_cordz_sample_token.lib
  cord_buffer.cc
  Generating Code...
  cord.vcxproj -> C:\code\telemetry-platform\build_clean\_deps\protobuf-build\third_party\abseil-cpp\absl\strings\Release\absl_cord.lib
  Building Custom Rule C:/code/telemetry-platform/build_clean/_deps/protobuf-src/third_party/abseil-cpp/absl/flags/CMakeLists.txt
  Building Custom Rule C:/code/telemetry-platform/build_clean/_deps/protobuf-src/third_party/abseil-cpp/absl/status/CMakeLists.txt
  status.cc
  reflection.cc
  status_payload_printer.cc
  flags_reflection.vcxproj -> C:\code\telemetry-platform\build_clean\_deps\protobuf-build\third_party\abseil-cpp\absl\flags\Release\absl_flags_reflection.lib
  Building Custom Rule C:/code/telemetry-platform/build_clean/_deps/protobuf-src/third_party/abseil-cpp/absl/flags/CMakeLists.txt
  flag.cc
  Generating Code...
  status.vcxproj -> C:\code\telemetry-platform\build_clean\_deps\protobuf-build\third_party\abseil-cpp\absl\status\Release\absl_status.lib
  Building Custom Rule C:/code/telemetry-platform/build_clean/_deps/protobuf-src/third_party/abseil-cpp/absl/status/CMakeLists.txt
  statusor.cc
  flags.vcxproj -> C:\code\telemetry-platform\build_clean\_deps\protobuf-build\third_party\abseil-cpp\absl\flags\Release\absl_flags.lib
  Building Custom Rule C:/code/telemetry-platform/build_clean/_deps/protobuf-src/third_party/abseil-cpp/absl/log/CMakeLists.txt
  Building Custom Rule C:/code/telemetry-platform/build_clean/_deps/protobuf-src/third_party/abseil-cpp/absl/flags/CMakeLists.txt
  usage.cc
  flags.cc
  statusor.vcxproj -> C:\code\telemetry-platform\build_clean\_deps\protobuf-build\third_party\abseil-cpp\absl\status\Release\absl_statusor.lib
  Building Custom Rule C:/code/telemetry-platform/build_clean/_deps/protobuf-src/CMakeLists.txt
  Building Custom Rule C:/code/telemetry-platform/build_clean/_deps/protobuf-src/CMakeLists.txt
  any_lite.cc
  any.pb.cc
  arena.cc
  arena_align.cc
  arenastring.cc
  arenaz_sampler.cc
  extension_set.cc
  generated_enum_util.cc
  generated_message_tctable_lite.cc
  generated_message_util.cc
  implicit_weak_message.cc
  api.pb.cc
  duration.pb.cc
  empty.pb.cc
  field_mask.pb.cc
  source_context.pb.cc
  struct.pb.cc
  timestamp.pb.cc
  type.pb.cc
  wrappers.pb.cc
  inlined_string_field.cc
  any.cc
  any_lite.cc
  coded_stream.cc
  arena.cc
  arena_align.cc
  arenastring.cc
  arenaz_sampler.cc
  importer.cc
  cpp_features.pb.cc
  descriptor.cc
  io_win32.cc
  descriptor.pb.cc
  zero_copy_stream.cc
  zero_copy_stream_impl.cc
  zero_copy_stream_impl_lite.cc
  map.cc
  descriptor_database.cc
  message_lite.cc
  log_flags.vcxproj -> C:\code\telemetry-platform\build_clean\_deps\protobuf-build\third_party\abseil-cpp\absl\log\Release\absl_log_flags.lib
  parse_context.cc
  port.cc
  raw_ptr.cc
  repeated_field.cc
  repeated_ptr_field.cc
  common.cc
  wire_format_lite.cc
  dynamic_message.cc
  extension_set.cc
  extension_set_heavy.cc
  flags_usage_internal.vcxproj -> C:\code\telemetry-platform\build_clean\_deps\protobuf-build\third_party\abseil-cpp\absl\flags\Release\absl_flags_usage_internal.lib
  feature_resolver.cc
  generated_enum_util.cc
  generated_message_bases.cc
C:\code\telemetry-platform\build_clean\_deps\protobuf-src\src\google\protobuf\generated_message_tctable_lite.cc(1401,24): warning C4141: 'inline': used more than once [C:\code\telemetry-platform\build_clean\_deps\protobuf-build\libprotobuf-lite.vcxproj]
C:\code\telemetry-platform\build_clean\_deps\protobuf-src\src\google\protobuf\generated_message_tctable_lite.cc(1418,24): warning C4141: 'inline': used more than once [C:\code\telemetry-platform\build_clean\_deps\protobuf-build\libprotobuf-lite.vcxproj]
C:\code\telemetry-platform\build_clean\_deps\protobuf-src\src\google\protobuf\generated_message_tctable_lite.cc(2550,24): warning C4141: 'inline': used more than once [C:\code\telemetry-platform\build_clean\_deps\protobuf-build\libprotobuf-lite.vcxproj]
  generated_message_reflection.cc
  generated_message_tctable_full.cc
  generated_message_tctable_gen.cc
  generated_message_tctable_lite.cc
  generated_message_util.cc
  Building Custom Rule C:/code/telemetry-platform/build_clean/_deps/protobuf-src/third_party/abseil-cpp/absl/flags/CMakeLists.txt
  implicit_weak_message.cc
  inlined_string_field.cc
  internal_message_util.cc
  coded_stream.cc
  gzip_stream.cc
  io_win32.cc
  printer.cc
  strtod.cc
  tokenizer.cc
  zero_copy_sink.cc
C:\code\telemetry-platform\build_clean\_deps\protobuf-src\src\google\protobuf\generated_message_tctable_lite.cc(1401,24): warning C4141: 'inline': used more than once [C:\code\telemetry-platform\build_clean\_deps\protobuf-build\libprotobuf.vcxproj]
C:\code\telemetry-platform\build_clean\_deps\protobuf-src\src\google\protobuf\generated_message_tctable_lite.cc(1418,24): warning C4141: 'inline': used more than once [C:\code\telemetry-platform\build_clean\_deps\protobuf-build\libprotobuf.vcxproj]
C:\code\telemetry-platform\build_clean\_deps\protobuf-src\src\google\protobuf\generated_message_tctable_lite.cc(2550,24): warning C4141: 'inline': used more than once [C:\code\telemetry-platform\build_clean\_deps\protobuf-build\libprotobuf.vcxproj]
  zero_copy_stream.cc
  zero_copy_stream_impl.cc
  usage.cc
  zero_copy_stream_impl_lite.cc
  lexer.cc
  message_path.cc
  unparser.cc
  untyped_message.cc
  writer.cc
  zero_copy_buffered_stream.cc
  json.cc
  map.cc
  map_field.cc
  message.cc
  flags_usage.vcxproj -> C:\code\telemetry-platform\build_clean\_deps\protobuf-build\third_party\abseil-cpp\absl\flags\Release\absl_flags_usage.lib
  libprotobuf-lite.vcxproj -> C:\code\telemetry-platform\build_clean\_deps\protobuf-build\Release\libprotobuf-lite.lib
  message_lite.cc
  parse_context.cc
  port.cc
  raw_ptr.cc
  reflection_mode.cc
  reflection_ops.cc
  repeated_field.cc
  repeated_ptr_field.cc
  service.cc
  common.cc
  text_format.cc
  Building Custom Rule C:/code/telemetry-platform/build_clean/_deps/protobuf-src/third_party/abseil-cpp/absl/flags/CMakeLists.txt
  unknown_field_set.cc
  delimited_message_util.cc
  field_comparator.cc
  field_mask_util.cc
  message_differencer.cc
  time_util.cc
  type_resolver_util.cc
  parse.cc
  wire_format.cc
  wire_format_lite.cc
C:\code\telemetry-platform\build_clean\_deps\protobuf-src\src\google\protobuf\text_format.cc(906,11): warning C4805: '==': unsafe mix of type 'bool' and type 'uint64_t' in operation [C:\code\telemetry-platform\build_clean\_deps\protobuf-build\libprotobuf.vcxproj]
  flags_parse.vcxproj -> C:\code\telemetry-platform\build_clean\_deps\protobuf-build\third_party\abseil-cpp\absl\flags\Release\absl_flags_parse.lib
  parser.cc
  parser.cc
  libprotobuf.vcxproj -> C:\code\telemetry-platform\build_clean\_deps\protobuf-build\Release\libprotobuf.lib
  Building Custom Rule C:/code/telemetry-platform/build_clean/_deps/protobuf-src/CMakeLists.txt
  editions.cc
  empty_package.cc
  open_enum.cc
  unused_imports.cc
  weak_imports.cc
  code_generator.cc
  command_line_interface.cc
  cord_field.cc
  padding_optimizer.cc
  parse_function_generator.cc
  tracker.cc
  csharp_doc_comment.cc
  csharp_enum.cc
  csharp_enum_field.cc
  csharp_field_base.cc
  csharp_generator.cc
  csharp_helpers.cc
  csharp_map_field.cc
  csharp_message.cc
  csharp_message_field.cc
  csharp_primitive_field.cc
  csharp_reflection_class.cc
  csharp_repeated_enum_field.cc
  csharp_repeated_message_field.cc
  csharp_repeated_primitive_field.cc
  csharp_source_generator_base.cc
  csharp_wrapper_field.cc
  doc_comment.cc
  enum_field_lite.cc
  enum_lite.cc
  extension_lite.cc
  generator_factory.cc
  java_features.pb.cc
  kotlin_generator.cc
  map_field_lite.cc
  message_builder.cc
  message_builder_lite.cc
  message_field_lite.cc
  message_lite.cc
  message_serialization.cc
  name_resolver.cc
  primitive_field_lite.cc
  shared_code_generator.cc
  string_field_lite.cc
  import_writer.cc
  line_consumer.cc
  text_format_decode_data.cc
  php_generator.cc
  plugin.cc
  plugin.pb.cc
  pyi_generator.cc
  retention.cc
  ruby_generator.cc
  accessors.cc
  singular_message.cc
  singular_scalar.cc
  singular_string.cc
  unsupported_field.cc
  naming.cc
  relative_path.cc
  subprocess.cc
  zip_writer.cc
  enum.cc
  extension.cc
  field.cc
C:\code\telemetry-platform\build_clean\_deps\protobuf-src\third_party\abseil-cpp\absl\log\internal\check_op.h(341,1): warning C4018: '>': signed/unsigned mismatch [C:\code\telemetry-platform\build_clean\_deps\protobuf-build\libprotoc.vcxproj]
  (compiling source file '../protobuf-src/src/google/protobuf/compiler/cpp/field.cc')
      C:\code\telemetry-platform\build_clean\_deps\protobuf-src\third_party\abseil-cpp\absl\log\internal\check_op.h(341,1):
      the template instantiation context (the oldest one first) is
          C:\code\telemetry-platform\build_clean\_deps\protobuf-src\src\google\protobuf\compiler\cpp\field.cc(296,3):
          see reference to function template instantiation 'std::string *absl::lts_20230802::log_internal::Check_GTImpl<unsigned int,int>(const T1 &,const T2 &,const char *)' being compiled
          with
          [
              T1=unsigned int,
              T2=int
          ]
  
  enum_field.cc
  map_field.cc
  message_field.cc
  primitive_field.cc
  string_field.cc
  file.cc
  generator.cc
  helpers.cc
  message.cc
  service.cc
  names.cc
  context.cc
  enum.cc
  enum_field.cc
  extension.cc
  field.cc
  file.cc
  generator.cc
  helpers.cc
  map_field.cc
  message.cc
  message_field.cc
  names.cc
  primitive_field.cc
  service.cc
  string_field.cc
  enum.cc
  enum_field.cc
  extension.cc
  field.cc
  file.cc
  generator.cc
  helpers.cc
  map_field.cc
  message.cc
  message_field.cc
  names.cc
C:\code\telemetry-platform\build_clean\_deps\protobuf-src\src\google\protobuf\compiler\objectivec\names.cc(950,1): warning C4715: 'google::protobuf::compiler::objectivec::`anonymous namespace'::FragmentName': not all control paths return a value [C:\code\telemetry-platform\build_clean\_deps\protobuf-build\libprotoc.vcxproj]
C:\code\telemetry-platform\build_clean\_deps\protobuf-src\src\google\protobuf\compiler\objectivec\names.cc(1079,1): warning C4715: 'google::protobuf::compiler::objectivec::`anonymous namespace'::FieldObjCTypeInternal': not all control paths return a value [C:\code\telemetry-platform\build_clean\_deps\protobuf-build\libprotoc.vcxproj]
  oneof.cc
  primitive_field.cc
  names.cc
  generator.cc
  helpers.cc
  context.cc
  generator.cc
  message.cc
  oneof.cc
  libprotoc.vcxproj -> C:\code\telemetry-platform\build_clean\_deps\protobuf-build\Release\libprotoc.lib
  Building Custom Rule C:/code/telemetry-platform/build_clean/_deps/protobuf-src/CMakeLists.txt
  main.cc
C:\code\telemetry-platform\build_clean\_deps\protobuf-src\src\google\protobuf\map.h(689,19): warning C4244: 'initializing': conversion from 'uintptr_t' to 'google::protobuf::internal::map_index_t', possible loss of data [C:\code\telemetry-platform\build_clean\_deps\protobuf-build\protoc.vcxproj]
  (compiling source file '../protobuf-src/src/google/protobuf/compiler/main.cc')
  
  protoc.vcxproj -> C:\code\telemetry-platform\build_clean\_deps\protobuf-build\Release\protoc.exe
  Running cpp protocol buffer compiler on C:/code/telemetry-platform/common/proto/telemetry.proto
  Building Custom Rule C:/code/telemetry-platform/common/CMakeLists.txt
  telemetry.pb.cc
C:\code\telemetry-platform\build_clean\_deps\protobuf-src\src\google\protobuf\map.h(689,19): warning C4244: 'initializing': conversion from 'uintptr_t' to 'google::protobuf::internal::map_index_t', possible loss of data [C:\code\telemetry-platform\build_clean\common\telemetry_proto.vcxproj]
  (compiling source file 'proto/telemetry.pb.cc')
  
  telemetry_proto.vcxproj -> C:\code\telemetry-platform\build_clean\common\Release\telemetry_proto.lib
  Building Custom Rule C:/code/telemetry-platform/common/CMakeLists.txt
  redis_client.cpp
C:\code\telemetry-platform\build_clean\common\hiredis_wrapper\hiredis\sds.h(59,10): warning C4200: nonstandard extension used: zero-sized array in struct/union [C:\code\telemetry-platform\build_clean\common\telemetry_common.vcxproj]
  (compiling source file '../../common/src/redis_client.cpp')
      C:\code\telemetry-platform\build_clean\common\hiredis_wrapper\hiredis\sds.h(59,10):
      This member will be ignored by a defaulted constructor or copy/move assignment operator
  
C:\code\telemetry-platform\build_clean\common\hiredis_wrapper\hiredis\sds.h(65,10): warning C4200: nonstandard extension used: zero-sized array in struct/union [C:\code\telemetry-platform\build_clean\common\telemetry_common.vcxproj]
  (compiling source file '../../common/src/redis_client.cpp')
      C:\code\telemetry-platform\build_clean\common\hiredis_wrapper\hiredis\sds.h(65,10):
      This member will be ignored by a defaulted constructor or copy/move assignment operator
  
C:\code\telemetry-platform\build_clean\common\hiredis_wrapper\hiredis\sds.h(71,10): warning C4200: nonstandard extension used: zero-sized array in struct/union [C:\code\telemetry-platform\build_clean\common\telemetry_common.vcxproj]
  (compiling source file '../../common/src/redis_client.cpp')
      C:\code\telemetry-platform\build_clean\common\hiredis_wrapper\hiredis\sds.h(71,10):
      This member will be ignored by a defaulted constructor or copy/move assignment operator
  
C:\code\telemetry-platform\build_clean\common\hiredis_wrapper\hiredis\sds.h(77,10): warning C4200: nonstandard extension used: zero-sized array in struct/union [C:\code\telemetry-platform\build_clean\common\telemetry_common.vcxproj]
  (compiling source file '../../common/src/redis_client.cpp')
      C:\code\telemetry-platform\build_clean\common\hiredis_wrapper\hiredis\sds.h(77,10):
      This member will be ignored by a defaulted constructor or copy/move assignment operator
  
C:\code\telemetry-platform\build_clean\common\hiredis_wrapper\hiredis\sds.h(83,10): warning C4200: nonstandard extension used: zero-sized array in struct/union [C:\code\telemetry-platform\build_clean\common\telemetry_common.vcxproj]
  (compiling source file '../../common/src/redis_client.cpp')
      C:\code\telemetry-platform\build_clean\common\hiredis_wrapper\hiredis\sds.h(83,10):
      This member will be ignored by a defaulted constructor or copy/move assignment operator
  
C:\code\telemetry-platform\common\src\redis_client.cpp(131,46): error C2672: 'std::chrono::duration_cast': no matching overloaded function found [C:\code\telemetry-platform\build_clean\common\telemetry_common.vcxproj]
      C:\Program Files\Microsoft Visual Studio\18\Enterprise\VC\Tools\MSVC\14.50.35717\include\__msvc_chrono.hpp(87,19):
      could be '_To std::chrono::duration_cast(const std::chrono::duration<_Rep,_Period> &) noexcept(<expr>)'
          C:\code\telemetry-platform\common\src\redis_client.cpp(131,46):
          '_To std::chrono::duration_cast(const std::chrono::duration<_Rep,_Period> &) noexcept(<expr>)': could not deduce template argument for 'const std::chrono::duration<_Rep,_Period> &' from '__int64'
  
  json_utils.cpp
C:\code\telemetry-platform\common\src\json_utils.cpp(13,47): warning C4101: 'e': unreferenced local variable [C:\code\telemetry-platform\build_clean\common\telemetry_common.vcxproj]
  config.cpp
C:\Program Files\Microsoft Visual Studio\18\Enterprise\VC\Tools\MSVC\14.50.35717\include\algorithm(4073,24): warning C4244: '=': conversion from 'int' to 'char', possible loss of data [C:\code\telemetry-platform\build_clean\common\telemetry_common.vcxproj]
  (compiling source file '../../common/src/config.cpp')
      C:\Program Files\Microsoft Visual Studio\18\Enterprise\VC\Tools\MSVC\14.50.35717\include\algorithm(4073,24):
      the template instantiation context (the oldest one first) is
          C:\code\telemetry-platform\common\src\config.cpp(87,10):
          see reference to function template instantiation '_OutIt std::transform<std::_String_iterator<std::_String_val<std::_Simple_types<_Elem>>>,std::_String_iterator<std::_String_val<std::_Simple_types<_Elem>>>,int(__cdecl *)(int)>(const _InIt,const _InIt,_OutIt,_Fn)' being compiled
          with
          [
              _OutIt=std::_String_iterator<std::_String_val<std::_Simple_types<char>>>,
              _Elem=char,
              _InIt=std::_String_iterator<std::_String_val<std::_Simple_types<char>>>,
              _Fn=int (__cdecl *)(int)
          ]
  
  uuid_generator.cpp
  proto_adapter.cpp
C:\code\telemetry-platform\common\include\telemetry_common\proto_adapter.h(3,10): error C1083: Cannot open include file: 'telemetry.pb.h': No such file or directory [C:\code\telemetry-platform\build_clean\common\telemetry_common.vcxproj]
  (compiling source file '../../common/src/proto_adapter.cpp')
  
  Generating Code...
